<?xml version="1.0" encoding="UTF-8"?>
<coverage generated="1596447255070" clover="3.2.0">
  <project timestamp="1596447255070" name="All files">
    <metrics statements="1343" coveredstatements="921" conditionals="470" coveredconditionals="253" methods="436" coveredmethods="354" elements="2249" coveredelements="1528" complexity="0" loc="1343" ncloc="1343" packages="35" files="59" classes="59"/>
    <package name="src">
      <metrics statements="4" coveredstatements="2" conditionals="2" coveredconditionals="1" methods="1" coveredmethods="0"/>
      <file name="main.ts" path="C:\Users\carlo\IdeaProjects\BookAdvisor_SQLServer\angularclient\src\main.ts">
        <metrics statements="4" coveredstatements="2" conditionals="2" coveredconditionals="1" methods="1" coveredmethods="0"/>
        <line num="7" count="72" type="cond" truecount="1" falsecount="1"/>
        <line num="8" count="0" type="stmt"/>
        <line num="11" count="72" type="stmt"/>
        <line num="12" count="0" type="stmt"/>
      </file>
    </package>
    <package name="src.app">
      <metrics statements="31" coveredstatements="26" conditionals="8" coveredconditionals="5" methods="11" coveredmethods="10"/>
      <file name="app-routing.module.ts" path="C:\Users\carlo\IdeaProjects\BookAdvisor_SQLServer\angularclient\src\app\app-routing.module.ts">
        <metrics statements="2" coveredstatements="2" conditionals="0" coveredconditionals="0" methods="0" coveredmethods="0"/>
        <line num="15" count="72" type="stmt"/>
        <line num="73" count="72" type="stmt"/>
      </file>
      <file name="app.component.ts" path="C:\Users\carlo\IdeaProjects\BookAdvisor_SQLServer\angularclient\src\app\app.component.ts">
        <metrics statements="28" coveredstatements="23" conditionals="8" coveredconditionals="5" methods="11" coveredmethods="10"/>
        <line num="17" count="72" type="stmt"/>
        <line num="18" count="72" type="stmt"/>
        <line num="19" count="72" type="stmt"/>
        <line num="20" count="72" type="stmt"/>
        <line num="21" count="72" type="stmt"/>
        <line num="22" count="72" type="stmt"/>
        <line num="26" count="72" type="stmt"/>
        <line num="27" count="72" type="stmt"/>
        <line num="30" count="336" type="stmt"/>
        <line num="32" count="0" type="stmt"/>
        <line num="33" count="0" type="stmt"/>
        <line num="34" count="0" type="cond" truecount="0" falsecount="2"/>
        <line num="35" count="0" type="stmt"/>
        <line num="37" count="0" type="stmt"/>
        <line num="42" count="3" type="cond" truecount="1" falsecount="1"/>
        <line num="43" count="3" type="stmt"/>
        <line num="44" count="3" type="stmt"/>
        <line num="49" count="66" type="stmt"/>
        <line num="50" count="66" type="stmt"/>
        <line num="54" count="2" type="stmt"/>
        <line num="55" count="2" type="stmt"/>
        <line num="56" count="2" type="stmt"/>
        <line num="57" count="2" type="stmt"/>
        <line num="61" count="418" type="stmt"/>
        <line num="62" count="418" type="cond" truecount="2" falsecount="0"/>
        <line num="63" count="27" type="stmt"/>
        <line num="68" count="346" type="cond" truecount="2" falsecount="0"/>
        <line num="69" count="105" type="stmt"/>
      </file>
      <file name="app.module.ts" path="C:\Users\carlo\IdeaProjects\BookAdvisor_SQLServer\angularclient\src\app\app.module.ts">
        <metrics statements="1" coveredstatements="1" conditionals="0" coveredconditionals="0" methods="0" coveredmethods="0"/>
        <line num="47" count="72" type="stmt"/>
      </file>
    </package>
    <package name="src.app.author">
      <metrics statements="1" coveredstatements="1" conditionals="0" coveredconditionals="0" methods="0" coveredmethods="0"/>
      <file name="author.module.ts" path="C:\Users\carlo\IdeaProjects\BookAdvisor_SQLServer\angularclient\src\app\author\author.module.ts">
        <metrics statements="1" coveredstatements="1" conditionals="0" coveredconditionals="0" methods="0" coveredmethods="0"/>
        <line num="35" count="72" type="stmt"/>
      </file>
    </package>
    <package name="src.app.author.author">
      <metrics statements="55" coveredstatements="42" conditionals="24" coveredconditionals="12" methods="17" coveredmethods="14"/>
      <file name="author.component.ts" path="C:\Users\carlo\IdeaProjects\BookAdvisor_SQLServer\angularclient\src\app\author\author\author.component.ts">
        <metrics statements="55" coveredstatements="42" conditionals="24" coveredconditionals="12" methods="17" coveredmethods="14"/>
        <line num="16" count="72" type="stmt"/>
        <line num="18" count="8" type="stmt"/>
        <line num="19" count="8" type="stmt"/>
        <line num="20" count="8" type="stmt"/>
        <line num="22" count="8" type="stmt"/>
        <line num="23" count="8" type="stmt"/>
        <line num="24" count="8" type="stmt"/>
        <line num="25" count="80" type="cond" truecount="2" falsecount="0"/>
        <line num="26" count="8" type="stmt"/>
        <line num="32" count="8" type="stmt"/>
        <line num="33" count="8" type="stmt"/>
        <line num="34" count="8" type="stmt"/>
        <line num="35" count="8" type="stmt"/>
        <line num="36" count="8" type="stmt"/>
        <line num="38" count="0" type="stmt"/>
        <line num="39" count="0" type="stmt"/>
        <line num="40" count="0" type="cond" truecount="0" falsecount="2"/>
        <line num="41" count="0" type="stmt"/>
        <line num="43" count="0" type="stmt"/>
        <line num="45" count="8" type="stmt"/>
        <line num="47" count="0" type="stmt"/>
        <line num="48" count="0" type="stmt"/>
        <line num="49" count="0" type="cond" truecount="0" falsecount="2"/>
        <line num="50" count="0" type="stmt"/>
        <line num="52" count="0" type="stmt"/>
        <line num="56" count="6" type="cond" truecount="1" falsecount="1"/>
        <line num="57" count="6" type="stmt"/>
        <line num="65" count="2" type="cond" truecount="1" falsecount="1"/>
        <line num="66" count="2" type="stmt"/>
        <line num="67" count="2" type="stmt"/>
        <line num="72" count="2" type="cond" truecount="1" falsecount="1"/>
        <line num="73" count="2" type="stmt"/>
        <line num="74" count="2" type="stmt"/>
        <line num="79" count="2" type="cond" truecount="1" falsecount="1"/>
        <line num="80" count="2" type="stmt"/>
        <line num="81" count="2" type="stmt"/>
        <line num="86" count="0" type="stmt"/>
        <line num="87" count="0" type="stmt"/>
        <line num="91" count="2" type="cond" truecount="1" falsecount="1"/>
        <line num="92" count="2" type="stmt"/>
        <line num="93" count="2" type="stmt"/>
        <line num="94" count="2" type="stmt"/>
        <line num="95" count="2" type="stmt"/>
        <line num="96" count="2" type="stmt"/>
        <line num="101" count="8" type="cond" truecount="1" falsecount="1"/>
        <line num="102" count="8" type="stmt"/>
        <line num="103" count="8" type="stmt"/>
        <line num="105" count="2" type="stmt"/>
        <line num="106" count="2" type="stmt"/>
        <line num="107" count="2" type="stmt"/>
        <line num="108" count="2" type="cond" truecount="1" falsecount="1"/>
        <line num="109" count="0" type="stmt"/>
        <line num="111" count="2" type="cond" truecount="1" falsecount="1"/>
        <line num="113" count="8" type="cond" truecount="2" falsecount="0"/>
        <line num="114" count="6" type="stmt"/>
      </file>
    </package>
    <package name="src.app.author.author-form">
      <metrics statements="49" coveredstatements="26" conditionals="18" coveredconditionals="9" methods="14" coveredmethods="11"/>
      <file name="author-form.component.ts" path="C:\Users\carlo\IdeaProjects\BookAdvisor_SQLServer\angularclient\src\app\author\author-form\author-form.component.ts">
        <metrics statements="49" coveredstatements="26" conditionals="18" coveredconditionals="9" methods="14" coveredmethods="11"/>
        <line num="16" count="72" type="stmt"/>
        <line num="17" count="10" type="stmt"/>
        <line num="18" count="10" type="stmt"/>
        <line num="24" count="72" type="stmt"/>
        <line num="25" count="72" type="stmt"/>
        <line num="26" count="72" type="stmt"/>
        <line num="27" count="72" type="stmt"/>
        <line num="28" count="10" type="stmt"/>
        <line num="35" count="10" type="cond" truecount="1" falsecount="1"/>
        <line num="36" count="10" type="stmt"/>
        <line num="37" count="10" type="stmt"/>
        <line num="38" count="10" type="stmt"/>
        <line num="39" count="0" type="stmt"/>
        <line num="40" count="0" type="stmt"/>
        <line num="41" count="0" type="stmt"/>
        <line num="42" count="0" type="stmt"/>
        <line num="44" count="0" type="stmt"/>
        <line num="45" count="0" type="stmt"/>
        <line num="46" count="0" type="stmt"/>
        <line num="48" count="10" type="cond" truecount="1" falsecount="1"/>
        <line num="49" count="10" type="stmt"/>
        <line num="50" count="10" type="stmt"/>
        <line num="51" count="10" type="cond" truecount="2" falsecount="0"/>
        <line num="52" count="2" type="stmt"/>
        <line num="54" count="8" type="cond" truecount="1" falsecount="1"/>
        <line num="55" count="8" type="stmt"/>
        <line num="61" count="0" type="stmt"/>
        <line num="62" count="0" type="stmt"/>
        <line num="63" count="0" type="cond" truecount="0" falsecount="2"/>
        <line num="64" count="0" type="stmt"/>
        <line num="66" count="0" type="stmt"/>
        <line num="69" count="10" type="stmt"/>
        <line num="71" count="0" type="stmt"/>
        <line num="75" count="2" type="stmt"/>
        <line num="77" count="0" type="stmt"/>
        <line num="78" count="0" type="stmt"/>
        <line num="79" count="0" type="cond" truecount="0" falsecount="2"/>
        <line num="80" count="0" type="stmt"/>
        <line num="82" count="0" type="stmt"/>
        <line num="86" count="8" type="stmt"/>
        <line num="88" count="0" type="stmt"/>
        <line num="89" count="0" type="stmt"/>
        <line num="90" count="0" type="cond" truecount="0" falsecount="2"/>
        <line num="91" count="0" type="stmt"/>
        <line num="93" count="0" type="stmt"/>
        <line num="98" count="3600" type="stmt"/>
        <line num="99" count="3600" type="cond" truecount="2" falsecount="0"/>
        <line num="103" count="10800" type="stmt"/>
        <line num="104" count="10800" type="cond" truecount="2" falsecount="0"/>
      </file>
    </package>
    <package name="src.app.author.author-list">
      <metrics statements="30" coveredstatements="21" conditionals="12" coveredconditionals="7" methods="12" coveredmethods="9"/>
      <file name="author-list.component.ts" path="C:\Users\carlo\IdeaProjects\BookAdvisor_SQLServer\angularclient\src\app\author\author-list\author-list.component.ts">
        <metrics statements="30" coveredstatements="21" conditionals="12" coveredconditionals="7" methods="12" coveredmethods="9"/>
        <line num="13" count="72" type="stmt"/>
        <line num="14" count="20" type="stmt"/>
        <line num="15" count="20" type="stmt"/>
        <line num="16" count="20" type="stmt"/>
        <line num="17" count="20" type="stmt"/>
        <line num="21" count="42" type="stmt"/>
        <line num="23" count="0" type="stmt"/>
        <line num="24" count="0" type="stmt"/>
        <line num="25" count="0" type="cond" truecount="0" falsecount="2"/>
        <line num="26" count="0" type="stmt"/>
        <line num="28" count="0" type="stmt"/>
        <line num="33" count="6" type="cond" truecount="1" falsecount="1"/>
        <line num="34" count="6" type="stmt"/>
        <line num="35" count="6" type="stmt"/>
        <line num="37" count="2" type="stmt"/>
        <line num="38" count="2" type="stmt"/>
        <line num="39" count="2" type="stmt"/>
        <line num="40" count="2" type="cond" truecount="1" falsecount="1"/>
        <line num="41" count="0" type="stmt"/>
        <line num="43" count="2" type="cond" truecount="1" falsecount="1"/>
        <line num="45" count="6" type="cond" truecount="2" falsecount="0"/>
        <line num="46" count="4" type="stmt"/>
        <line num="47" count="12" type="cond" truecount="2" falsecount="0"/>
        <line num="48" count="4" type="stmt"/>
        <line num="54" count="0" type="stmt"/>
        <line num="59" count="8" type="stmt"/>
        <line num="63" count="8" type="stmt"/>
        <line num="64" count="8" type="stmt"/>
        <line num="68" count="0" type="stmt"/>
        <line num="72" count="0" type="stmt"/>
      </file>
    </package>
    <package name="src.app.author.author-update">
      <metrics statements="38" coveredstatements="24" conditionals="12" coveredconditionals="7" methods="8" coveredmethods="7"/>
      <file name="author-update.component.ts" path="C:\Users\carlo\IdeaProjects\BookAdvisor_SQLServer\angularclient\src\app\author\author-update\author-update.component.ts">
        <metrics statements="38" coveredstatements="24" conditionals="12" coveredconditionals="7" methods="8" coveredmethods="7"/>
        <line num="17" count="72" type="stmt"/>
        <line num="18" count="72" type="stmt"/>
        <line num="19" count="72" type="stmt"/>
        <line num="20" count="2" type="stmt"/>
        <line num="21" count="2" type="stmt"/>
        <line num="27" count="2" type="stmt"/>
        <line num="31" count="2" type="cond" truecount="1" falsecount="1"/>
        <line num="32" count="2" type="stmt"/>
        <line num="33" count="2" type="stmt"/>
        <line num="34" count="2" type="stmt"/>
        <line num="35" count="2" type="stmt"/>
        <line num="37" count="0" type="stmt"/>
        <line num="41" count="2" type="cond" truecount="1" falsecount="1"/>
        <line num="42" count="2" type="stmt"/>
        <line num="43" count="2" type="stmt"/>
        <line num="44" count="2" type="stmt"/>
        <line num="45" count="0" type="stmt"/>
        <line num="46" count="0" type="stmt"/>
        <line num="47" count="0" type="stmt"/>
        <line num="48" count="0" type="stmt"/>
        <line num="50" count="0" type="stmt"/>
        <line num="51" count="0" type="stmt"/>
        <line num="52" count="0" type="stmt"/>
        <line num="54" count="2" type="cond" truecount="1" falsecount="1"/>
        <line num="55" count="2" type="stmt"/>
        <line num="56" count="2" type="stmt"/>
        <line num="57" count="2" type="stmt"/>
        <line num="62" count="0" type="stmt"/>
        <line num="63" count="0" type="stmt"/>
        <line num="64" count="0" type="cond" truecount="0" falsecount="2"/>
        <line num="65" count="0" type="stmt"/>
        <line num="67" count="0" type="stmt"/>
        <line num="69" count="2" type="stmt"/>
        <line num="71" count="0" type="stmt"/>
        <line num="75" count="320" type="stmt"/>
        <line num="76" count="320" type="cond" truecount="2" falsecount="0"/>
        <line num="80" count="880" type="stmt"/>
        <line num="81" count="880" type="cond" truecount="2" falsecount="0"/>
      </file>
    </package>
    <package name="src.app.book">
      <metrics statements="1" coveredstatements="1" conditionals="0" coveredconditionals="0" methods="0" coveredmethods="0"/>
      <file name="book.module.ts" path="C:\Users\carlo\IdeaProjects\BookAdvisor_SQLServer\angularclient\src\app\book\book.module.ts">
        <metrics statements="1" coveredstatements="1" conditionals="0" coveredconditionals="0" methods="0" coveredmethods="0"/>
        <line num="49" count="72" type="stmt"/>
      </file>
    </package>
    <package name="src.app.book.book-form">
      <metrics statements="60" coveredstatements="41" conditionals="14" coveredconditionals="9" methods="19" coveredmethods="17"/>
      <file name="book-form.component.ts" path="C:\Users\carlo\IdeaProjects\BookAdvisor_SQLServer\angularclient\src\app\book\book-form\book-form.component.ts">
        <metrics statements="60" coveredstatements="41" conditionals="14" coveredconditionals="9" methods="19" coveredmethods="17"/>
        <line num="17" count="72" type="stmt"/>
        <line num="19" count="72" type="stmt"/>
        <line num="20" count="27" type="stmt"/>
        <line num="31" count="27" type="stmt"/>
        <line num="32" count="27" type="stmt"/>
        <line num="33" count="27" type="stmt"/>
        <line num="34" count="27" type="stmt"/>
        <line num="37" count="27" type="stmt"/>
        <line num="40" count="27" type="cond" truecount="2" falsecount="0"/>
        <line num="41" count="2" type="stmt"/>
        <line num="44" count="25" type="stmt"/>
        <line num="45" count="121" type="stmt"/>
        <line num="46" count="50" type="stmt"/>
        <line num="52" count="25" type="cond" truecount="1" falsecount="1"/>
        <line num="53" count="25" type="stmt"/>
        <line num="54" count="25" type="stmt"/>
        <line num="55" count="25" type="stmt"/>
        <line num="56" count="25" type="stmt"/>
        <line num="57" count="0" type="stmt"/>
        <line num="58" count="0" type="stmt"/>
        <line num="59" count="0" type="stmt"/>
        <line num="60" count="0" type="stmt"/>
        <line num="62" count="0" type="stmt"/>
        <line num="63" count="0" type="stmt"/>
        <line num="64" count="0" type="stmt"/>
        <line num="66" count="25" type="cond" truecount="1" falsecount="1"/>
        <line num="67" count="25" type="stmt"/>
        <line num="68" count="25" type="stmt"/>
        <line num="69" count="25" type="stmt"/>
        <line num="74" count="0" type="stmt"/>
        <line num="75" count="0" type="stmt"/>
        <line num="76" count="0" type="cond" truecount="0" falsecount="2"/>
        <line num="77" count="0" type="stmt"/>
        <line num="79" count="0" type="stmt"/>
        <line num="81" count="25" type="stmt"/>
        <line num="84" count="0" type="stmt"/>
        <line num="89" count="25" type="stmt"/>
        <line num="93" count="29994" type="stmt"/>
        <line num="94" count="29994" type="cond" truecount="2" falsecount="0"/>
        <line num="98" count="59514" type="stmt"/>
        <line num="99" count="59514" type="cond" truecount="2" falsecount="0"/>
        <line num="103" count="25" type="stmt"/>
        <line num="104" count="25" type="stmt"/>
        <line num="105" count="25" type="cond" truecount="1" falsecount="1"/>
        <line num="106" count="25" type="stmt"/>
        <line num="107" count="25" type="stmt"/>
        <line num="111" count="0" type="stmt"/>
        <line num="112" count="0" type="stmt"/>
        <line num="113" count="0" type="stmt"/>
        <line num="114" count="0" type="stmt"/>
        <line num="118" count="2" type="stmt"/>
        <line num="121" count="2" type="stmt"/>
        <line num="124" count="2" type="stmt"/>
        <line num="125" count="2" type="stmt"/>
        <line num="126" count="2" type="stmt"/>
        <line num="129" count="2" type="stmt"/>
        <line num="130" count="2" type="stmt"/>
        <line num="131" count="2" type="stmt"/>
        <line num="135" count="0" type="stmt"/>
        <line num="136" count="0" type="stmt"/>
      </file>
    </package>
    <package name="src.app.book.genre-form">
      <metrics statements="33" coveredstatements="20" conditionals="10" coveredconditionals="6" methods="8" coveredmethods="7"/>
      <file name="genre-form.component.ts" path="C:\Users\carlo\IdeaProjects\BookAdvisor_SQLServer\angularclient\src\app\book\genre-form\genre-form.component.ts">
        <metrics statements="33" coveredstatements="20" conditionals="10" coveredconditionals="6" methods="8" coveredmethods="7"/>
        <line num="14" count="72" type="stmt"/>
        <line num="15" count="72" type="stmt"/>
        <line num="16" count="72" type="stmt"/>
        <line num="17" count="2" type="stmt"/>
        <line num="18" count="2" type="stmt"/>
        <line num="21" count="2" type="stmt"/>
        <line num="28" count="2" type="cond" truecount="1" falsecount="1"/>
        <line num="29" count="2" type="stmt"/>
        <line num="30" count="2" type="stmt"/>
        <line num="31" count="2" type="stmt"/>
        <line num="32" count="2" type="stmt"/>
        <line num="33" count="0" type="stmt"/>
        <line num="34" count="0" type="stmt"/>
        <line num="35" count="0" type="stmt"/>
        <line num="36" count="0" type="stmt"/>
        <line num="38" count="0" type="stmt"/>
        <line num="39" count="0" type="stmt"/>
        <line num="40" count="0" type="stmt"/>
        <line num="42" count="2" type="cond" truecount="1" falsecount="1"/>
        <line num="43" count="2" type="stmt"/>
        <line num="44" count="2" type="stmt"/>
        <line num="45" count="2" type="stmt"/>
        <line num="49" count="0" type="stmt"/>
        <line num="50" count="0" type="stmt"/>
        <line num="51" count="0" type="cond" truecount="0" falsecount="2"/>
        <line num="52" count="0" type="stmt"/>
        <line num="54" count="0" type="stmt"/>
        <line num="58" count="0" type="stmt"/>
        <line num="60" count="2" type="stmt"/>
        <line num="64" count="96" type="stmt"/>
        <line num="65" count="96" type="cond" truecount="2" falsecount="0"/>
        <line num="69" count="384" type="stmt"/>
        <line num="70" count="384" type="cond" truecount="2" falsecount="0"/>
      </file>
    </package>
    <package name="src.app.book.libri-list">
      <metrics statements="41" coveredstatements="31" conditionals="15" coveredconditionals="9" methods="17" coveredmethods="15"/>
      <file name="libri-list.component.ts" path="C:\Users\carlo\IdeaProjects\BookAdvisor_SQLServer\angularclient\src\app\book\libri-list\libri-list.component.ts">
        <metrics statements="41" coveredstatements="31" conditionals="15" coveredconditionals="9" methods="17" coveredmethods="15"/>
        <line num="13" count="72" type="stmt"/>
        <line num="14" count="69" type="stmt"/>
        <line num="19" count="69" type="stmt"/>
        <line num="20" count="69" type="stmt"/>
        <line num="21" count="69" type="stmt"/>
        <line num="22" count="790" type="cond" truecount="2" falsecount="0"/>
        <line num="23" count="69" type="stmt"/>
        <line num="29" count="69" type="stmt"/>
        <line num="30" count="69" type="stmt"/>
        <line num="31" count="69" type="stmt"/>
        <line num="32" count="69" type="stmt"/>
        <line num="33" count="69" type="stmt"/>
        <line num="35" count="146" type="stmt"/>
        <line num="36" count="40" type="stmt"/>
        <line num="37" count="40" type="stmt"/>
        <line num="40" count="2" type="stmt"/>
        <line num="41" count="6" type="stmt"/>
        <line num="42" count="2" type="stmt"/>
        <line num="43" count="2" type="stmt"/>
        <line num="46" count="27" type="stmt"/>
        <line num="47" count="27" type="stmt"/>
        <line num="48" count="27" type="stmt"/>
        <line num="49" count="27" type="stmt"/>
        <line num="53" count="69" type="stmt"/>
        <line num="55" count="0" type="stmt"/>
        <line num="56" count="0" type="stmt"/>
        <line num="57" count="0" type="cond" truecount="0" falsecount="2"/>
        <line num="58" count="0" type="stmt"/>
        <line num="60" count="0" type="stmt"/>
        <line num="68" count="47" type="cond" truecount="1" falsecount="1"/>
        <line num="69" count="47" type="stmt"/>
        <line num="74" count="22" type="cond" truecount="1" falsecount="1"/>
        <line num="75" count="22" type="stmt"/>
        <line num="77" count="0" type="stmt"/>
        <line num="78" count="0" type="stmt"/>
        <line num="79" count="0" type="cond" truecount="0" falsecount="2"/>
        <line num="80" count="0" type="stmt"/>
        <line num="82" count="0" type="stmt"/>
        <line num="84" count="22" type="stmt"/>
        <line num="85" count="86" type="cond" truecount="2" falsecount="0"/>
        <line num="86" count="22" type="stmt"/>
      </file>
    </package>
    <package name="src.app.book.libro">
      <metrics statements="94" coveredstatements="65" conditionals="32" coveredconditionals="14" methods="27" coveredmethods="20"/>
      <file name="libro.component.ts" path="C:\Users\carlo\IdeaProjects\BookAdvisor_SQLServer\angularclient\src\app\book\libro\libro.component.ts">
        <metrics statements="94" coveredstatements="65" conditionals="32" coveredconditionals="14" methods="27" coveredmethods="20"/>
        <line num="17" count="72" type="stmt"/>
        <line num="19" count="29" type="stmt"/>
        <line num="20" count="29" type="stmt"/>
        <line num="21" count="29" type="stmt"/>
        <line num="22" count="29" type="stmt"/>
        <line num="23" count="29" type="stmt"/>
        <line num="25" count="29" type="stmt"/>
        <line num="27" count="29" type="stmt"/>
        <line num="28" count="29" type="stmt"/>
        <line num="29" count="29" type="stmt"/>
        <line num="30" count="340" type="cond" truecount="2" falsecount="0"/>
        <line num="31" count="29" type="stmt"/>
        <line num="37" count="29" type="stmt"/>
        <line num="38" count="29" type="stmt"/>
        <line num="39" count="29" type="stmt"/>
        <line num="40" count="29" type="stmt"/>
        <line num="41" count="29" type="stmt"/>
        <line num="42" count="29" type="stmt"/>
        <line num="44" count="0" type="stmt"/>
        <line num="45" count="0" type="stmt"/>
        <line num="46" count="0" type="cond" truecount="0" falsecount="2"/>
        <line num="47" count="0" type="stmt"/>
        <line num="49" count="0" type="stmt"/>
        <line num="51" count="29" type="cond" truecount="2" falsecount="0"/>
        <line num="52" count="27" type="stmt"/>
        <line num="54" count="0" type="stmt"/>
        <line num="55" count="0" type="stmt"/>
        <line num="56" count="0" type="cond" truecount="0" falsecount="2"/>
        <line num="57" count="0" type="stmt"/>
        <line num="59" count="0" type="stmt"/>
        <line num="62" count="29" type="stmt"/>
        <line num="66" count="29" type="stmt"/>
        <line num="67" count="29" type="stmt"/>
        <line num="74" count="26" type="cond" truecount="1" falsecount="1"/>
        <line num="75" count="26" type="stmt"/>
        <line num="80" count="2" type="cond" truecount="1" falsecount="1"/>
        <line num="81" count="2" type="stmt"/>
        <line num="82" count="2" type="stmt"/>
        <line num="88" count="2" type="cond" truecount="1" falsecount="1"/>
        <line num="89" count="2" type="stmt"/>
        <line num="90" count="2" type="stmt"/>
        <line num="91" count="2" type="stmt"/>
        <line num="96" count="2" type="cond" truecount="1" falsecount="1"/>
        <line num="97" count="2" type="stmt"/>
        <line num="98" count="2" type="stmt"/>
        <line num="99" count="2" type="stmt"/>
        <line num="104" count="0" type="stmt"/>
        <line num="105" count="0" type="stmt"/>
        <line num="106" count="0" type="stmt"/>
        <line num="111" count="2" type="cond" truecount="1" falsecount="1"/>
        <line num="112" count="2" type="stmt"/>
        <line num="113" count="2" type="stmt"/>
        <line num="114" count="2" type="stmt"/>
        <line num="115" count="2" type="stmt"/>
        <line num="116" count="2" type="stmt"/>
        <line num="117" count="2" type="stmt"/>
        <line num="118" count="2" type="stmt"/>
        <line num="119" count="2" type="stmt"/>
        <line num="120" count="2" type="stmt"/>
        <line num="121" count="2" type="stmt"/>
        <line num="124" count="0" type="stmt"/>
        <line num="129" count="4" type="cond" truecount="1" falsecount="1"/>
        <line num="130" count="4" type="stmt"/>
        <line num="132" count="0" type="stmt"/>
        <line num="133" count="0" type="stmt"/>
        <line num="134" count="0" type="cond" truecount="0" falsecount="2"/>
        <line num="135" count="0" type="stmt"/>
        <line num="137" count="0" type="stmt"/>
        <line num="139" count="4" type="stmt"/>
        <line num="144" count="5" type="cond" truecount="1" falsecount="1"/>
        <line num="145" count="5" type="stmt"/>
        <line num="150" count="12" type="cond" truecount="1" falsecount="1"/>
        <line num="151" count="12" type="stmt"/>
        <line num="152" count="12" type="cond" truecount="2" falsecount="0"/>
        <line num="153" count="2" type="stmt"/>
        <line num="154" count="2" type="stmt"/>
        <line num="157" count="0" type="stmt"/>
        <line num="158" count="0" type="stmt"/>
        <line num="159" count="0" type="cond" truecount="0" falsecount="2"/>
        <line num="160" count="0" type="stmt"/>
        <line num="162" count="0" type="stmt"/>
        <line num="165" count="10" type="stmt"/>
        <line num="166" count="10" type="stmt"/>
        <line num="169" count="0" type="stmt"/>
        <line num="170" count="0" type="stmt"/>
        <line num="171" count="0" type="cond" truecount="0" falsecount="2"/>
        <line num="172" count="0" type="stmt"/>
        <line num="174" count="0" type="stmt"/>
        <line num="182" count="5" type="stmt"/>
        <line num="183" count="5" type="stmt"/>
        <line num="184" count="5" type="stmt"/>
        <line num="185" count="5" type="stmt"/>
        <line num="186" count="5" type="stmt"/>
        <line num="189" count="5" type="stmt"/>
      </file>
    </package>
    <package name="src.app.book.prize-form">
      <metrics statements="37" coveredstatements="19" conditionals="12" coveredconditionals="6" methods="11" coveredmethods="9"/>
      <file name="prize-form.component.ts" path="C:\Users\carlo\IdeaProjects\BookAdvisor_SQLServer\angularclient\src\app\book\prize-form\prize-form.component.ts">
        <metrics statements="37" coveredstatements="19" conditionals="12" coveredconditionals="6" methods="11" coveredmethods="9"/>
        <line num="15" count="72" type="stmt"/>
        <line num="16" count="72" type="stmt"/>
        <line num="17" count="72" type="stmt"/>
        <line num="18" count="72" type="stmt"/>
        <line num="20" count="2" type="stmt"/>
        <line num="23" count="2" type="stmt"/>
        <line num="24" count="2" type="stmt"/>
        <line num="31" count="2" type="cond" truecount="1" falsecount="1"/>
        <line num="32" count="2" type="stmt"/>
        <line num="33" count="2" type="stmt"/>
        <line num="34" count="2" type="stmt"/>
        <line num="35" count="0" type="stmt"/>
        <line num="36" count="0" type="stmt"/>
        <line num="37" count="0" type="stmt"/>
        <line num="38" count="0" type="stmt"/>
        <line num="40" count="0" type="stmt"/>
        <line num="41" count="0" type="stmt"/>
        <line num="42" count="0" type="stmt"/>
        <line num="44" count="2" type="cond" truecount="1" falsecount="1"/>
        <line num="45" count="2" type="stmt"/>
        <line num="46" count="2" type="stmt"/>
        <line num="51" count="0" type="stmt"/>
        <line num="52" count="0" type="stmt"/>
        <line num="53" count="0" type="cond" truecount="0" falsecount="2"/>
        <line num="54" count="0" type="stmt"/>
        <line num="56" count="0" type="stmt"/>
        <line num="59" count="0" type="stmt"/>
        <line num="64" count="2" type="stmt"/>
        <line num="66" count="0" type="stmt"/>
        <line num="67" count="0" type="stmt"/>
        <line num="68" count="0" type="cond" truecount="0" falsecount="2"/>
        <line num="69" count="0" type="stmt"/>
        <line num="71" count="0" type="stmt"/>
        <line num="76" count="296" type="stmt"/>
        <line num="77" count="296" type="cond" truecount="2" falsecount="0"/>
        <line num="81" count="1036" type="stmt"/>
        <line num="82" count="1036" type="cond" truecount="2" falsecount="0"/>
      </file>
    </package>
    <package name="src.app.book.prize-list">
      <metrics statements="27" coveredstatements="15" conditionals="10" coveredconditionals="3" methods="11" coveredmethods="8"/>
      <file name="prize-list.component.ts" path="C:\Users\carlo\IdeaProjects\BookAdvisor_SQLServer\angularclient\src\app\book\prize-list\prize-list.component.ts">
        <metrics statements="27" coveredstatements="15" conditionals="10" coveredconditionals="3" methods="11" coveredmethods="8"/>
        <line num="12" count="72" type="stmt"/>
        <line num="13" count="65" type="stmt"/>
        <line num="14" count="72" type="stmt"/>
        <line num="15" count="65" type="stmt"/>
        <line num="16" count="65" type="stmt"/>
        <line num="19" count="65" type="stmt"/>
        <line num="21" count="0" type="stmt"/>
        <line num="22" count="0" type="stmt"/>
        <line num="23" count="0" type="cond" truecount="0" falsecount="2"/>
        <line num="24" count="0" type="stmt"/>
        <line num="26" count="0" type="stmt"/>
        <line num="31" count="2" type="cond" truecount="1" falsecount="1"/>
        <line num="32" count="2" type="stmt"/>
        <line num="34" count="0" type="stmt"/>
        <line num="38" count="2" type="stmt"/>
        <line num="39" count="2" type="stmt"/>
        <line num="43" count="2" type="cond" truecount="1" falsecount="1"/>
        <line num="44" count="2" type="stmt"/>
        <line num="45" count="2" type="stmt"/>
        <line num="46" count="2" type="cond" truecount="1" falsecount="1"/>
        <line num="47" count="2" type="stmt"/>
        <line num="52" count="0" type="stmt"/>
        <line num="53" count="0" type="stmt"/>
        <line num="54" count="0" type="cond" truecount="0" falsecount="2"/>
        <line num="55" count="0" type="stmt"/>
        <line num="57" count="0" type="stmt"/>
        <line num="60" count="0" type="stmt"/>
      </file>
    </package>
    <package name="src.app.book.update-libro">
      <metrics statements="92" coveredstatements="48" conditionals="26" coveredconditionals="13" methods="23" coveredmethods="14"/>
      <file name="update-libro.component.ts" path="C:\Users\carlo\IdeaProjects\BookAdvisor_SQLServer\angularclient\src\app\book\update-libro\update-libro.component.ts">
        <metrics statements="92" coveredstatements="48" conditionals="26" coveredconditionals="13" methods="23" coveredmethods="14"/>
        <line num="19" count="72" type="stmt"/>
        <line num="20" count="72" type="stmt"/>
        <line num="21" count="72" type="stmt"/>
        <line num="23" count="2" type="stmt"/>
        <line num="24" count="2" type="stmt"/>
        <line num="25" count="2" type="stmt"/>
        <line num="26" count="2" type="stmt"/>
        <line num="27" count="2" type="stmt"/>
        <line num="28" count="2" type="stmt"/>
        <line num="41" count="2" type="stmt"/>
        <line num="44" count="2" type="cond" truecount="1" falsecount="1"/>
        <line num="45" count="10" type="stmt"/>
        <line num="47" count="0" type="stmt"/>
        <line num="48" count="0" type="stmt"/>
        <line num="49" count="0" type="cond" truecount="0" falsecount="2"/>
        <line num="50" count="0" type="stmt"/>
        <line num="52" count="0" type="stmt"/>
        <line num="54" count="4" type="stmt"/>
        <line num="56" count="0" type="stmt"/>
        <line num="57" count="0" type="stmt"/>
        <line num="58" count="0" type="cond" truecount="0" falsecount="2"/>
        <line num="59" count="0" type="stmt"/>
        <line num="61" count="0" type="stmt"/>
        <line num="63" count="2" type="stmt"/>
        <line num="64" count="2" type="stmt"/>
        <line num="65" count="2" type="stmt"/>
        <line num="66" count="2" type="stmt"/>
        <line num="67" count="4" type="cond" truecount="4" falsecount="0"/>
        <line num="68" count="2" type="stmt"/>
        <line num="71" count="2" type="stmt"/>
        <line num="72" count="2" type="stmt"/>
        <line num="73" count="2" type="stmt"/>
        <line num="74" count="2" type="stmt"/>
        <line num="75" count="2" type="stmt"/>
        <line num="76" count="2" type="stmt"/>
        <line num="77" count="2" type="stmt"/>
        <line num="78" count="2" type="stmt"/>
        <line num="79" count="2" type="cond" truecount="1" falsecount="1"/>
        <line num="80" count="2" type="stmt"/>
        <line num="81" count="2" type="stmt"/>
        <line num="82" count="2" type="stmt"/>
        <line num="83" count="2" type="stmt"/>
        <line num="86" count="2" type="cond" truecount="1" falsecount="1"/>
        <line num="87" count="0" type="stmt"/>
        <line num="91" count="0" type="stmt"/>
        <line num="96" count="2" type="cond" truecount="1" falsecount="1"/>
        <line num="97" count="2" type="stmt"/>
        <line num="98" count="2" type="stmt"/>
        <line num="99" count="2" type="stmt"/>
        <line num="100" count="2" type="stmt"/>
        <line num="101" count="2" type="stmt"/>
        <line num="102" count="0" type="stmt"/>
        <line num="103" count="0" type="stmt"/>
        <line num="104" count="0" type="stmt"/>
        <line num="105" count="0" type="stmt"/>
        <line num="107" count="0" type="stmt"/>
        <line num="108" count="0" type="stmt"/>
        <line num="109" count="0" type="stmt"/>
        <line num="111" count="2" type="cond" truecount="1" falsecount="1"/>
        <line num="112" count="2" type="stmt"/>
        <line num="113" count="2" type="stmt"/>
        <line num="114" count="2" type="stmt"/>
        <line num="119" count="0" type="stmt"/>
        <line num="120" count="0" type="stmt"/>
        <line num="121" count="0" type="cond" truecount="0" falsecount="2"/>
        <line num="122" count="0" type="stmt"/>
        <line num="124" count="0" type="stmt"/>
        <line num="126" count="2" type="stmt"/>
        <line num="129" count="0" type="stmt"/>
        <line num="130" count="0" type="stmt"/>
        <line num="131" count="0" type="stmt"/>
        <line num="137" count="1288" type="stmt"/>
        <line num="138" count="1288" type="cond" truecount="2" falsecount="0"/>
        <line num="142" count="2504" type="stmt"/>
        <line num="143" count="2504" type="cond" truecount="2" falsecount="0"/>
        <line num="147" count="0" type="stmt"/>
        <line num="148" count="0" type="stmt"/>
        <line num="149" count="0" type="cond" truecount="0" falsecount="2"/>
        <line num="150" count="0" type="stmt"/>
        <line num="151" count="0" type="stmt"/>
        <line num="155" count="0" type="stmt"/>
        <line num="156" count="0" type="stmt"/>
        <line num="157" count="0" type="stmt"/>
        <line num="158" count="0" type="stmt"/>
        <line num="163" count="0" type="stmt"/>
        <line num="166" count="0" type="stmt"/>
        <line num="169" count="0" type="stmt"/>
        <line num="170" count="0" type="stmt"/>
        <line num="173" count="0" type="stmt"/>
        <line num="174" count="0" type="stmt"/>
        <line num="178" count="0" type="stmt"/>
        <line num="179" count="0" type="stmt"/>
      </file>
    </package>
    <package name="src.app.core">
      <metrics statements="1" coveredstatements="1" conditionals="0" coveredconditionals="0" methods="0" coveredmethods="0"/>
      <file name="core.module.ts" path="C:\Users\carlo\IdeaProjects\BookAdvisor_SQLServer\angularclient\src\app\core\core.module.ts">
        <metrics statements="1" coveredstatements="1" conditionals="0" coveredconditionals="0" methods="0" coveredmethods="0"/>
        <line num="12" count="72" type="stmt"/>
      </file>
    </package>
    <package name="src.app.core.asyncValidators">
      <metrics statements="88" coveredstatements="75" conditionals="36" coveredconditionals="29" methods="36" coveredmethods="30"/>
      <file name="author-validator.service.ts" path="C:\Users\carlo\IdeaProjects\BookAdvisor_SQLServer\angularclient\src\app\core\asyncValidators\author-validator.service.ts">
        <metrics statements="15" coveredstatements="12" conditionals="6" coveredconditionals="4" methods="6" coveredmethods="5"/>
        <line num="8" count="72" type="stmt"/>
        <line num="10" count="10" type="stmt"/>
        <line num="12" count="10" type="stmt"/>
        <line num="15" count="100" type="stmt"/>
        <line num="16" count="100" type="stmt"/>
        <line num="18" count="100" type="cond" truecount="3" falsecount="1"/>
        <line num="19" count="0" type="stmt"/>
        <line num="21" count="100" type="stmt"/>
        <line num="22" count="100" type="stmt"/>
        <line num="23" count="10" type="stmt"/>
        <line num="24" count="10" type="stmt"/>
        <line num="25" count="10" type="cond" truecount="1" falsecount="1"/>
        <line num="26" count="0" type="stmt"/>
        <line num="29" count="10" type="stmt"/>
        <line num="32" count="0" type="stmt"/>
      </file>
      <file name="book-validator.service.ts" path="C:\Users\carlo\IdeaProjects\BookAdvisor_SQLServer\angularclient\src\app\core\asyncValidators\book-validator.service.ts">
        <metrics statements="15" coveredstatements="13" conditionals="6" coveredconditionals="5" methods="6" coveredmethods="5"/>
        <line num="8" count="72" type="stmt"/>
        <line num="10" count="27" type="stmt"/>
        <line num="12" count="27" type="stmt"/>
        <line num="15" count="304" type="stmt"/>
        <line num="16" count="304" type="stmt"/>
        <line num="19" count="304" type="cond" truecount="4" falsecount="0"/>
        <line num="20" count="25" type="stmt"/>
        <line num="23" count="279" type="stmt"/>
        <line num="24" count="279" type="stmt"/>
        <line num="25" count="27" type="stmt"/>
        <line num="26" count="27" type="stmt"/>
        <line num="27" count="27" type="cond" truecount="1" falsecount="1"/>
        <line num="28" count="0" type="stmt"/>
        <line num="31" count="27" type="stmt"/>
        <line num="34" count="0" type="stmt"/>
      </file>
      <file name="genre-validator.service.ts" path="C:\Users\carlo\IdeaProjects\BookAdvisor_SQLServer\angularclient\src\app\core\asyncValidators\genre-validator.service.ts">
        <metrics statements="15" coveredstatements="13" conditionals="6" coveredconditionals="5" methods="6" coveredmethods="5"/>
        <line num="8" count="72" type="stmt"/>
        <line num="10" count="2" type="stmt"/>
        <line num="12" count="2" type="stmt"/>
        <line num="15" count="24" type="stmt"/>
        <line num="16" count="24" type="stmt"/>
        <line num="19" count="24" type="cond" truecount="4" falsecount="0"/>
        <line num="20" count="2" type="stmt"/>
        <line num="23" count="22" type="stmt"/>
        <line num="24" count="22" type="stmt"/>
        <line num="25" count="2" type="stmt"/>
        <line num="26" count="2" type="stmt"/>
        <line num="27" count="2" type="cond" truecount="1" falsecount="1"/>
        <line num="28" count="0" type="stmt"/>
        <line num="31" count="2" type="stmt"/>
        <line num="34" count="0" type="stmt"/>
      </file>
      <file name="prize-validator.service.ts" path="C:\Users\carlo\IdeaProjects\BookAdvisor_SQLServer\angularclient\src\app\core\asyncValidators\prize-validator.service.ts">
        <metrics statements="16" coveredstatements="14" conditionals="6" coveredconditionals="5" methods="7" coveredmethods="6"/>
        <line num="8" count="72" type="stmt"/>
        <line num="10" count="2" type="stmt"/>
        <line num="12" count="2" type="stmt"/>
        <line num="15" count="2" type="stmt"/>
        <line num="16" count="30" type="stmt"/>
        <line num="17" count="30" type="stmt"/>
        <line num="19" count="30" type="cond" truecount="4" falsecount="0"/>
        <line num="20" count="2" type="stmt"/>
        <line num="23" count="28" type="stmt"/>
        <line num="24" count="28" type="stmt"/>
        <line num="25" count="2" type="stmt"/>
        <line num="26" count="2" type="stmt"/>
        <line num="27" count="2" type="cond" truecount="1" falsecount="1"/>
        <line num="28" count="0" type="stmt"/>
        <line num="31" count="2" type="stmt"/>
        <line num="34" count="0" type="stmt"/>
      </file>
      <file name="user-validator.service.ts" path="C:\Users\carlo\IdeaProjects\BookAdvisor_SQLServer\angularclient\src\app\core\asyncValidators\user-validator.service.ts">
        <metrics statements="27" coveredstatements="23" conditionals="12" coveredconditionals="10" methods="11" coveredmethods="9"/>
        <line num="8" count="72" type="stmt"/>
        <line num="11" count="11" type="stmt"/>
        <line num="13" count="11" type="stmt"/>
        <line num="16" count="40" type="stmt"/>
        <line num="17" count="40" type="stmt"/>
        <line num="20" count="40" type="cond" truecount="3" falsecount="1"/>
        <line num="21" count="0" type="stmt"/>
        <line num="24" count="40" type="stmt"/>
        <line num="25" count="40" type="stmt"/>
        <line num="26" count="10" type="stmt"/>
        <line num="27" count="10" type="stmt"/>
        <line num="28" count="10" type="cond" truecount="2" falsecount="0"/>
        <line num="29" count="1" type="stmt"/>
        <line num="32" count="9" type="stmt"/>
        <line num="35" count="0" type="stmt"/>
        <line num="41" count="80" type="stmt"/>
        <line num="42" count="80" type="stmt"/>
        <line num="45" count="80" type="cond" truecount="3" falsecount="1"/>
        <line num="46" count="0" type="stmt"/>
        <line num="49" count="80" type="stmt"/>
        <line num="50" count="80" type="stmt"/>
        <line num="51" count="10" type="stmt"/>
        <line num="52" count="10" type="stmt"/>
        <line num="53" count="10" type="cond" truecount="2" falsecount="0"/>
        <line num="54" count="1" type="stmt"/>
        <line num="57" count="9" type="stmt"/>
        <line num="60" count="0" type="stmt"/>
      </file>
    </package>
    <package name="src.app.core.model">
      <metrics statements="39" coveredstatements="37" conditionals="0" coveredconditionals="0" methods="15" coveredmethods="13"/>
      <file name="author-form.ts" path="C:\Users\carlo\IdeaProjects\BookAdvisor_SQLServer\angularclient\src\app\core\model\author-form.ts">
        <metrics statements="4" coveredstatements="4" conditionals="0" coveredconditionals="0" methods="1" coveredmethods="1"/>
        <line num="8" count="12" type="stmt"/>
        <line num="9" count="12" type="stmt"/>
        <line num="10" count="12" type="stmt"/>
        <line num="11" count="12" type="stmt"/>
      </file>
      <file name="author.ts" path="C:\Users\carlo\IdeaProjects\BookAdvisor_SQLServer\angularclient\src\app\core\model\author.ts">
        <metrics statements="0" coveredstatements="0" conditionals="0" coveredconditionals="0" methods="1" coveredmethods="1"/>
      </file>
      <file name="genre-form.ts" path="C:\Users\carlo\IdeaProjects\BookAdvisor_SQLServer\angularclient\src\app\core\model\genre-form.ts">
        <metrics statements="1" coveredstatements="1" conditionals="0" coveredconditionals="0" methods="1" coveredmethods="1"/>
        <line num="5" count="2" type="stmt"/>
      </file>
      <file name="libro-form.ts" path="C:\Users\carlo\IdeaProjects\BookAdvisor_SQLServer\angularclient\src\app\core\model\libro-form.ts">
        <metrics statements="9" coveredstatements="9" conditionals="0" coveredconditionals="0" methods="1" coveredmethods="1"/>
        <line num="15" count="27" type="stmt"/>
        <line num="16" count="27" type="stmt"/>
        <line num="17" count="27" type="stmt"/>
        <line num="18" count="27" type="stmt"/>
        <line num="19" count="27" type="stmt"/>
        <line num="20" count="27" type="stmt"/>
        <line num="21" count="27" type="stmt"/>
        <line num="22" count="27" type="stmt"/>
        <line num="23" count="27" type="stmt"/>
      </file>
      <file name="libro.ts" path="C:\Users\carlo\IdeaProjects\BookAdvisor_SQLServer\angularclient\src\app\core\model\libro.ts">
        <metrics statements="0" coveredstatements="0" conditionals="0" coveredconditionals="0" methods="1" coveredmethods="1"/>
      </file>
      <file name="logged-info.ts" path="C:\Users\carlo\IdeaProjects\BookAdvisor_SQLServer\angularclient\src\app\core\model\logged-info.ts">
        <metrics statements="6" coveredstatements="4" conditionals="0" coveredconditionals="0" methods="5" coveredmethods="3"/>
        <line num="6" count="72" type="stmt"/>
        <line num="7" count="72" type="stmt"/>
        <line num="11" count="0" type="stmt"/>
        <line num="15" count="72" type="stmt"/>
        <line num="19" count="0" type="stmt"/>
        <line num="23" count="72" type="stmt"/>
      </file>
      <file name="prize-form.ts" path="C:\Users\carlo\IdeaProjects\BookAdvisor_SQLServer\angularclient\src\app\core\model\prize-form.ts">
        <metrics statements="2" coveredstatements="2" conditionals="0" coveredconditionals="0" methods="1" coveredmethods="1"/>
        <line num="6" count="2" type="stmt"/>
        <line num="7" count="2" type="stmt"/>
      </file>
      <file name="recensione-form.ts" path="C:\Users\carlo\IdeaProjects\BookAdvisor_SQLServer\angularclient\src\app\core\model\recensione-form.ts">
        <metrics statements="6" coveredstatements="6" conditionals="0" coveredconditionals="0" methods="1" coveredmethods="1"/>
        <line num="10" count="5" type="stmt"/>
        <line num="11" count="5" type="stmt"/>
        <line num="12" count="5" type="stmt"/>
        <line num="13" count="5" type="stmt"/>
        <line num="14" count="5" type="stmt"/>
        <line num="15" count="5" type="stmt"/>
      </file>
      <file name="utente-form.ts" path="C:\Users\carlo\IdeaProjects\BookAdvisor_SQLServer\angularclient\src\app\core\model\utente-form.ts">
        <metrics statements="6" coveredstatements="6" conditionals="0" coveredconditionals="0" methods="1" coveredmethods="1"/>
        <line num="10" count="10" type="stmt"/>
        <line num="11" count="10" type="stmt"/>
        <line num="12" count="10" type="stmt"/>
        <line num="13" count="10" type="stmt"/>
        <line num="14" count="10" type="stmt"/>
        <line num="15" count="10" type="stmt"/>
      </file>
      <file name="utente-update-form.ts" path="C:\Users\carlo\IdeaProjects\BookAdvisor_SQLServer\angularclient\src\app\core\model\utente-update-form.ts">
        <metrics statements="5" coveredstatements="5" conditionals="0" coveredconditionals="0" methods="1" coveredmethods="1"/>
        <line num="9" count="2" type="stmt"/>
        <line num="10" count="2" type="stmt"/>
        <line num="11" count="2" type="stmt"/>
        <line num="12" count="2" type="stmt"/>
        <line num="13" count="2" type="stmt"/>
      </file>
      <file name="utente.ts" path="C:\Users\carlo\IdeaProjects\BookAdvisor_SQLServer\angularclient\src\app\core\model\utente.ts">
        <metrics statements="0" coveredstatements="0" conditionals="0" coveredconditionals="0" methods="1" coveredmethods="1"/>
      </file>
    </package>
    <package name="src.app.core.services">
      <metrics statements="115" coveredstatements="110" conditionals="21" coveredconditionals="17" methods="64" coveredmethods="63"/>
      <file name="authentication.service.ts" path="C:\Users\carlo\IdeaProjects\BookAdvisor_SQLServer\angularclient\src\app\core\services\authentication.service.ts">
        <metrics statements="43" coveredstatements="38" conditionals="21" coveredconditionals="17" methods="12" coveredmethods="11"/>
        <line num="8" count="72" type="stmt"/>
        <line num="9" count="72" type="stmt"/>
        <line num="10" count="72" type="stmt"/>
        <line num="12" count="72" type="stmt"/>
        <line num="13" count="72" type="stmt"/>
        <line num="16" count="61" type="stmt"/>
        <line num="17" count="61" type="stmt"/>
        <line num="18" count="61" type="stmt"/>
        <line num="19" count="59" type="stmt"/>
        <line num="20" count="59" type="cond" truecount="1" falsecount="1"/>
        <line num="21" count="59" type="stmt"/>
        <line num="24" count="0" type="stmt"/>
        <line num="27" count="2" type="stmt"/>
        <line num="28" count="2" type="cond" truecount="1" falsecount="1"/>
        <line num="29" count="2" type="stmt"/>
        <line num="32" count="61" type="cond" truecount="2" falsecount="0"/>
        <line num="33" count="59" type="stmt"/>
        <line num="34" count="59" type="stmt"/>
        <line num="35" count="59" type="stmt"/>
        <line num="36" count="59" type="stmt"/>
        <line num="39" count="61" type="stmt"/>
        <line num="43" count="3" type="stmt"/>
        <line num="44" count="3" type="stmt"/>
        <line num="45" count="3" type="stmt"/>
        <line num="46" count="3" type="stmt"/>
        <line num="47" count="3" type="cond" truecount="1" falsecount="1"/>
        <line num="48" count="3" type="stmt"/>
        <line num="51" count="0" type="stmt"/>
        <line num="55" count="0" type="stmt"/>
        <line num="56" count="0" type="stmt"/>
        <line num="58" count="3" type="stmt"/>
        <line num="62" count="5320" type="cond" truecount="5" falsecount="0"/>
        <line num="63" count="5240" type="stmt"/>
        <line num="65" count="80" type="stmt"/>
        <line num="69" count="8" type="cond" truecount="3" falsecount="1"/>
        <line num="70" count="8" type="stmt"/>
        <line num="72" count="0" type="stmt"/>
        <line num="76" count="41530" type="cond" truecount="4" falsecount="0"/>
        <line num="77" count="25892" type="stmt"/>
        <line num="79" count="15638" type="stmt"/>
        <line num="83" count="11" type="stmt"/>
        <line num="84" count="11" type="stmt"/>
        <line num="85" count="11" type="stmt"/>
      </file>
      <file name="author.service.ts" path="C:\Users\carlo\IdeaProjects\BookAdvisor_SQLServer\angularclient\src\app\core\services\author.service.ts">
        <metrics statements="13" coveredstatements="13" conditionals="0" coveredconditionals="0" methods="9" coveredmethods="9"/>
        <line num="12" count="72" type="stmt"/>
        <line num="13" count="40" type="stmt"/>
        <line num="14" count="40" type="stmt"/>
        <line num="17" count="28" type="stmt"/>
        <line num="21" count="10" type="stmt"/>
        <line num="25" count="2" type="stmt"/>
        <line num="28" count="14" type="stmt"/>
        <line num="32" count="8" type="stmt"/>
        <line num="36" count="2" type="stmt"/>
        <line num="37" count="2" type="stmt"/>
        <line num="38" count="2" type="stmt"/>
        <line num="42" count="27" type="stmt"/>
        <line num="46" count="2" type="stmt"/>
      </file>
      <file name="book-ranking.service.ts" path="C:\Users\carlo\IdeaProjects\BookAdvisor_SQLServer\angularclient\src\app\core\services\book-ranking.service.ts">
        <metrics statements="6" coveredstatements="6" conditionals="0" coveredconditionals="0" methods="4" coveredmethods="4"/>
        <line num="9" count="72" type="stmt"/>
        <line num="10" count="18" type="stmt"/>
        <line num="11" count="18" type="stmt"/>
        <line num="14" count="6" type="stmt"/>
        <line num="17" count="2" type="stmt"/>
        <line num="20" count="36" type="stmt"/>
      </file>
      <file name="genre.service.ts" path="C:\Users\carlo\IdeaProjects\BookAdvisor_SQLServer\angularclient\src\app\core\services\genre.service.ts">
        <metrics statements="5" coveredstatements="5" conditionals="0" coveredconditionals="0" methods="3" coveredmethods="3"/>
        <line num="9" count="72" type="stmt"/>
        <line num="10" count="72" type="stmt"/>
        <line num="11" count="72" type="stmt"/>
        <line num="14" count="99" type="stmt"/>
        <line num="17" count="2" type="stmt"/>
      </file>
      <file name="libro.service.ts" path="C:\Users\carlo\IdeaProjects\BookAdvisor_SQLServer\angularclient\src\app\core\services\libro.service.ts">
        <metrics statements="20" coveredstatements="20" conditionals="0" coveredconditionals="0" methods="16" coveredmethods="16"/>
        <line num="15" count="72" type="stmt"/>
        <line num="16" count="51" type="stmt"/>
        <line num="17" count="51" type="stmt"/>
        <line num="20" count="40" type="stmt"/>
        <line num="24" count="2" type="stmt"/>
        <line num="28" count="27" type="stmt"/>
        <line num="32" count="25" type="stmt"/>
        <line num="36" count="29" type="stmt"/>
        <line num="40" count="2" type="stmt"/>
        <line num="44" count="26" type="stmt"/>
        <line num="48" count="2" type="stmt"/>
        <line num="49" count="2" type="stmt"/>
        <line num="50" count="2" type="stmt"/>
        <line num="54" count="5" type="stmt"/>
        <line num="58" count="27" type="stmt"/>
        <line num="62" count="65" type="stmt"/>
        <line num="66" count="2" type="stmt"/>
        <line num="70" count="2" type="stmt"/>
        <line num="74" count="2" type="stmt"/>
        <line num="78" count="8" type="stmt"/>
      </file>
      <file name="my-books.service.ts" path="C:\Users\carlo\IdeaProjects\BookAdvisor_SQLServer\angularclient\src\app\core\services\my-books.service.ts">
        <metrics statements="8" coveredstatements="8" conditionals="0" coveredconditionals="0" methods="6" coveredmethods="6"/>
        <line num="10" count="72" type="stmt"/>
        <line num="11" count="33" type="stmt"/>
        <line num="12" count="33" type="stmt"/>
        <line num="15" count="2" type="stmt"/>
        <line num="18" count="10" type="stmt"/>
        <line num="21" count="4" type="stmt"/>
        <line num="24" count="34" type="stmt"/>
        <line num="28" count="6" type="stmt"/>
      </file>
      <file name="recensione.service.ts" path="C:\Users\carlo\IdeaProjects\BookAdvisor_SQLServer\angularclient\src\app\core\services\recensione.service.ts">
        <metrics statements="9" coveredstatements="9" conditionals="0" coveredconditionals="0" methods="7" coveredmethods="7"/>
        <line num="10" count="72" type="stmt"/>
        <line num="12" count="33" type="stmt"/>
        <line num="14" count="33" type="stmt"/>
        <line num="17" count="5" type="stmt"/>
        <line num="21" count="2" type="stmt"/>
        <line num="25" count="31" type="stmt"/>
        <line num="29" count="38" type="stmt"/>
        <line num="33" count="2" type="stmt"/>
        <line num="37" count="2" type="stmt"/>
      </file>
      <file name="utente.service.ts" path="C:\Users\carlo\IdeaProjects\BookAdvisor_SQLServer\angularclient\src\app\core\services\utente.service.ts">
        <metrics statements="11" coveredstatements="11" conditionals="0" coveredconditionals="0" methods="7" coveredmethods="7"/>
        <line num="15" count="72" type="stmt"/>
        <line num="17" count="27" type="stmt"/>
        <line num="19" count="27" type="stmt"/>
        <line num="23" count="2" type="stmt"/>
        <line num="27" count="10" type="stmt"/>
        <line num="31" count="31" type="stmt"/>
        <line num="35" count="2" type="stmt"/>
        <line num="39" count="10" type="stmt"/>
        <line num="43" count="1" type="stmt"/>
        <line num="44" count="1" type="stmt"/>
        <line num="45" count="1" type="stmt"/>
      </file>
    </package>
    <package name="src.app.core.xsrfInterceptor">
      <metrics statements="6" coveredstatements="6" conditionals="0" coveredconditionals="0" methods="2" coveredmethods="2"/>
      <file name="xsrf-interceptor.service.ts" path="C:\Users\carlo\IdeaProjects\BookAdvisor_SQLServer\angularclient\src\app\core\xsrfInterceptor\xsrf-interceptor.service.ts">
        <metrics statements="6" coveredstatements="6" conditionals="0" coveredconditionals="0" methods="2" coveredmethods="2"/>
        <line num="10" count="72" type="stmt"/>
        <line num="11" count="72" type="stmt"/>
        <line num="12" count="72" type="stmt"/>
        <line num="15" count="878" type="stmt"/>
        <line num="16" count="878" type="stmt"/>
        <line num="17" count="878" type="stmt"/>
      </file>
    </package>
    <package name="src.app.home">
      <metrics statements="2" coveredstatements="2" conditionals="0" coveredconditionals="0" methods="2" coveredmethods="2"/>
      <file name="home.component.ts" path="C:\Users\carlo\IdeaProjects\BookAdvisor_SQLServer\angularclient\src\app\home\home.component.ts">
        <metrics statements="2" coveredstatements="2" conditionals="0" coveredconditionals="0" methods="2" coveredmethods="2"/>
        <line num="9" count="72" type="stmt"/>
        <line num="11" count="146" type="stmt"/>
      </file>
    </package>
    <package name="src.app.login">
      <metrics statements="28" coveredstatements="25" conditionals="16" coveredconditionals="14" methods="6" coveredmethods="5"/>
      <file name="login.component.ts" path="C:\Users\carlo\IdeaProjects\BookAdvisor_SQLServer\angularclient\src\app\login\login.component.ts">
        <metrics statements="28" coveredstatements="25" conditionals="16" coveredconditionals="14" methods="6" coveredmethods="5"/>
        <line num="14" count="72" type="stmt"/>
        <line num="16" count="75" type="stmt"/>
        <line num="17" count="75" type="stmt"/>
        <line num="19" count="75" type="stmt"/>
        <line num="20" count="75" type="stmt"/>
        <line num="25" count="75" type="stmt"/>
        <line num="28" count="75" type="cond" truecount="2" falsecount="0"/>
        <line num="29" count="75" type="cond" truecount="2" falsecount="0"/>
        <line num="30" count="2" type="cond" truecount="1" falsecount="1"/>
        <line num="31" count="2" type="stmt"/>
        <line num="33" count="0" type="stmt"/>
        <line num="38" count="61" type="cond" truecount="1" falsecount="1"/>
        <line num="39" count="61" type="stmt"/>
        <line num="40" count="61" type="stmt"/>
        <line num="41" count="61" type="cond" truecount="2" falsecount="0"/>
        <line num="42" count="2" type="stmt"/>
        <line num="43" count="2" type="stmt"/>
        <line num="45" count="61" type="stmt"/>
        <line num="46" count="61" type="stmt"/>
        <line num="47" count="61" type="cond" truecount="2" falsecount="0"/>
        <line num="48" count="59" type="stmt"/>
        <line num="49" count="59" type="stmt"/>
        <line num="53" count="0" type="stmt"/>
        <line num="58" count="0" type="stmt"/>
        <line num="62" count="7060" type="stmt"/>
        <line num="63" count="7060" type="cond" truecount="2" falsecount="0"/>
        <line num="67" count="21180" type="stmt"/>
        <line num="68" count="21180" type="cond" truecount="2" falsecount="0"/>
      </file>
    </package>
    <package name="src.app.photo-upload">
      <metrics statements="71" coveredstatements="42" conditionals="38" coveredconditionals="22" methods="14" coveredmethods="8"/>
      <file name="photo-upload.component.ts" path="C:\Users\carlo\IdeaProjects\BookAdvisor_SQLServer\angularclient\src\app\photo-upload\photo-upload.component.ts">
        <metrics statements="70" coveredstatements="41" conditionals="38" coveredconditionals="22" methods="14" coveredmethods="8"/>
        <line num="16" count="72" type="stmt"/>
        <line num="18" count="72" type="stmt"/>
        <line num="19" count="72" type="stmt"/>
        <line num="20" count="5" type="stmt"/>
        <line num="21" count="72" type="stmt"/>
        <line num="24" count="5" type="stmt"/>
        <line num="26" count="5" type="stmt"/>
        <line num="27" count="72" type="stmt"/>
        <line num="28" count="5" type="stmt"/>
        <line num="32" count="5" type="stmt"/>
        <line num="35" count="5" type="cond" truecount="3" falsecount="1"/>
        <line num="36" count="0" type="stmt"/>
        <line num="38" count="5" type="cond" truecount="3" falsecount="1"/>
        <line num="39" count="0" type="stmt"/>
        <line num="41" count="5" type="cond" truecount="3" falsecount="1"/>
        <line num="42" count="0" type="stmt"/>
        <line num="48" count="5" type="cond" truecount="1" falsecount="1"/>
        <line num="49" count="0" type="stmt"/>
        <line num="51" count="5" type="stmt"/>
        <line num="52" count="5" type="cond" truecount="1" falsecount="1"/>
        <line num="53" count="0" type="stmt"/>
        <line num="54" count="0" type="stmt"/>
        <line num="55" count="0" type="stmt"/>
        <line num="57" count="5" type="stmt"/>
        <line num="58" count="5" type="stmt"/>
        <line num="59" count="5" type="stmt"/>
        <line num="60" count="5" type="stmt"/>
        <line num="61" count="5" type="stmt"/>
        <line num="62" count="5" type="stmt"/>
        <line num="63" count="5" type="stmt"/>
        <line num="67" count="5" type="stmt"/>
        <line num="68" count="5" type="cond" truecount="4" falsecount="0"/>
        <line num="69" count="1" type="stmt"/>
        <line num="70" count="1" type="stmt"/>
        <line num="71" count="1" type="stmt"/>
        <line num="74" count="0" type="stmt"/>
        <line num="75" count="0" type="stmt"/>
        <line num="76" count="0" type="cond" truecount="0" falsecount="2"/>
        <line num="77" count="0" type="stmt"/>
        <line num="79" count="0" type="stmt"/>
        <line num="82" count="4" type="cond" truecount="4" falsecount="0"/>
        <line num="83" count="2" type="stmt"/>
        <line num="84" count="2" type="stmt"/>
        <line num="85" count="2" type="stmt"/>
        <line num="88" count="0" type="stmt"/>
        <line num="89" count="0" type="stmt"/>
        <line num="90" count="0" type="cond" truecount="0" falsecount="2"/>
        <line num="91" count="0" type="stmt"/>
        <line num="93" count="0" type="stmt"/>
        <line num="96" count="2" type="cond" truecount="3" falsecount="1"/>
        <line num="97" count="2" type="stmt"/>
        <line num="98" count="2" type="stmt"/>
        <line num="99" count="2" type="stmt"/>
        <line num="102" count="0" type="stmt"/>
        <line num="103" count="0" type="stmt"/>
        <line num="104" count="0" type="cond" truecount="0" falsecount="2"/>
        <line num="105" count="0" type="stmt"/>
        <line num="107" count="0" type="stmt"/>
        <line num="110" count="0" type="stmt"/>
        <line num="111" count="5" type="stmt"/>
        <line num="112" count="5" type="stmt"/>
        <line num="113" count="5" type="stmt"/>
        <line num="114" count="5" type="stmt"/>
        <line num="115" count="5" type="stmt"/>
        <line num="119" count="0" type="stmt"/>
        <line num="120" count="0" type="stmt"/>
        <line num="124" count="0" type="stmt"/>
        <line num="125" count="0" type="cond" truecount="0" falsecount="2"/>
        <line num="129" count="0" type="stmt"/>
        <line num="130" count="0" type="cond" truecount="0" falsecount="2"/>
      </file>
      <file name="photo-upload.module.ts" path="C:\Users\carlo\IdeaProjects\BookAdvisor_SQLServer\angularclient\src\app\photo-upload\photo-upload.module.ts">
        <metrics statements="1" coveredstatements="1" conditionals="0" coveredconditionals="0" methods="0" coveredmethods="0"/>
        <line num="18" count="72" type="stmt"/>
      </file>
    </package>
    <package name="src.app.review">
      <metrics statements="1" coveredstatements="1" conditionals="0" coveredconditionals="0" methods="0" coveredmethods="0"/>
      <file name="review.module.ts" path="C:\Users\carlo\IdeaProjects\BookAdvisor_SQLServer\angularclient\src\app\review\review.module.ts">
        <metrics statements="1" coveredstatements="1" conditionals="0" coveredconditionals="0" methods="0" coveredmethods="0"/>
        <line num="29" count="72" type="stmt"/>
      </file>
    </package>
    <package name="src.app.review.review-form">
      <metrics statements="36" coveredstatements="22" conditionals="12" coveredconditionals="7" methods="8" coveredmethods="7"/>
      <file name="review-form.component.ts" path="C:\Users\carlo\IdeaProjects\BookAdvisor_SQLServer\angularclient\src\app\review\review-form\review-form.component.ts">
        <metrics statements="36" coveredstatements="22" conditionals="12" coveredconditionals="7" methods="8" coveredmethods="7"/>
        <line num="17" count="72" type="stmt"/>
        <line num="19" count="72" type="stmt"/>
        <line num="20" count="72" type="stmt"/>
        <line num="21" count="5" type="stmt"/>
        <line num="22" count="5" type="stmt"/>
        <line num="31" count="5" type="stmt"/>
        <line num="34" count="5" type="cond" truecount="1" falsecount="1"/>
        <line num="35" count="0" type="stmt"/>
        <line num="37" count="5" type="stmt"/>
        <line num="41" count="5" type="cond" truecount="1" falsecount="1"/>
        <line num="42" count="5" type="stmt"/>
        <line num="43" count="5" type="stmt"/>
        <line num="44" count="5" type="stmt"/>
        <line num="45" count="5" type="stmt"/>
        <line num="46" count="5" type="stmt"/>
        <line num="47" count="0" type="stmt"/>
        <line num="48" count="0" type="stmt"/>
        <line num="49" count="0" type="stmt"/>
        <line num="50" count="0" type="stmt"/>
        <line num="52" count="0" type="stmt"/>
        <line num="53" count="0" type="stmt"/>
        <line num="54" count="0" type="stmt"/>
        <line num="56" count="5" type="cond" truecount="1" falsecount="1"/>
        <line num="57" count="5" type="stmt"/>
        <line num="58" count="5" type="stmt"/>
        <line num="62" count="0" type="stmt"/>
        <line num="63" count="0" type="stmt"/>
        <line num="64" count="0" type="cond" truecount="0" falsecount="2"/>
        <line num="65" count="0" type="stmt"/>
        <line num="67" count="0" type="stmt"/>
        <line num="69" count="5" type="stmt"/>
        <line num="71" count="0" type="stmt"/>
        <line num="74" count="1060" type="stmt"/>
        <line num="75" count="1060" type="cond" truecount="2" falsecount="0"/>
        <line num="79" count="1590" type="stmt"/>
        <line num="80" count="1590" type="cond" truecount="2" falsecount="0"/>
      </file>
    </package>
    <package name="src.app.review.review-list">
      <metrics statements="61" coveredstatements="31" conditionals="28" coveredconditionals="10" methods="21" coveredmethods="14"/>
      <file name="review-list.component.ts" path="C:\Users\carlo\IdeaProjects\BookAdvisor_SQLServer\angularclient\src\app\review\review-list\review-list.component.ts">
        <metrics statements="61" coveredstatements="31" conditionals="28" coveredconditionals="10" methods="21" coveredmethods="14"/>
        <line num="13" count="72" type="stmt"/>
        <line num="14" count="72" type="stmt"/>
        <line num="15" count="72" type="stmt"/>
        <line num="16" count="72" type="stmt"/>
        <line num="17" count="72" type="stmt"/>
        <line num="19" count="64" type="stmt"/>
        <line num="20" count="64" type="stmt"/>
        <line num="23" count="64" type="stmt"/>
        <line num="24" count="64" type="cond" truecount="2" falsecount="0"/>
        <line num="25" count="31" type="stmt"/>
        <line num="27" count="0" type="stmt"/>
        <line num="28" count="0" type="stmt"/>
        <line num="29" count="0" type="cond" truecount="0" falsecount="2"/>
        <line num="30" count="0" type="stmt"/>
        <line num="32" count="0" type="stmt"/>
        <line num="35" count="33" type="cond" truecount="1" falsecount="1"/>
        <line num="36" count="33" type="stmt"/>
        <line num="38" count="0" type="stmt"/>
        <line num="39" count="0" type="stmt"/>
        <line num="40" count="0" type="cond" truecount="0" falsecount="2"/>
        <line num="41" count="0" type="stmt"/>
        <line num="43" count="0" type="stmt"/>
        <line num="49" count="2" type="cond" truecount="1" falsecount="1"/>
        <line num="50" count="2" type="stmt"/>
        <line num="52" count="0" type="stmt"/>
        <line num="53" count="0" type="stmt"/>
        <line num="54" count="0" type="cond" truecount="0" falsecount="2"/>
        <line num="55" count="0" type="stmt"/>
        <line num="57" count="0" type="stmt"/>
        <line num="59" count="2" type="stmt"/>
        <line num="60" count="2" type="cond" truecount="1" falsecount="1"/>
        <line num="61" count="2" type="stmt"/>
        <line num="68" count="4" type="cond" truecount="1" falsecount="1"/>
        <line num="69" count="4" type="cond" truecount="2" falsecount="0"/>
        <line num="70" count="2" type="stmt"/>
        <line num="72" count="0" type="stmt"/>
        <line num="73" count="0" type="stmt"/>
        <line num="74" count="0" type="cond" truecount="0" falsecount="2"/>
        <line num="75" count="0" type="stmt"/>
        <line num="77" count="0" type="stmt"/>
        <line num="81" count="2" type="stmt"/>
        <line num="83" count="0" type="stmt"/>
        <line num="84" count="0" type="stmt"/>
        <line num="85" count="0" type="cond" truecount="0" falsecount="2"/>
        <line num="86" count="0" type="stmt"/>
        <line num="88" count="0" type="stmt"/>
        <line num="95" count="5" type="cond" truecount="1" falsecount="1"/>
        <line num="96" count="5" type="stmt"/>
        <line num="97" count="5" type="stmt"/>
        <line num="98" count="5" type="stmt"/>
        <line num="99" count="5" type="stmt"/>
        <line num="103" count="0" type="stmt"/>
        <line num="104" count="0" type="stmt"/>
        <line num="105" count="0" type="cond" truecount="0" falsecount="2"/>
        <line num="106" count="0" type="stmt"/>
        <line num="108" count="0" type="stmt"/>
        <line num="110" count="5" type="stmt"/>
        <line num="112" count="5" type="stmt"/>
        <line num="116" count="5" type="cond" truecount="1" falsecount="1"/>
        <line num="117" count="5" type="stmt"/>
        <line num="118" count="5" type="stmt"/>
      </file>
    </package>
    <package name="src.app.user">
      <metrics statements="1" coveredstatements="1" conditionals="0" coveredconditionals="0" methods="0" coveredmethods="0"/>
      <file name="user.module.ts" path="C:\Users\carlo\IdeaProjects\BookAdvisor_SQLServer\angularclient\src\app\user\user.module.ts">
        <metrics statements="1" coveredstatements="1" conditionals="0" coveredconditionals="0" methods="0" coveredmethods="0"/>
        <line num="46" count="72" type="stmt"/>
      </file>
    </package>
    <package name="src.app.user.book-ranking">
      <metrics statements="41" coveredstatements="24" conditionals="12" coveredconditionals="4" methods="16" coveredmethods="13"/>
      <file name="book-ranking.component.ts" path="C:\Users\carlo\IdeaProjects\BookAdvisor_SQLServer\angularclient\src\app\user\book-ranking\book-ranking.component.ts">
        <metrics statements="41" coveredstatements="24" conditionals="12" coveredconditionals="4" methods="16" coveredmethods="13"/>
        <line num="12" count="72" type="stmt"/>
        <line num="13" count="72" type="stmt"/>
        <line num="14" count="72" type="stmt"/>
        <line num="15" count="72" type="stmt"/>
        <line num="16" count="34" type="stmt"/>
        <line num="17" count="34" type="stmt"/>
        <line num="18" count="34" type="stmt"/>
        <line num="21" count="34" type="stmt"/>
        <line num="23" count="0" type="stmt"/>
        <line num="24" count="0" type="stmt"/>
        <line num="25" count="0" type="cond" truecount="0" falsecount="2"/>
        <line num="26" count="0" type="stmt"/>
        <line num="28" count="0" type="stmt"/>
        <line num="34" count="38" type="stmt"/>
        <line num="35" count="38" type="stmt"/>
        <line num="36" count="38" type="cond" truecount="2" falsecount="0"/>
        <line num="37" count="2" type="stmt"/>
        <line num="41" count="2" type="stmt"/>
        <line num="42" count="2" type="stmt"/>
        <line num="44" count="0" type="stmt"/>
        <line num="45" count="0" type="stmt"/>
        <line num="46" count="0" type="cond" truecount="0" falsecount="2"/>
        <line num="47" count="0" type="stmt"/>
        <line num="49" count="0" type="stmt"/>
        <line num="51" count="2" type="stmt"/>
        <line num="55" count="2" type="cond" truecount="1" falsecount="1"/>
        <line num="56" count="2" type="stmt"/>
        <line num="57" count="2" type="stmt"/>
        <line num="58" count="2" type="stmt"/>
        <line num="59" count="2" type="stmt"/>
        <line num="63" count="0" type="stmt"/>
        <line num="64" count="0" type="stmt"/>
        <line num="65" count="0" type="cond" truecount="0" falsecount="2"/>
        <line num="66" count="0" type="stmt"/>
        <line num="68" count="0" type="stmt"/>
        <line num="71" count="0" type="stmt"/>
        <line num="75" count="6" type="stmt"/>
        <line num="78" count="6" type="cond" truecount="1" falsecount="1"/>
        <line num="79" count="6" type="stmt"/>
        <line num="80" count="6" type="stmt"/>
        <line num="82" count="0" type="stmt"/>
      </file>
    </package>
    <package name="src.app.user.book-ranking-form">
      <metrics statements="27" coveredstatements="17" conditionals="8" coveredconditionals="4" methods="11" coveredmethods="9"/>
      <file name="book-ranking-form.component.ts" path="C:\Users\carlo\IdeaProjects\BookAdvisor_SQLServer\angularclient\src\app\user\book-ranking-form\book-ranking-form.component.ts">
        <metrics statements="27" coveredstatements="17" conditionals="8" coveredconditionals="4" methods="11" coveredmethods="9"/>
        <line num="15" count="72" type="stmt"/>
        <line num="16" count="72" type="stmt"/>
        <line num="17" count="72" type="stmt"/>
        <line num="18" count="72" type="stmt"/>
        <line num="19" count="6" type="stmt"/>
        <line num="20" count="6" type="stmt"/>
        <line num="21" count="6" type="stmt"/>
        <line num="22" count="6" type="stmt"/>
        <line num="26" count="6" type="stmt"/>
        <line num="29" count="6" type="stmt"/>
        <line num="31" count="0" type="stmt"/>
        <line num="32" count="0" type="stmt"/>
        <line num="33" count="0" type="cond" truecount="0" falsecount="2"/>
        <line num="34" count="0" type="stmt"/>
        <line num="36" count="0" type="stmt"/>
        <line num="41" count="12" type="stmt"/>
        <line num="42" count="6" type="stmt"/>
        <line num="43" count="6" type="stmt"/>
        <line num="46" count="0" type="stmt"/>
        <line num="47" count="0" type="stmt"/>
        <line num="48" count="0" type="cond" truecount="0" falsecount="2"/>
        <line num="49" count="0" type="stmt"/>
        <line num="51" count="0" type="stmt"/>
        <line num="56" count="336" type="stmt"/>
        <line num="57" count="336" type="cond" truecount="2" falsecount="0"/>
        <line num="61" count="672" type="stmt"/>
        <line num="62" count="672" type="cond" truecount="2" falsecount="0"/>
      </file>
    </package>
    <package name="src.app.user.my-books-list">
      <metrics statements="75" coveredstatements="36" conditionals="50" coveredconditionals="17" methods="18" coveredmethods="11"/>
      <file name="my-books-list.component.ts" path="C:\Users\carlo\IdeaProjects\BookAdvisor_SQLServer\angularclient\src\app\user\my-books-list\my-books-list.component.ts">
        <metrics statements="75" coveredstatements="36" conditionals="50" coveredconditionals="17" methods="18" coveredmethods="11"/>
        <line num="12" count="72" type="stmt"/>
        <line num="13" count="34" type="stmt"/>
        <line num="14" count="34" type="stmt"/>
        <line num="15" count="34" type="stmt"/>
        <line num="16" count="34" type="stmt"/>
        <line num="17" count="72" type="stmt"/>
        <line num="18" count="72" type="stmt"/>
        <line num="20" count="34" type="stmt"/>
        <line num="23" count="34" type="stmt"/>
        <line num="24" count="32" type="cond" truecount="2" falsecount="0"/>
        <line num="25" count="30" type="stmt"/>
        <line num="27" count="2" type="cond" truecount="1" falsecount="1"/>
        <line num="28" count="0" type="stmt"/>
        <line num="30" count="2" type="cond" truecount="1" falsecount="1"/>
        <line num="31" count="2" type="stmt"/>
        <line num="35" count="0" type="stmt"/>
        <line num="36" count="0" type="stmt"/>
        <line num="37" count="0" type="cond" truecount="0" falsecount="2"/>
        <line num="38" count="0" type="stmt"/>
        <line num="40" count="0" type="stmt"/>
        <line num="45" count="2" type="cond" truecount="1" falsecount="1"/>
        <line num="46" count="2" type="stmt"/>
        <line num="47" count="2" type="cond" truecount="1" falsecount="1"/>
        <line num="48" count="0" type="stmt"/>
        <line num="53" count="0" type="stmt"/>
        <line num="54" count="0" type="stmt"/>
        <line num="55" count="0" type="cond" truecount="0" falsecount="2"/>
        <line num="56" count="0" type="stmt"/>
        <line num="58" count="0" type="stmt"/>
        <line num="60" count="2" type="cond" truecount="1" falsecount="1"/>
        <line num="61" count="2" type="stmt"/>
        <line num="62" count="4" type="cond" truecount="2" falsecount="0"/>
        <line num="63" count="2" type="stmt"/>
        <line num="67" count="0" type="cond" truecount="0" falsecount="2"/>
        <line num="68" count="0" type="stmt"/>
        <line num="69" count="0" type="cond" truecount="0" falsecount="2"/>
        <line num="70" count="0" type="stmt"/>
        <line num="74" count="0" type="cond" truecount="0" falsecount="2"/>
        <line num="75" count="0" type="stmt"/>
        <line num="76" count="0" type="cond" truecount="0" falsecount="2"/>
        <line num="77" count="0" type="stmt"/>
        <line num="82" count="0" type="stmt"/>
        <line num="86" count="2" type="stmt"/>
        <line num="87" count="2" type="cond" truecount="1" falsecount="1"/>
        <line num="88" count="2" type="stmt"/>
        <line num="89" count="2" type="cond" truecount="1" falsecount="1"/>
        <line num="90" count="2" type="stmt"/>
        <line num="94" count="0" type="stmt"/>
        <line num="95" count="0" type="stmt"/>
        <line num="96" count="0" type="cond" truecount="0" falsecount="2"/>
        <line num="97" count="0" type="stmt"/>
        <line num="99" count="0" type="stmt"/>
        <line num="101" count="2" type="cond" truecount="1" falsecount="1"/>
        <line num="102" count="2" type="stmt"/>
        <line num="103" count="4" type="cond" truecount="2" falsecount="0"/>
        <line num="104" count="2" type="stmt"/>
        <line num="105" count="2" type="stmt"/>
        <line num="109" count="0" type="cond" truecount="0" falsecount="2"/>
        <line num="110" count="0" type="stmt"/>
        <line num="111" count="0" type="cond" truecount="0" falsecount="2"/>
        <line num="112" count="0" type="stmt"/>
        <line num="113" count="0" type="stmt"/>
        <line num="117" count="0" type="cond" truecount="0" falsecount="2"/>
        <line num="118" count="0" type="stmt"/>
        <line num="119" count="0" type="cond" truecount="0" falsecount="2"/>
        <line num="120" count="0" type="stmt"/>
        <line num="121" count="0" type="stmt"/>
        <line num="126" count="0" type="stmt"/>
        <line num="130" count="2" type="stmt"/>
        <line num="131" count="2" type="cond" truecount="1" falsecount="1"/>
        <line num="132" count="0" type="stmt"/>
        <line num="134" count="2" type="cond" truecount="1" falsecount="1"/>
        <line num="135" count="0" type="stmt"/>
        <line num="137" count="2" type="cond" truecount="1" falsecount="1"/>
        <line num="138" count="2" type="stmt"/>
      </file>
    </package>
    <package name="src.app.user.utente">
      <metrics statements="55" coveredstatements="43" conditionals="20" coveredconditionals="9" methods="18" coveredmethods="15"/>
      <file name="utente.component.ts" path="C:\Users\carlo\IdeaProjects\BookAdvisor_SQLServer\angularclient\src\app\user\utente\utente.component.ts">
        <metrics statements="55" coveredstatements="43" conditionals="20" coveredconditionals="9" methods="18" coveredmethods="15"/>
        <line num="15" count="72" type="stmt"/>
        <line num="16" count="72" type="stmt"/>
        <line num="18" count="28" type="stmt"/>
        <line num="19" count="28" type="stmt"/>
        <line num="20" count="28" type="stmt"/>
        <line num="22" count="28" type="stmt"/>
        <line num="24" count="28" type="stmt"/>
        <line num="25" count="28" type="stmt"/>
        <line num="26" count="28" type="stmt"/>
        <line num="27" count="320" type="cond" truecount="2" falsecount="0"/>
        <line num="28" count="31" type="stmt"/>
        <line num="37" count="20" type="cond" truecount="1" falsecount="1"/>
        <line num="38" count="20" type="stmt"/>
        <line num="43" count="31" type="stmt"/>
        <line num="44" count="31" type="stmt"/>
        <line num="45" count="31" type="stmt"/>
        <line num="46" count="31" type="stmt"/>
        <line num="47" count="31" type="stmt"/>
        <line num="49" count="0" type="stmt"/>
        <line num="50" count="0" type="stmt"/>
        <line num="51" count="0" type="cond" truecount="0" falsecount="2"/>
        <line num="52" count="0" type="stmt"/>
        <line num="54" count="0" type="stmt"/>
        <line num="56" count="31" type="stmt"/>
        <line num="60" count="31" type="stmt"/>
        <line num="61" count="31" type="stmt"/>
        <line num="65" count="1" type="cond" truecount="1" falsecount="1"/>
        <line num="66" count="1" type="stmt"/>
        <line num="67" count="1" type="stmt"/>
        <line num="72" count="2" type="cond" truecount="1" falsecount="1"/>
        <line num="73" count="2" type="stmt"/>
        <line num="74" count="2" type="stmt"/>
        <line num="79" count="1" type="cond" truecount="1" falsecount="1"/>
        <line num="80" count="1" type="stmt"/>
        <line num="81" count="1" type="stmt"/>
        <line num="86" count="0" type="stmt"/>
        <line num="87" count="0" type="stmt"/>
        <line num="92" count="2" type="cond" truecount="1" falsecount="1"/>
        <line num="93" count="2" type="stmt"/>
        <line num="94" count="2" type="stmt"/>
        <line num="95" count="2" type="stmt"/>
        <line num="96" count="2" type="stmt"/>
        <line num="97" count="2" type="stmt"/>
        <line num="102" count="8" type="cond" truecount="1" falsecount="1"/>
        <line num="103" count="8" type="stmt"/>
        <line num="105" count="0" type="stmt"/>
        <line num="106" count="0" type="stmt"/>
        <line num="107" count="0" type="cond" truecount="0" falsecount="2"/>
        <line num="108" count="0" type="stmt"/>
        <line num="110" count="0" type="stmt"/>
        <line num="112" count="8" type="cond" truecount="1" falsecount="1"/>
        <line num="113" count="8" type="stmt"/>
        <line num="115" count="8" type="stmt"/>
        <line num="120" count="2" type="stmt"/>
        <line num="124" count="2" type="stmt"/>
      </file>
    </package>
    <package name="src.app.user.utente-form">
      <metrics statements="33" coveredstatements="28" conditionals="10" coveredconditionals="8" methods="9" coveredmethods="8"/>
      <file name="utente-form.component.ts" path="C:\Users\carlo\IdeaProjects\BookAdvisor_SQLServer\angularclient\src\app\user\utente-form\utente-form.component.ts">
        <metrics statements="33" coveredstatements="28" conditionals="10" coveredconditionals="8" methods="9" coveredmethods="8"/>
        <line num="16" count="72" type="stmt"/>
        <line num="17" count="14" type="stmt"/>
        <line num="18" count="14" type="stmt"/>
        <line num="27" count="14" type="stmt"/>
        <line num="31" count="14" type="cond" truecount="2" falsecount="0"/>
        <line num="32" count="2" type="stmt"/>
        <line num="37" count="10" type="stmt"/>
        <line num="38" count="10" type="stmt"/>
        <line num="39" count="10" type="stmt"/>
        <line num="40" count="10" type="stmt"/>
        <line num="41" count="10" type="stmt"/>
        <line num="42" count="2" type="stmt"/>
        <line num="43" count="2" type="stmt"/>
        <line num="44" count="2" type="stmt"/>
        <line num="45" count="2" type="stmt"/>
        <line num="47" count="2" type="stmt"/>
        <line num="48" count="2" type="stmt"/>
        <line num="49" count="2" type="stmt"/>
        <line num="51" count="10" type="cond" truecount="2" falsecount="0"/>
        <line num="52" count="9" type="stmt"/>
        <line num="53" count="9" type="stmt"/>
        <line num="54" count="9" type="stmt"/>
        <line num="58" count="0" type="stmt"/>
        <line num="59" count="0" type="stmt"/>
        <line num="60" count="0" type="cond" truecount="0" falsecount="2"/>
        <line num="61" count="0" type="stmt"/>
        <line num="63" count="0" type="stmt"/>
        <line num="65" count="10" type="stmt"/>
        <line num="68" count="9" type="stmt"/>
        <line num="72" count="9660" type="stmt"/>
        <line num="73" count="9660" type="cond" truecount="2" falsecount="0"/>
        <line num="77" count="27370" type="stmt"/>
        <line num="78" count="27370" type="cond" truecount="2" falsecount="0"/>
      </file>
    </package>
    <package name="src.app.user.utente-list">
      <metrics statements="22" coveredstatements="10" conditionals="10" coveredconditionals="4" methods="8" coveredmethods="6"/>
      <file name="utente-list.component.ts" path="C:\Users\carlo\IdeaProjects\BookAdvisor_SQLServer\angularclient\src\app\user\utente-list\utente-list.component.ts">
        <metrics statements="22" coveredstatements="10" conditionals="10" coveredconditionals="4" methods="8" coveredmethods="6"/>
        <line num="13" count="72" type="stmt"/>
        <line num="14" count="2" type="stmt"/>
        <line num="15" count="2" type="stmt"/>
        <line num="18" count="2" type="cond" truecount="1" falsecount="1"/>
        <line num="19" count="6" type="stmt"/>
        <line num="21" count="0" type="stmt"/>
        <line num="22" count="0" type="stmt"/>
        <line num="23" count="0" type="cond" truecount="0" falsecount="2"/>
        <line num="24" count="0" type="stmt"/>
        <line num="26" count="0" type="stmt"/>
        <line num="30" count="0" type="stmt"/>
        <line num="35" count="2" type="cond" truecount="1" falsecount="1"/>
        <line num="36" count="2" type="stmt"/>
        <line num="38" count="0" type="stmt"/>
        <line num="39" count="0" type="stmt"/>
        <line num="40" count="0" type="cond" truecount="0" falsecount="2"/>
        <line num="41" count="0" type="stmt"/>
        <line num="43" count="0" type="stmt"/>
        <line num="45" count="2" type="stmt"/>
        <line num="46" count="6" type="cond" truecount="2" falsecount="0"/>
        <line num="47" count="2" type="stmt"/>
        <line num="52" count="0" type="stmt"/>
      </file>
    </package>
    <package name="src.app.user.utente-update">
      <metrics statements="47" coveredstatements="27" conditionals="14" coveredconditionals="7" methods="9" coveredmethods="7"/>
      <file name="utente-update.component.ts" path="C:\Users\carlo\IdeaProjects\BookAdvisor_SQLServer\angularclient\src\app\user\utente-update\utente-update.component.ts">
        <metrics statements="47" coveredstatements="27" conditionals="14" coveredconditionals="7" methods="9" coveredmethods="7"/>
        <line num="15" count="72" type="stmt"/>
        <line num="16" count="72" type="stmt"/>
        <line num="17" count="72" type="stmt"/>
        <line num="18" count="2" type="stmt"/>
        <line num="19" count="2" type="stmt"/>
        <line num="28" count="2" type="stmt"/>
        <line num="32" count="2" type="cond" truecount="1" falsecount="1"/>
        <line num="33" count="2" type="stmt"/>
        <line num="34" count="2" type="stmt"/>
        <line num="35" count="2" type="stmt"/>
        <line num="36" count="2" type="stmt"/>
        <line num="37" count="2" type="stmt"/>
        <line num="39" count="0" type="stmt"/>
        <line num="43" count="2" type="cond" truecount="1" falsecount="1"/>
        <line num="44" count="2" type="stmt"/>
        <line num="45" count="2" type="stmt"/>
        <line num="46" count="2" type="stmt"/>
        <line num="47" count="2" type="stmt"/>
        <line num="48" count="2" type="stmt"/>
        <line num="49" count="0" type="stmt"/>
        <line num="50" count="0" type="stmt"/>
        <line num="51" count="0" type="stmt"/>
        <line num="52" count="0" type="stmt"/>
        <line num="54" count="0" type="stmt"/>
        <line num="55" count="0" type="stmt"/>
        <line num="56" count="0" type="stmt"/>
        <line num="58" count="2" type="cond" truecount="1" falsecount="1"/>
        <line num="59" count="2" type="stmt"/>
        <line num="60" count="2" type="stmt"/>
        <line num="61" count="2" type="stmt"/>
        <line num="65" count="0" type="stmt"/>
        <line num="66" count="0" type="stmt"/>
        <line num="67" count="0" type="cond" truecount="0" falsecount="2"/>
        <line num="68" count="0" type="stmt"/>
        <line num="70" count="0" type="stmt"/>
        <line num="72" count="2" type="stmt"/>
        <line num="74" count="0" type="stmt"/>
        <line num="78" count="500" type="stmt"/>
        <line num="79" count="500" type="cond" truecount="2" falsecount="0"/>
        <line num="83" count="1000" type="stmt"/>
        <line num="84" count="1000" type="cond" truecount="2" falsecount="0"/>
        <line num="88" count="0" type="stmt"/>
        <line num="89" count="0" type="cond" truecount="0" falsecount="2"/>
        <line num="90" count="0" type="stmt"/>
        <line num="91" count="0" type="stmt"/>
        <line num="94" count="0" type="stmt"/>
        <line num="95" count="0" type="stmt"/>
      </file>
    </package>
    <package name="src.environments">
      <metrics statements="1" coveredstatements="1" conditionals="0" coveredconditionals="0" methods="0" coveredmethods="0"/>
      <file name="environment.ts" path="C:\Users\carlo\IdeaProjects\BookAdvisor_SQLServer\angularclient\src\environments\environment.ts">
        <metrics statements="1" coveredstatements="1" conditionals="0" coveredconditionals="0" methods="0" coveredmethods="0"/>
        <line num="5" count="72" type="stmt"/>
      </file>
    </package>
  </project>
</coverage>
