{"C:\\Users\\carlo\\IdeaProjects\\BookAdvisor_SQLServer\\angularclient\\src\\main.ts": {"path":"C:\\Users\\carlo\\IdeaProjects\\BookAdvisor_SQLServer\\angularclient\\src\\main.ts","statementMap":{"0":{"start":{"line":7,"column":0},"end":{"line":9,"column":null}},"1":{"start":{"line":8,"column":2},"end":{"line":8,"column":19}},"2":{"start":{"line":11,"column":0},"end":{"line":12,"column":36}},"3":{"start":{"line":12,"column":16},"end":{"line":12,"column":34}}},"fnMap":{"0":{"name":"(anonymous_0)","decl":{"start":{"line":12,"column":9},"end":{"line":12,"column":12}},"loc":{"start":{"line":12,"column":16},"end":{"line":12,"column":34}}}},"branchMap":{"0":{"loc":{"start":{"line":7,"column":0},"end":{"line":9,"column":null}},"type":"if","locations":[{"start":{"line":7,"column":0},"end":{"line":9,"column":null}},{"start":{"line":7,"column":0},"end":{"line":9,"column":null}}]}},"s":{"0":72,"1":0,"2":72,"3":0},"f":{"0":0},"b":{"0":[0,72]}}
,"C:\\Users\\carlo\\IdeaProjects\\BookAdvisor_SQLServer\\angularclient\\src\\app\\app-routing.module.ts": {"path":"C:\\Users\\carlo\\IdeaProjects\\BookAdvisor_SQLServer\\angularclient\\src\\app\\app-routing.module.ts","statementMap":{"0":{"start":{"line":15,"column":23},"end":{"line":67,"column":2}},"1":{"start":{"line":73,"column":0},"end":{"line":73,"column":null}},"2":{"start":{"line":73,"column":13},"end":{"line":73,"column":null}}},"fnMap":{},"branchMap":{},"s":{"0":72,"1":72,"2":72},"f":{},"b":{}}
,"C:\\Users\\carlo\\IdeaProjects\\BookAdvisor_SQLServer\\angularclient\\src\\app\\app.component.ts": {"path":"C:\\Users\\carlo\\IdeaProjects\\BookAdvisor_SQLServer\\angularclient\\src\\app\\app.component.ts","statementMap":{"0":{"start":{"line":17,"column":0},"end":{"line":73,"column":null}},"1":{"start":{"line":26,"column":22},"end":{"line":26,"column":37}},"2":{"start":{"line":26,"column":60},"end":{"line":26,"column":66}},"3":{"start":{"line":26,"column":86},"end":{"line":26,"column":109}},"4":{"start":{"line":26,"column":140},"end":{"line":26,"column":148}},"5":{"start":{"line":26,"column":164},"end":{"line":26,"column":178}},"6":{"start":{"line":18,"column":2},"end":{"line":18,"column":24}},"7":{"start":{"line":19,"column":10},"end":{"line":19,"column":37}},"8":{"start":{"line":20,"column":10},"end":{"line":20,"column":33}},"9":{"start":{"line":21,"column":2},"end":{"line":21,"column":34}},"10":{"start":{"line":22,"column":2},"end":{"line":24,"column":7}},"11":{"start":{"line":27,"column":4},"end":{"line":27,"column":22}},"12":{"start":{"line":30,"column":4},"end":{"line":38,"column":9}},"13":{"start":{"line":30,"column":59},"end":{"line":30,"column":110}},"14":{"start":{"line":30,"column":84},"end":{"line":30,"column":108}},"15":{"start":{"line":32,"column":25},"end":{"line":32,"column":43}},"16":{"start":{"line":33,"column":8},"end":{"line":33,"column":null}},"17":{"start":{"line":34,"column":8},"end":{"line":37,"column":41}},"18":{"start":{"line":35,"column":10},"end":{"line":35,"column":43}},"19":{"start":{"line":37,"column":13},"end":{"line":37,"column":41}},"20":{"start":{"line":42,"column":4},"end":{"line":45,"column":null}},"21":{"start":{"line":43,"column":6},"end":{"line":43,"column":46}},"22":{"start":{"line":44,"column":6},"end":{"line":44,"column":34}},"23":{"start":{"line":49,"column":16},"end":{"line":49,"column":39}},"24":{"start":{"line":50,"column":4},"end":{"line":50,"column":85}},"25":{"start":{"line":54,"column":4},"end":{"line":54,"column":26}},"26":{"start":{"line":55,"column":4},"end":{"line":55,"column":94}},"27":{"start":{"line":56,"column":4},"end":{"line":56,"column":33}},"28":{"start":{"line":57,"column":4},"end":{"line":57,"column":27}},"29":{"start":{"line":61,"column":4},"end":{"line":61,"column":27}},"30":{"start":{"line":62,"column":4},"end":{"line":64,"column":null}},"31":{"start":{"line":63,"column":6},"end":{"line":63,"column":105}},"32":{"start":{"line":63,"column":80},"end":{"line":63,"column":103}},"33":{"start":{"line":68,"column":4},"end":{"line":70,"column":null}},"34":{"start":{"line":69,"column":6},"end":{"line":69,"column":50}},"35":{"start":{"line":17,"column":13},"end":{"line":73,"column":null}}},"fnMap":{"0":{"name":"(anonymous_0)","decl":{"start":{"line":26,"column":2},"end":{"line":26,"column":22}},"loc":{"start":{"line":26,"column":190},"end":{"line":28,"column":3}}},"1":{"name":"(anonymous_1)","decl":{"start":{"line":29,"column":8},"end":{"line":29,"column":18}},"loc":{"start":{"line":29,"column":18},"end":{"line":39,"column":null}}},"2":{"name":"(anonymous_3)","decl":{"start":{"line":30,"column":48},"end":{"line":30,"column":54}},"loc":{"start":{"line":30,"column":57},"end":{"line":30,"column":110}}},"3":{"name":"(anonymous_4)","decl":{"start":{"line":30,"column":74},"end":{"line":30,"column":79}},"loc":{"start":{"line":30,"column":82},"end":{"line":30,"column":108}}},"4":{"name":"(anonymous_5)","decl":{"start":{"line":31,"column":13},"end":{"line":31,"column":18}},"loc":{"start":{"line":31,"column":21},"end":{"line":38,"column":7}}},"5":{"name":"(anonymous_6)","decl":{"start":{"line":41,"column":2},"end":{"line":41,"column":8}},"loc":{"start":{"line":41,"column":8},"end":{"line":46,"column":3}}},"6":{"name":"(anonymous_7)","decl":{"start":{"line":48,"column":2},"end":{"line":48,"column":7}},"loc":{"start":{"line":48,"column":7},"end":{"line":51,"column":3}}},"7":{"name":"(anonymous_8)","decl":{"start":{"line":53,"column":3},"end":{"line":53,"column":11}},"loc":{"start":{"line":53,"column":11},"end":{"line":58,"column":3}}},"8":{"name":"(anonymous_9)","decl":{"start":{"line":60,"column":2},"end":{"line":60,"column":12}},"loc":{"start":{"line":60,"column":22},"end":{"line":65,"column":3}}},"9":{"name":"(anonymous_10)","decl":{"start":{"line":63,"column":71},"end":{"line":63,"column":75}},"loc":{"start":{"line":63,"column":78},"end":{"line":63,"column":103}}},"10":{"name":"(anonymous_11)","decl":{"start":{"line":67,"column":2},"end":{"line":67,"column":14}},"loc":{"start":{"line":67,"column":14},"end":{"line":71,"column":3}}}},"branchMap":{"0":{"loc":{"start":{"line":34,"column":8},"end":{"line":37,"column":41}},"type":"if","locations":[{"start":{"line":34,"column":8},"end":{"line":37,"column":41}},{"start":{"line":34,"column":8},"end":{"line":37,"column":41}}]},"1":{"loc":{"start":{"line":42,"column":4},"end":{"line":45,"column":null}},"type":"if","locations":[{"start":{"line":42,"column":4},"end":{"line":45,"column":null}},{"start":{"line":42,"column":4},"end":{"line":45,"column":null}}]},"2":{"loc":{"start":{"line":62,"column":4},"end":{"line":64,"column":null}},"type":"if","locations":[{"start":{"line":62,"column":4},"end":{"line":64,"column":null}},{"start":{"line":62,"column":4},"end":{"line":64,"column":null}}]},"3":{"loc":{"start":{"line":68,"column":4},"end":{"line":70,"column":null}},"type":"if","locations":[{"start":{"line":68,"column":4},"end":{"line":70,"column":null}},{"start":{"line":68,"column":4},"end":{"line":70,"column":null}}]}},"s":{"0":72,"1":72,"2":72,"3":72,"4":72,"5":72,"6":72,"7":72,"8":72,"9":72,"10":72,"11":72,"12":72,"13":72,"14":336,"15":0,"16":0,"17":0,"18":0,"19":0,"20":3,"21":3,"22":3,"23":66,"24":66,"25":2,"26":2,"27":2,"28":2,"29":418,"30":418,"31":27,"32":2,"33":346,"34":105,"35":72},"f":{"0":72,"1":72,"2":72,"3":336,"4":0,"5":3,"6":66,"7":2,"8":418,"9":2,"10":346},"b":{"0":[0,0],"1":[3,0],"2":[27,391],"3":[105,241]}}
,"C:\\Users\\carlo\\IdeaProjects\\BookAdvisor_SQLServer\\angularclient\\src\\app\\app.module.ts": {"path":"C:\\Users\\carlo\\IdeaProjects\\BookAdvisor_SQLServer\\angularclient\\src\\app\\app.module.ts","statementMap":{"0":{"start":{"line":47,"column":0},"end":{"line":47,"column":null}},"1":{"start":{"line":47,"column":13},"end":{"line":47,"column":null}}},"fnMap":{},"branchMap":{},"s":{"0":72,"1":72},"f":{},"b":{}}
,"C:\\Users\\carlo\\IdeaProjects\\BookAdvisor_SQLServer\\angularclient\\src\\app\\author\\author.module.ts": {"path":"C:\\Users\\carlo\\IdeaProjects\\BookAdvisor_SQLServer\\angularclient\\src\\app\\author\\author.module.ts","statementMap":{"0":{"start":{"line":35,"column":0},"end":{"line":35,"column":null}},"1":{"start":{"line":35,"column":13},"end":{"line":35,"column":null}}},"fnMap":{},"branchMap":{},"s":{"0":72,"1":72},"f":{},"b":{}}
,"C:\\Users\\carlo\\IdeaProjects\\BookAdvisor_SQLServer\\angularclient\\src\\app\\author\\author\\author.component.ts": {"path":"C:\\Users\\carlo\\IdeaProjects\\BookAdvisor_SQLServer\\angularclient\\src\\app\\author\\author\\author.component.ts","statementMap":{"0":{"start":{"line":16,"column":0},"end":{"line":119,"column":null}},"1":{"start":{"line":22,"column":22},"end":{"line":22,"column":28}},"2":{"start":{"line":22,"column":48},"end":{"line":22,"column":56}},"3":{"start":{"line":22,"column":72},"end":{"line":22,"column":79}},"4":{"start":{"line":22,"column":103},"end":{"line":22,"column":119}},"5":{"start":{"line":22,"column":142},"end":{"line":22,"column":155}},"6":{"start":{"line":22,"column":177},"end":{"line":22,"column":200}},"7":{"start":{"line":18,"column":2},"end":{"line":18,"column":34}},"8":{"start":{"line":19,"column":2},"end":{"line":19,"column":26}},"9":{"start":{"line":20,"column":2},"end":{"line":20,"column":26}},"10":{"start":{"line":23,"column":4},"end":{"line":23,"column":31}},"11":{"start":{"line":24,"column":4},"end":{"line":28,"column":7}},"12":{"start":{"line":25,"column":6},"end":{"line":27,"column":null}},"13":{"start":{"line":26,"column":8},"end":{"line":26,"column":26}},"14":{"start":{"line":32,"column":4},"end":{"line":32,"column":26}},"15":{"start":{"line":33,"column":4},"end":{"line":33,"column":28}},"16":{"start":{"line":34,"column":4},"end":{"line":34,"column":24}},"17":{"start":{"line":35,"column":4},"end":{"line":35,"column":24}},"18":{"start":{"line":36,"column":4},"end":{"line":44,"column":9}},"19":{"start":{"line":36,"column":103},"end":{"line":36,"column":122}},"20":{"start":{"line":38,"column":25},"end":{"line":38,"column":43}},"21":{"start":{"line":39,"column":8},"end":{"line":39,"column":null}},"22":{"start":{"line":40,"column":8},"end":{"line":43,"column":41}},"23":{"start":{"line":41,"column":10},"end":{"line":41,"column":43}},"24":{"start":{"line":43,"column":13},"end":{"line":43,"column":41}},"25":{"start":{"line":45,"column":4},"end":{"line":53,"column":9}},"26":{"start":{"line":45,"column":92},"end":{"line":45,"column":145}},"27":{"start":{"line":45,"column":114},"end":{"line":45,"column":143}},"28":{"start":{"line":47,"column":25},"end":{"line":47,"column":43}},"29":{"start":{"line":48,"column":8},"end":{"line":48,"column":null}},"30":{"start":{"line":49,"column":8},"end":{"line":52,"column":41}},"31":{"start":{"line":50,"column":10},"end":{"line":50,"column":43}},"32":{"start":{"line":52,"column":13},"end":{"line":52,"column":41}},"33":{"start":{"line":56,"column":4},"end":{"line":58,"column":null}},"34":{"start":{"line":57,"column":6},"end":{"line":57,"column":48}},"35":{"start":{"line":65,"column":4},"end":{"line":68,"column":null}},"36":{"start":{"line":66,"column":6},"end":{"line":66,"column":42}},"37":{"start":{"line":67,"column":6},"end":{"line":67,"column":26}},"38":{"start":{"line":72,"column":4},"end":{"line":75,"column":null}},"39":{"start":{"line":73,"column":6},"end":{"line":73,"column":25}},"40":{"start":{"line":74,"column":6},"end":{"line":74,"column":26}},"41":{"start":{"line":79,"column":4},"end":{"line":82,"column":null}},"42":{"start":{"line":80,"column":6},"end":{"line":80,"column":25}},"43":{"start":{"line":81,"column":6},"end":{"line":81,"column":26}},"44":{"start":{"line":86,"column":4},"end":{"line":86,"column":24}},"45":{"start":{"line":87,"column":4},"end":{"line":87,"column":24}},"46":{"start":{"line":91,"column":4},"end":{"line":97,"column":null}},"47":{"start":{"line":92,"column":6},"end":{"line":92,"column":63}},"48":{"start":{"line":93,"column":6},"end":{"line":93,"column":51}},"49":{"start":{"line":94,"column":6},"end":{"line":94,"column":51}},"50":{"start":{"line":95,"column":6},"end":{"line":95,"column":51}},"51":{"start":{"line":96,"column":6},"end":{"line":96,"column":26}},"52":{"start":{"line":101,"column":4},"end":{"line":116,"column":null}},"53":{"start":{"line":102,"column":29},"end":{"line":102,"column":33}},"54":{"start":{"line":103,"column":6},"end":{"line":112,"column":11}},"55":{"start":{"line":105,"column":10},"end":{"line":105,"column":26}},"56":{"start":{"line":106,"column":27},"end":{"line":106,"column":45}},"57":{"start":{"line":107,"column":10},"end":{"line":107,"column":null}},"58":{"start":{"line":108,"column":10},"end":{"line":111,"column":65}},"59":{"start":{"line":109,"column":12},"end":{"line":109,"column":45}},"60":{"start":{"line":111,"column":15},"end":{"line":111,"column":65}},"61":{"start":{"line":111,"column":37},"end":{"line":111,"column":65}},"62":{"start":{"line":113,"column":6},"end":{"line":115,"column":null}},"63":{"start":{"line":114,"column":8},"end":{"line":114,"column":36}},"64":{"start":{"line":16,"column":13},"end":{"line":119,"column":null}}},"fnMap":{"0":{"name":"(anonymous_0)","decl":{"start":{"line":22,"column":2},"end":{"line":22,"column":22}},"loc":{"start":{"line":22,"column":221},"end":{"line":29,"column":3}}},"1":{"name":"(anonymous_1)","decl":{"start":{"line":24,"column":63},"end":{"line":24,"column":64}},"loc":{"start":{"line":24,"column":73},"end":{"line":28,"column":5}}},"2":{"name":"(anonymous_2)","decl":{"start":{"line":31,"column":15},"end":{"line":31,"column":25}},"loc":{"start":{"line":31,"column":25},"end":{"line":54,"column":null}}},"3":{"name":"(anonymous_4)","decl":{"start":{"line":36,"column":94},"end":{"line":36,"column":98}},"loc":{"start":{"line":36,"column":101},"end":{"line":36,"column":122}}},"4":{"name":"(anonymous_5)","decl":{"start":{"line":37,"column":13},"end":{"line":37,"column":18}},"loc":{"start":{"line":37,"column":21},"end":{"line":44,"column":7}}},"5":{"name":"(anonymous_6)","decl":{"start":{"line":45,"column":82},"end":{"line":45,"column":87}},"loc":{"start":{"line":45,"column":90},"end":{"line":45,"column":145}}},"6":{"name":"(anonymous_7)","decl":{"start":{"line":45,"column":106},"end":{"line":45,"column":110}},"loc":{"start":{"line":45,"column":114},"end":{"line":45,"column":143}}},"7":{"name":"(anonymous_8)","decl":{"start":{"line":46,"column":13},"end":{"line":46,"column":18}},"loc":{"start":{"line":46,"column":21},"end":{"line":53,"column":7}}},"8":{"name":"(anonymous_9)","decl":{"start":{"line":55,"column":2},"end":{"line":55,"column":13}},"loc":{"start":{"line":55,"column":13},"end":{"line":59,"column":3}}},"9":{"name":"(anonymous_10)","decl":{"start":{"line":61,"column":2},"end":{"line":61,"column":10}},"loc":{"start":{"line":61,"column":10},"end":{"line":62,"column":3}}},"10":{"name":"(anonymous_11)","decl":{"start":{"line":64,"column":2},"end":{"line":64,"column":17}},"loc":{"start":{"line":64,"column":31},"end":{"line":69,"column":3}}},"11":{"name":"(anonymous_12)","decl":{"start":{"line":71,"column":2},"end":{"line":71,"column":14}},"loc":{"start":{"line":71,"column":14},"end":{"line":76,"column":3}}},"12":{"name":"(anonymous_13)","decl":{"start":{"line":78,"column":2},"end":{"line":78,"column":13}},"loc":{"start":{"line":78,"column":13},"end":{"line":83,"column":3}}},"13":{"name":"(anonymous_14)","decl":{"start":{"line":85,"column":2},"end":{"line":85,"column":19}},"loc":{"start":{"line":85,"column":19},"end":{"line":88,"column":3}}},"14":{"name":"(anonymous_15)","decl":{"start":{"line":90,"column":2},"end":{"line":90,"column":16}},"loc":{"start":{"line":90,"column":39},"end":{"line":98,"column":3}}},"15":{"name":"(anonymous_16)","decl":{"start":{"line":100,"column":8},"end":{"line":100,"column":20}},"loc":{"start":{"line":100,"column":20},"end":{"line":117,"column":null}}},"16":{"name":"(anonymous_18)","decl":{"start":{"line":104,"column":15},"end":{"line":104,"column":20}},"loc":{"start":{"line":104,"column":23},"end":{"line":112,"column":9}}}},"branchMap":{"0":{"loc":{"start":{"line":25,"column":6},"end":{"line":27,"column":null}},"type":"if","locations":[{"start":{"line":25,"column":6},"end":{"line":27,"column":null}},{"start":{"line":25,"column":6},"end":{"line":27,"column":null}}]},"1":{"loc":{"start":{"line":40,"column":8},"end":{"line":43,"column":41}},"type":"if","locations":[{"start":{"line":40,"column":8},"end":{"line":43,"column":41}},{"start":{"line":40,"column":8},"end":{"line":43,"column":41}}]},"2":{"loc":{"start":{"line":49,"column":8},"end":{"line":52,"column":41}},"type":"if","locations":[{"start":{"line":49,"column":8},"end":{"line":52,"column":41}},{"start":{"line":49,"column":8},"end":{"line":52,"column":41}}]},"3":{"loc":{"start":{"line":56,"column":4},"end":{"line":58,"column":null}},"type":"if","locations":[{"start":{"line":56,"column":4},"end":{"line":58,"column":null}},{"start":{"line":56,"column":4},"end":{"line":58,"column":null}}]},"4":{"loc":{"start":{"line":65,"column":4},"end":{"line":68,"column":null}},"type":"if","locations":[{"start":{"line":65,"column":4},"end":{"line":68,"column":null}},{"start":{"line":65,"column":4},"end":{"line":68,"column":null}}]},"5":{"loc":{"start":{"line":72,"column":4},"end":{"line":75,"column":null}},"type":"if","locations":[{"start":{"line":72,"column":4},"end":{"line":75,"column":null}},{"start":{"line":72,"column":4},"end":{"line":75,"column":null}}]},"6":{"loc":{"start":{"line":79,"column":4},"end":{"line":82,"column":null}},"type":"if","locations":[{"start":{"line":79,"column":4},"end":{"line":82,"column":null}},{"start":{"line":79,"column":4},"end":{"line":82,"column":null}}]},"7":{"loc":{"start":{"line":91,"column":4},"end":{"line":97,"column":null}},"type":"if","locations":[{"start":{"line":91,"column":4},"end":{"line":97,"column":null}},{"start":{"line":91,"column":4},"end":{"line":97,"column":null}}]},"8":{"loc":{"start":{"line":101,"column":4},"end":{"line":116,"column":null}},"type":"if","locations":[{"start":{"line":101,"column":4},"end":{"line":116,"column":null}},{"start":{"line":101,"column":4},"end":{"line":116,"column":null}}]},"9":{"loc":{"start":{"line":108,"column":10},"end":{"line":111,"column":65}},"type":"if","locations":[{"start":{"line":108,"column":10},"end":{"line":111,"column":65}},{"start":{"line":108,"column":10},"end":{"line":111,"column":65}}]},"10":{"loc":{"start":{"line":111,"column":15},"end":{"line":111,"column":65}},"type":"if","locations":[{"start":{"line":111,"column":15},"end":{"line":111,"column":65}},{"start":{"line":111,"column":15},"end":{"line":111,"column":65}}]},"11":{"loc":{"start":{"line":113,"column":6},"end":{"line":115,"column":null}},"type":"if","locations":[{"start":{"line":113,"column":6},"end":{"line":115,"column":null}},{"start":{"line":113,"column":6},"end":{"line":115,"column":null}}]}},"s":{"0":72,"1":8,"2":8,"3":8,"4":8,"5":8,"6":8,"7":8,"8":8,"9":8,"10":8,"11":8,"12":80,"13":8,"14":8,"15":8,"16":8,"17":8,"18":8,"19":8,"20":0,"21":0,"22":0,"23":0,"24":0,"25":8,"26":8,"27":4,"28":0,"29":0,"30":0,"31":0,"32":0,"33":6,"34":6,"35":2,"36":2,"37":2,"38":2,"39":2,"40":2,"41":2,"42":2,"43":2,"44":0,"45":0,"46":2,"47":2,"48":2,"49":2,"50":2,"51":2,"52":8,"53":8,"54":8,"55":2,"56":2,"57":2,"58":2,"59":0,"60":2,"61":0,"62":8,"63":6,"64":72},"f":{"0":8,"1":80,"2":8,"3":8,"4":0,"5":8,"6":4,"7":0,"8":6,"9":8,"10":2,"11":2,"12":2,"13":0,"14":2,"15":8,"16":2},"b":{"0":[8,72],"1":[0,0],"2":[0,0],"3":[6,0],"4":[2,0],"5":[2,0],"6":[2,0],"7":[2,0],"8":[8,0],"9":[0,2],"10":[0,2],"11":[6,2]}}
,"C:\\Users\\carlo\\IdeaProjects\\BookAdvisor_SQLServer\\angularclient\\src\\app\\author\\author-form\\author-form.component.ts": {"path":"C:\\Users\\carlo\\IdeaProjects\\BookAdvisor_SQLServer\\angularclient\\src\\app\\author\\author-form\\author-form.component.ts","statementMap":{"0":{"start":{"line":16,"column":0},"end":{"line":107,"column":null}},"1":{"start":{"line":28,"column":22},"end":{"line":28,"column":29}},"2":{"start":{"line":28,"column":53},"end":{"line":28,"column":61}},"3":{"start":{"line":28,"column":77},"end":{"line":28,"column":92}},"4":{"start":{"line":28,"column":115},"end":{"line":28,"column":139}},"5":{"start":{"line":28,"column":171},"end":{"line":28,"column":194}},"6":{"start":{"line":17,"column":2},"end":{"line":17,"column":29}},"7":{"start":{"line":18,"column":2},"end":{"line":23,"column":5}},"8":{"start":{"line":25,"column":20},"end":{"line":25,"column":99}},"9":{"start":{"line":26,"column":20},"end":{"line":26,"column":105}},"10":{"start":{"line":27,"column":20},"end":{"line":27,"column":74}},"11":{"start":{"line":35,"column":4},"end":{"line":71,"column":37}},"12":{"start":{"line":36,"column":24},"end":{"line":36,"column":176}},"13":{"start":{"line":37,"column":6},"end":{"line":67,"column":null}},"14":{"start":{"line":37,"column":74},"end":{"line":59,"column":null}},"15":{"start":{"line":38,"column":8},"end":{"line":47,"column":null}},"16":{"start":{"line":39,"column":31},"end":{"line":39,"column":46}},"17":{"start":{"line":40,"column":25},"end":{"line":40,"column":27}},"18":{"start":{"line":41,"column":10},"end":{"line":43,"column":null}},"19":{"start":{"line":42,"column":12},"end":{"line":42,"column":39}},"20":{"start":{"line":44,"column":26},"end":{"line":44,"column":56}},"21":{"start":{"line":45,"column":10},"end":{"line":45,"column":36}},"22":{"start":{"line":46,"column":10},"end":{"line":46,"column":32}},"23":{"start":{"line":48,"column":8},"end":{"line":57,"column":null}},"24":{"start":{"line":49,"column":10},"end":{"line":49,"column":34}},"25":{"start":{"line":50,"column":10},"end":{"line":50,"column":33}},"26":{"start":{"line":51,"column":10},"end":{"line":56,"column":null}},"27":{"start":{"line":52,"column":12},"end":{"line":52,"column":61}},"28":{"start":{"line":54,"column":15},"end":{"line":56,"column":null}},"29":{"start":{"line":55,"column":12},"end":{"line":55,"column":35}},"30":{"start":{"line":61,"column":25},"end":{"line":61,"column":43}},"31":{"start":{"line":62,"column":8},"end":{"line":62,"column":null}},"32":{"start":{"line":63,"column":8},"end":{"line":66,"column":41}},"33":{"start":{"line":64,"column":10},"end":{"line":64,"column":43}},"34":{"start":{"line":66,"column":13},"end":{"line":66,"column":41}},"35":{"start":{"line":69,"column":6},"end":{"line":69,"column":29}},"36":{"start":{"line":71,"column":9},"end":{"line":71,"column":37}},"37":{"start":{"line":75,"column":4},"end":{"line":83,"column":9}},"38":{"start":{"line":75,"column":90},"end":{"line":75,"column":124}},"39":{"start":{"line":77,"column":25},"end":{"line":77,"column":43}},"40":{"start":{"line":78,"column":8},"end":{"line":78,"column":null}},"41":{"start":{"line":79,"column":8},"end":{"line":82,"column":41}},"42":{"start":{"line":80,"column":10},"end":{"line":80,"column":43}},"43":{"start":{"line":82,"column":13},"end":{"line":82,"column":41}},"44":{"start":{"line":86,"column":4},"end":{"line":94,"column":9}},"45":{"start":{"line":86,"column":62},"end":{"line":86,"column":103}},"46":{"start":{"line":88,"column":25},"end":{"line":88,"column":43}},"47":{"start":{"line":89,"column":8},"end":{"line":89,"column":null}},"48":{"start":{"line":90,"column":8},"end":{"line":93,"column":41}},"49":{"start":{"line":91,"column":10},"end":{"line":91,"column":43}},"50":{"start":{"line":93,"column":13},"end":{"line":93,"column":41}},"51":{"start":{"line":98,"column":17},"end":{"line":98,"column":43}},"52":{"start":{"line":99,"column":4},"end":{"line":99,"column":37}},"53":{"start":{"line":103,"column":17},"end":{"line":103,"column":43}},"54":{"start":{"line":104,"column":4},"end":{"line":104,"column":46}},"55":{"start":{"line":24,"column":11},"end":{"line":24,"column":null}},"56":{"start":{"line":25,"column":12},"end":{"line":25,"column":null}},"57":{"start":{"line":26,"column":12},"end":{"line":26,"column":null}},"58":{"start":{"line":27,"column":12},"end":{"line":27,"column":null}},"59":{"start":{"line":16,"column":13},"end":{"line":107,"column":null}}},"fnMap":{"0":{"name":"(anonymous_0)","decl":{"start":{"line":28,"column":2},"end":{"line":28,"column":22}},"loc":{"start":{"line":28,"column":215},"end":{"line":29,"column":3}}},"1":{"name":"(anonymous_1)","decl":{"start":{"line":31,"column":2},"end":{"line":31,"column":10}},"loc":{"start":{"line":31,"column":10},"end":{"line":32,"column":3}}},"2":{"name":"(anonymous_2)","decl":{"start":{"line":34,"column":8},"end":{"line":34,"column":16}},"loc":{"start":{"line":34,"column":16},"end":{"line":72,"column":null}}},"3":{"name":"(anonymous_4)","decl":{"start":{"line":37,"column":59},"end":{"line":37,"column":66}},"loc":{"start":{"line":37,"column":74},"end":{"line":59,"column":null}}},"4":{"name":"(anonymous_5)","decl":{"start":{"line":37,"column":74},"end":{"line":37,"column":null}},"loc":{"start":{"line":37,"column":74},"end":{"line":59,"column":7}}},"5":{"name":"(anonymous_6)","decl":{"start":{"line":60,"column":8},"end":{"line":60,"column":13}},"loc":{"start":{"line":60,"column":16},"end":{"line":67,"column":7}}},"6":{"name":"(anonymous_7)","decl":{"start":{"line":74,"column":8},"end":{"line":74,"column":24}},"loc":{"start":{"line":74,"column":48},"end":{"line":84,"column":null}}},"7":{"name":"(anonymous_9)","decl":{"start":{"line":75,"column":79},"end":{"line":75,"column":85}},"loc":{"start":{"line":75,"column":88},"end":{"line":75,"column":124}}},"8":{"name":"(anonymous_10)","decl":{"start":{"line":76,"column":13},"end":{"line":76,"column":18}},"loc":{"start":{"line":76,"column":21},"end":{"line":83,"column":7}}},"9":{"name":"(anonymous_11)","decl":{"start":{"line":85,"column":8},"end":{"line":85,"column":23}},"loc":{"start":{"line":85,"column":23},"end":{"line":95,"column":null}}},"10":{"name":"(anonymous_13)","decl":{"start":{"line":86,"column":50},"end":{"line":86,"column":57}},"loc":{"start":{"line":86,"column":60},"end":{"line":86,"column":103}}},"11":{"name":"(anonymous_14)","decl":{"start":{"line":87,"column":13},"end":{"line":87,"column":18}},"loc":{"start":{"line":87,"column":21},"end":{"line":94,"column":7}}},"12":{"name":"(anonymous_15)","decl":{"start":{"line":97,"column":2},"end":{"line":97,"column":19}},"loc":{"start":{"line":97,"column":33},"end":{"line":100,"column":3}}},"13":{"name":"(anonymous_16)","decl":{"start":{"line":102,"column":2},"end":{"line":102,"column":10}},"loc":{"start":{"line":102,"column":39},"end":{"line":105,"column":3}}}},"branchMap":{"0":{"loc":{"start":{"line":35,"column":4},"end":{"line":71,"column":37}},"type":"if","locations":[{"start":{"line":35,"column":4},"end":{"line":71,"column":37}},{"start":{"line":35,"column":4},"end":{"line":71,"column":37}}]},"1":{"loc":{"start":{"line":48,"column":8},"end":{"line":57,"column":null}},"type":"if","locations":[{"start":{"line":48,"column":8},"end":{"line":57,"column":null}},{"start":{"line":48,"column":8},"end":{"line":57,"column":null}}]},"2":{"loc":{"start":{"line":51,"column":10},"end":{"line":56,"column":null}},"type":"if","locations":[{"start":{"line":51,"column":10},"end":{"line":56,"column":null}},{"start":{"line":51,"column":10},"end":{"line":56,"column":null}}]},"3":{"loc":{"start":{"line":54,"column":15},"end":{"line":56,"column":null}},"type":"if","locations":[{"start":{"line":54,"column":15},"end":{"line":56,"column":null}},{"start":{"line":54,"column":15},"end":{"line":56,"column":null}}]},"4":{"loc":{"start":{"line":63,"column":8},"end":{"line":66,"column":41}},"type":"if","locations":[{"start":{"line":63,"column":8},"end":{"line":66,"column":41}},{"start":{"line":63,"column":8},"end":{"line":66,"column":41}}]},"5":{"loc":{"start":{"line":79,"column":8},"end":{"line":82,"column":41}},"type":"if","locations":[{"start":{"line":79,"column":8},"end":{"line":82,"column":41}},{"start":{"line":79,"column":8},"end":{"line":82,"column":41}}]},"6":{"loc":{"start":{"line":90,"column":8},"end":{"line":93,"column":41}},"type":"if","locations":[{"start":{"line":90,"column":8},"end":{"line":93,"column":41}},{"start":{"line":90,"column":8},"end":{"line":93,"column":41}}]},"7":{"loc":{"start":{"line":99,"column":11},"end":{"line":99,"column":22}},"type":"binary-expr","locations":[{"start":{"line":99,"column":11},"end":{"line":99,"column":22}},{"start":{"line":99,"column":26},"end":{"line":99,"column":36}}]},"8":{"loc":{"start":{"line":104,"column":11},"end":{"line":104,"column":21}},"type":"binary-expr","locations":[{"start":{"line":104,"column":11},"end":{"line":104,"column":21}},{"start":{"line":104,"column":25},"end":{"line":104,"column":45}}]}},"s":{"0":72,"1":10,"2":10,"3":10,"4":10,"5":10,"6":10,"7":10,"8":10,"9":10,"10":10,"11":10,"12":10,"13":10,"14":10,"15":10,"16":0,"17":0,"18":0,"19":0,"20":0,"21":0,"22":0,"23":10,"24":10,"25":10,"26":10,"27":2,"28":8,"29":8,"30":0,"31":0,"32":0,"33":0,"34":0,"35":10,"36":0,"37":2,"38":2,"39":0,"40":0,"41":0,"42":0,"43":0,"44":8,"45":8,"46":0,"47":0,"48":0,"49":0,"50":0,"51":3600,"52":3600,"53":10800,"54":10800,"55":72,"56":72,"57":72,"58":72,"59":72},"f":{"0":10,"1":10,"2":10,"3":10,"4":10,"5":0,"6":2,"7":2,"8":0,"9":8,"10":8,"11":0,"12":3600,"13":10800},"b":{"0":[10,0],"1":[10,0],"2":[2,8],"3":[8,0],"4":[0,0],"5":[0,0],"6":[0,0],"7":[3600,1580],"8":[10800,5160]}}
,"C:\\Users\\carlo\\IdeaProjects\\BookAdvisor_SQLServer\\angularclient\\src\\app\\author\\author-list\\author-list.component.ts": {"path":"C:\\Users\\carlo\\IdeaProjects\\BookAdvisor_SQLServer\\angularclient\\src\\app\\author\\author-list\\author-list.component.ts","statementMap":{"0":{"start":{"line":13,"column":0},"end":{"line":75,"column":null}},"1":{"start":{"line":17,"column":22},"end":{"line":17,"column":28}},"2":{"start":{"line":17,"column":48},"end":{"line":17,"column":56}},"3":{"start":{"line":17,"column":72},"end":{"line":17,"column":79}},"4":{"start":{"line":17,"column":103},"end":{"line":17,"column":118}},"5":{"start":{"line":17,"column":141},"end":{"line":17,"column":164}},"6":{"start":{"line":14,"column":10},"end":{"line":14,"column":37}},"7":{"start":{"line":15,"column":11},"end":{"line":15,"column":38}},"8":{"start":{"line":16,"column":10},"end":{"line":16,"column":42}},"9":{"start":{"line":21,"column":4},"end":{"line":29,"column":9}},"10":{"start":{"line":21,"column":62},"end":{"line":21,"column":115}},"11":{"start":{"line":21,"column":88},"end":{"line":21,"column":113}},"12":{"start":{"line":23,"column":25},"end":{"line":23,"column":43}},"13":{"start":{"line":24,"column":8},"end":{"line":24,"column":null}},"14":{"start":{"line":25,"column":8},"end":{"line":28,"column":41}},"15":{"start":{"line":26,"column":10},"end":{"line":26,"column":43}},"16":{"start":{"line":28,"column":13},"end":{"line":28,"column":41}},"17":{"start":{"line":33,"column":4},"end":{"line":55,"column":null}},"18":{"start":{"line":34,"column":29},"end":{"line":34,"column":33}},"19":{"start":{"line":35,"column":6},"end":{"line":44,"column":11}},"20":{"start":{"line":37,"column":10},"end":{"line":37,"column":26}},"21":{"start":{"line":38,"column":27},"end":{"line":38,"column":45}},"22":{"start":{"line":39,"column":10},"end":{"line":39,"column":null}},"23":{"start":{"line":40,"column":10},"end":{"line":43,"column":65}},"24":{"start":{"line":41,"column":12},"end":{"line":41,"column":45}},"25":{"start":{"line":43,"column":15},"end":{"line":43,"column":65}},"26":{"start":{"line":43,"column":37},"end":{"line":43,"column":65}},"27":{"start":{"line":45,"column":6},"end":{"line":51,"column":null}},"28":{"start":{"line":46,"column":8},"end":{"line":50,"column":11}},"29":{"start":{"line":47,"column":10},"end":{"line":49,"column":null}},"30":{"start":{"line":48,"column":12},"end":{"line":48,"column":65}},"31":{"start":{"line":54,"column":6},"end":{"line":54,"column":34}},"32":{"start":{"line":59,"column":4},"end":{"line":59,"column":26}},"33":{"start":{"line":63,"column":4},"end":{"line":63,"column":27}},"34":{"start":{"line":64,"column":4},"end":{"line":64,"column":27}},"35":{"start":{"line":68,"column":4},"end":{"line":68,"column":49}},"36":{"start":{"line":72,"column":4},"end":{"line":72,"column":27}},"37":{"start":{"line":13,"column":13},"end":{"line":75,"column":null}}},"fnMap":{"0":{"name":"(anonymous_0)","decl":{"start":{"line":17,"column":2},"end":{"line":17,"column":22}},"loc":{"start":{"line":17,"column":185},"end":{"line":17,"column":190}}},"1":{"name":"(anonymous_1)","decl":{"start":{"line":20,"column":8},"end":{"line":20,"column":16}},"loc":{"start":{"line":20,"column":16},"end":{"line":30,"column":null}}},"2":{"name":"(anonymous_3)","decl":{"start":{"line":21,"column":50},"end":{"line":21,"column":57}},"loc":{"start":{"line":21,"column":60},"end":{"line":21,"column":115}}},"3":{"name":"(anonymous_4)","decl":{"start":{"line":21,"column":78},"end":{"line":21,"column":84}},"loc":{"start":{"line":21,"column":88},"end":{"line":21,"column":113}}},"4":{"name":"(anonymous_5)","decl":{"start":{"line":22,"column":13},"end":{"line":22,"column":18}},"loc":{"start":{"line":22,"column":21},"end":{"line":29,"column":7}}},"5":{"name":"(anonymous_6)","decl":{"start":{"line":32,"column":8},"end":{"line":32,"column":20}},"loc":{"start":{"line":32,"column":31},"end":{"line":56,"column":null}}},"6":{"name":"(anonymous_8)","decl":{"start":{"line":36,"column":15},"end":{"line":36,"column":20}},"loc":{"start":{"line":36,"column":23},"end":{"line":44,"column":9}}},"7":{"name":"(anonymous_9)","decl":{"start":{"line":46,"column":29},"end":{"line":46,"column":35}},"loc":{"start":{"line":46,"column":38},"end":{"line":50,"column":9}}},"8":{"name":"(anonymous_10)","decl":{"start":{"line":58,"column":2},"end":{"line":58,"column":11}},"loc":{"start":{"line":58,"column":11},"end":{"line":60,"column":3}}},"9":{"name":"(anonymous_11)","decl":{"start":{"line":62,"column":2},"end":{"line":62,"column":13}},"loc":{"start":{"line":62,"column":35},"end":{"line":65,"column":3}}},"10":{"name":"(anonymous_12)","decl":{"start":{"line":67,"column":2},"end":{"line":67,"column":26}},"loc":{"start":{"line":67,"column":32},"end":{"line":69,"column":3}}},"11":{"name":"(anonymous_13)","decl":{"start":{"line":71,"column":2},"end":{"line":71,"column":19}},"loc":{"start":{"line":71,"column":19},"end":{"line":73,"column":3}}}},"branchMap":{"0":{"loc":{"start":{"line":25,"column":8},"end":{"line":28,"column":41}},"type":"if","locations":[{"start":{"line":25,"column":8},"end":{"line":28,"column":41}},{"start":{"line":25,"column":8},"end":{"line":28,"column":41}}]},"1":{"loc":{"start":{"line":33,"column":4},"end":{"line":55,"column":null}},"type":"if","locations":[{"start":{"line":33,"column":4},"end":{"line":55,"column":null}},{"start":{"line":33,"column":4},"end":{"line":55,"column":null}}]},"2":{"loc":{"start":{"line":40,"column":10},"end":{"line":43,"column":65}},"type":"if","locations":[{"start":{"line":40,"column":10},"end":{"line":43,"column":65}},{"start":{"line":40,"column":10},"end":{"line":43,"column":65}}]},"3":{"loc":{"start":{"line":43,"column":15},"end":{"line":43,"column":65}},"type":"if","locations":[{"start":{"line":43,"column":15},"end":{"line":43,"column":65}},{"start":{"line":43,"column":15},"end":{"line":43,"column":65}}]},"4":{"loc":{"start":{"line":45,"column":6},"end":{"line":51,"column":null}},"type":"if","locations":[{"start":{"line":45,"column":6},"end":{"line":51,"column":null}},{"start":{"line":45,"column":6},"end":{"line":51,"column":null}}]},"5":{"loc":{"start":{"line":47,"column":10},"end":{"line":49,"column":null}},"type":"if","locations":[{"start":{"line":47,"column":10},"end":{"line":49,"column":null}},{"start":{"line":47,"column":10},"end":{"line":49,"column":null}}]}},"s":{"0":72,"1":20,"2":20,"3":20,"4":20,"5":20,"6":20,"7":20,"8":20,"9":20,"10":20,"11":42,"12":0,"13":0,"14":0,"15":0,"16":0,"17":6,"18":6,"19":6,"20":2,"21":2,"22":2,"23":2,"24":0,"25":2,"26":0,"27":6,"28":4,"29":12,"30":4,"31":0,"32":8,"33":8,"34":8,"35":0,"36":0,"37":72},"f":{"0":20,"1":20,"2":20,"3":42,"4":0,"5":6,"6":2,"7":12,"8":8,"9":8,"10":0,"11":0},"b":{"0":[0,0],"1":[6,0],"2":[0,2],"3":[0,2],"4":[4,2],"5":[4,8]}}
,"C:\\Users\\carlo\\IdeaProjects\\BookAdvisor_SQLServer\\angularclient\\src\\app\\author\\author-update\\author-update.component.ts": {"path":"C:\\Users\\carlo\\IdeaProjects\\BookAdvisor_SQLServer\\angularclient\\src\\app\\author\\author-update\\author-update.component.ts","statementMap":{"0":{"start":{"line":17,"column":0},"end":{"line":84,"column":null}},"1":{"start":{"line":27,"column":22},"end":{"line":27,"column":29}},"2":{"start":{"line":27,"column":53},"end":{"line":27,"column":61}},"3":{"start":{"line":27,"column":77},"end":{"line":27,"column":92}},"4":{"start":{"line":27,"column":115},"end":{"line":27,"column":139}},"5":{"start":{"line":27,"column":171},"end":{"line":27,"column":194}},"6":{"start":{"line":19,"column":20},"end":{"line":19,"column":87}},"7":{"start":{"line":20,"column":10},"end":{"line":20,"column":37}},"8":{"start":{"line":21,"column":2},"end":{"line":26,"column":5}},"9":{"start":{"line":31,"column":4},"end":{"line":37,"column":37}},"10":{"start":{"line":32,"column":6},"end":{"line":32,"column":85}},"11":{"start":{"line":33,"column":6},"end":{"line":33,"column":73}},"12":{"start":{"line":34,"column":6},"end":{"line":34,"column":73}},"13":{"start":{"line":35,"column":6},"end":{"line":35,"column":73}},"14":{"start":{"line":37,"column":9},"end":{"line":37,"column":37}},"15":{"start":{"line":41,"column":4},"end":{"line":71,"column":37}},"16":{"start":{"line":42,"column":28},"end":{"line":42,"column":180}},"17":{"start":{"line":43,"column":6},"end":{"line":68,"column":9}},"18":{"start":{"line":43,"column":94},"end":{"line":60,"column":null}},"19":{"start":{"line":44,"column":8},"end":{"line":53,"column":null}},"20":{"start":{"line":45,"column":31},"end":{"line":45,"column":46}},"21":{"start":{"line":46,"column":25},"end":{"line":46,"column":27}},"22":{"start":{"line":47,"column":10},"end":{"line":49,"column":null}},"23":{"start":{"line":48,"column":12},"end":{"line":48,"column":39}},"24":{"start":{"line":50,"column":26},"end":{"line":50,"column":56}},"25":{"start":{"line":51,"column":10},"end":{"line":51,"column":36}},"26":{"start":{"line":52,"column":10},"end":{"line":52,"column":32}},"27":{"start":{"line":54,"column":8},"end":{"line":58,"column":null}},"28":{"start":{"line":55,"column":10},"end":{"line":55,"column":34}},"29":{"start":{"line":56,"column":10},"end":{"line":56,"column":33}},"30":{"start":{"line":57,"column":10},"end":{"line":57,"column":43}},"31":{"start":{"line":62,"column":25},"end":{"line":62,"column":43}},"32":{"start":{"line":63,"column":8},"end":{"line":63,"column":null}},"33":{"start":{"line":64,"column":8},"end":{"line":67,"column":41}},"34":{"start":{"line":65,"column":10},"end":{"line":65,"column":43}},"35":{"start":{"line":67,"column":13},"end":{"line":67,"column":41}},"36":{"start":{"line":69,"column":6},"end":{"line":69,"column":29}},"37":{"start":{"line":71,"column":9},"end":{"line":71,"column":37}},"38":{"start":{"line":75,"column":17},"end":{"line":75,"column":43}},"39":{"start":{"line":76,"column":4},"end":{"line":76,"column":37}},"40":{"start":{"line":80,"column":17},"end":{"line":80,"column":43}},"41":{"start":{"line":81,"column":4},"end":{"line":81,"column":46}},"42":{"start":{"line":18,"column":11},"end":{"line":18,"column":null}},"43":{"start":{"line":19,"column":12},"end":{"line":19,"column":null}},"44":{"start":{"line":17,"column":13},"end":{"line":84,"column":null}}},"fnMap":{"0":{"name":"(anonymous_0)","decl":{"start":{"line":27,"column":2},"end":{"line":27,"column":22}},"loc":{"start":{"line":27,"column":215},"end":{"line":28,"column":3}}},"1":{"name":"(anonymous_1)","decl":{"start":{"line":30,"column":2},"end":{"line":30,"column":10}},"loc":{"start":{"line":30,"column":10},"end":{"line":38,"column":3}}},"2":{"name":"(anonymous_2)","decl":{"start":{"line":40,"column":8},"end":{"line":40,"column":16}},"loc":{"start":{"line":40,"column":16},"end":{"line":72,"column":null}}},"3":{"name":"(anonymous_4)","decl":{"start":{"line":43,"column":79},"end":{"line":43,"column":86}},"loc":{"start":{"line":43,"column":94},"end":{"line":60,"column":null}}},"4":{"name":"(anonymous_5)","decl":{"start":{"line":43,"column":94},"end":{"line":43,"column":null}},"loc":{"start":{"line":43,"column":94},"end":{"line":60,"column":7}}},"5":{"name":"(anonymous_6)","decl":{"start":{"line":61,"column":8},"end":{"line":61,"column":13}},"loc":{"start":{"line":61,"column":16},"end":{"line":68,"column":7}}},"6":{"name":"(anonymous_7)","decl":{"start":{"line":74,"column":2},"end":{"line":74,"column":19}},"loc":{"start":{"line":74,"column":33},"end":{"line":77,"column":3}}},"7":{"name":"(anonymous_8)","decl":{"start":{"line":79,"column":2},"end":{"line":79,"column":10}},"loc":{"start":{"line":79,"column":39},"end":{"line":82,"column":3}}}},"branchMap":{"0":{"loc":{"start":{"line":31,"column":4},"end":{"line":37,"column":37}},"type":"if","locations":[{"start":{"line":31,"column":4},"end":{"line":37,"column":37}},{"start":{"line":31,"column":4},"end":{"line":37,"column":37}}]},"1":{"loc":{"start":{"line":41,"column":4},"end":{"line":71,"column":37}},"type":"if","locations":[{"start":{"line":41,"column":4},"end":{"line":71,"column":37}},{"start":{"line":41,"column":4},"end":{"line":71,"column":37}}]},"2":{"loc":{"start":{"line":54,"column":8},"end":{"line":58,"column":null}},"type":"if","locations":[{"start":{"line":54,"column":8},"end":{"line":58,"column":null}},{"start":{"line":54,"column":8},"end":{"line":58,"column":null}}]},"3":{"loc":{"start":{"line":64,"column":8},"end":{"line":67,"column":41}},"type":"if","locations":[{"start":{"line":64,"column":8},"end":{"line":67,"column":41}},{"start":{"line":64,"column":8},"end":{"line":67,"column":41}}]},"4":{"loc":{"start":{"line":76,"column":11},"end":{"line":76,"column":22}},"type":"binary-expr","locations":[{"start":{"line":76,"column":11},"end":{"line":76,"column":22}},{"start":{"line":76,"column":26},"end":{"line":76,"column":36}}]},"5":{"loc":{"start":{"line":81,"column":11},"end":{"line":81,"column":21}},"type":"binary-expr","locations":[{"start":{"line":81,"column":11},"end":{"line":81,"column":21}},{"start":{"line":81,"column":25},"end":{"line":81,"column":45}}]}},"s":{"0":72,"1":2,"2":2,"3":2,"4":2,"5":2,"6":2,"7":2,"8":2,"9":2,"10":2,"11":2,"12":2,"13":2,"14":0,"15":2,"16":2,"17":2,"18":2,"19":2,"20":0,"21":0,"22":0,"23":0,"24":0,"25":0,"26":0,"27":2,"28":2,"29":2,"30":2,"31":0,"32":0,"33":0,"34":0,"35":0,"36":2,"37":0,"38":320,"39":320,"40":880,"41":880,"42":72,"43":72,"44":72},"f":{"0":2,"1":2,"2":2,"3":2,"4":2,"5":0,"6":320,"7":880},"b":{"0":[2,0],"1":[2,0],"2":[2,0],"3":[0,0],"4":[320,12],"5":[880,228]}}
,"C:\\Users\\carlo\\IdeaProjects\\BookAdvisor_SQLServer\\angularclient\\src\\app\\book\\book.module.ts": {"path":"C:\\Users\\carlo\\IdeaProjects\\BookAdvisor_SQLServer\\angularclient\\src\\app\\book\\book.module.ts","statementMap":{"0":{"start":{"line":49,"column":0},"end":{"line":49,"column":null}},"1":{"start":{"line":49,"column":13},"end":{"line":49,"column":null}}},"fnMap":{},"branchMap":{},"s":{"0":72,"1":72},"f":{},"b":{}}
,"C:\\Users\\carlo\\IdeaProjects\\BookAdvisor_SQLServer\\angularclient\\src\\app\\book\\book-form\\book-form.component.ts": {"path":"C:\\Users\\carlo\\IdeaProjects\\BookAdvisor_SQLServer\\angularclient\\src\\app\\book\\book-form\\book-form.component.ts","statementMap":{"0":{"start":{"line":17,"column":0},"end":{"line":139,"column":null}},"1":{"start":{"line":37,"column":22},"end":{"line":37,"column":29}},"2":{"start":{"line":37,"column":53},"end":{"line":37,"column":61}},"3":{"start":{"line":37,"column":77},"end":{"line":37,"column":90}},"4":{"start":{"line":37,"column":112},"end":{"line":37,"column":134}},"5":{"start":{"line":37,"column":164},"end":{"line":37,"column":187}},"6":{"start":{"line":37,"column":218},"end":{"line":37,"column":232}},"7":{"start":{"line":37,"column":254},"end":{"line":37,"column":269}},"8":{"start":{"line":19,"column":12},"end":{"line":19,"column":76}},"9":{"start":{"line":20,"column":2},"end":{"line":30,"column":5}},"10":{"start":{"line":31,"column":10},"end":{"line":31,"column":32}},"11":{"start":{"line":32,"column":10},"end":{"line":32,"column":39}},"12":{"start":{"line":33,"column":10},"end":{"line":33,"column":37}},"13":{"start":{"line":34,"column":10},"end":{"line":34,"column":36}},"14":{"start":{"line":40,"column":4},"end":{"line":48,"column":null}},"15":{"start":{"line":41,"column":6},"end":{"line":41,"column":34}},"16":{"start":{"line":44,"column":6},"end":{"line":44,"column":50}},"17":{"start":{"line":45,"column":6},"end":{"line":45,"column":120}},"18":{"start":{"line":45,"column":64},"end":{"line":45,"column":118}},"19":{"start":{"line":45,"column":92},"end":{"line":45,"column":116}},"20":{"start":{"line":46,"column":6},"end":{"line":47,"column":null}},"21":{"start":{"line":46,"column":80},"end":{"line":46,"column":139}},"22":{"start":{"line":46,"column":111},"end":{"line":46,"column":137}},"23":{"start":{"line":52,"column":4},"end":{"line":85,"column":null}},"24":{"start":{"line":53,"column":6},"end":{"line":53,"column":28}},"25":{"start":{"line":54,"column":22},"end":{"line":54,"column":304}},"26":{"start":{"line":55,"column":6},"end":{"line":80,"column":9}},"27":{"start":{"line":55,"column":65},"end":{"line":72,"column":null}},"28":{"start":{"line":56,"column":8},"end":{"line":65,"column":null}},"29":{"start":{"line":57,"column":31},"end":{"line":57,"column":46}},"30":{"start":{"line":58,"column":25},"end":{"line":58,"column":27}},"31":{"start":{"line":59,"column":10},"end":{"line":61,"column":null}},"32":{"start":{"line":60,"column":12},"end":{"line":60,"column":39}},"33":{"start":{"line":62,"column":26},"end":{"line":62,"column":54}},"34":{"start":{"line":63,"column":10},"end":{"line":63,"column":36}},"35":{"start":{"line":64,"column":10},"end":{"line":64,"column":32}},"36":{"start":{"line":66,"column":8},"end":{"line":70,"column":null}},"37":{"start":{"line":67,"column":10},"end":{"line":67,"column":32}},"38":{"start":{"line":68,"column":10},"end":{"line":68,"column":33}},"39":{"start":{"line":69,"column":10},"end":{"line":69,"column":null}},"40":{"start":{"line":74,"column":25},"end":{"line":74,"column":43}},"41":{"start":{"line":75,"column":8},"end":{"line":75,"column":null}},"42":{"start":{"line":76,"column":8},"end":{"line":79,"column":41}},"43":{"start":{"line":77,"column":10},"end":{"line":77,"column":43}},"44":{"start":{"line":79,"column":13},"end":{"line":79,"column":41}},"45":{"start":{"line":81,"column":6},"end":{"line":81,"column":29}},"46":{"start":{"line":84,"column":6},"end":{"line":84,"column":34}},"47":{"start":{"line":89,"column":6},"end":{"line":89,"column":69}},"48":{"start":{"line":93,"column":17},"end":{"line":93,"column":41}},"49":{"start":{"line":94,"column":4},"end":{"line":94,"column":37}},"50":{"start":{"line":98,"column":17},"end":{"line":98,"column":41}},"51":{"start":{"line":99,"column":4},"end":{"line":99,"column":46}},"52":{"start":{"line":103,"column":4},"end":{"line":103,"column":44}},"53":{"start":{"line":104,"column":4},"end":{"line":104,"column":43}},"54":{"start":{"line":105,"column":4},"end":{"line":115,"column":null}},"55":{"start":{"line":106,"column":6},"end":{"line":106,"column":103}},"56":{"start":{"line":107,"column":6},"end":{"line":107,"column":96}},"57":{"start":{"line":111,"column":6},"end":{"line":111,"column":82}},"58":{"start":{"line":112,"column":6},"end":{"line":112,"column":75}},"59":{"start":{"line":113,"column":6},"end":{"line":113,"column":65}},"60":{"start":{"line":114,"column":6},"end":{"line":114,"column":64}},"61":{"start":{"line":118,"column":4},"end":{"line":118,"column":26}},"62":{"start":{"line":121,"column":4},"end":{"line":121,"column":25}},"63":{"start":{"line":124,"column":4},"end":{"line":124,"column":null}},"64":{"start":{"line":125,"column":4},"end":{"line":125,"column":36}},"65":{"start":{"line":126,"column":4},"end":{"line":126,"column":27}},"66":{"start":{"line":129,"column":4},"end":{"line":129,"column":28}},"67":{"start":{"line":130,"column":4},"end":{"line":130,"column":26}},"68":{"start":{"line":131,"column":4},"end":{"line":131,"column":34}},"69":{"start":{"line":135,"column":4},"end":{"line":135,"column":26}},"70":{"start":{"line":136,"column":4},"end":{"line":136,"column":27}},"71":{"start":{"line":19,"column":12},"end":{"line":19,"column":null}},"72":{"start":{"line":17,"column":13},"end":{"line":139,"column":null}}},"fnMap":{"0":{"name":"(anonymous_0)","decl":{"start":{"line":37,"column":2},"end":{"line":37,"column":22}},"loc":{"start":{"line":37,"column":282},"end":{"line":37,"column":287}}},"1":{"name":"(anonymous_1)","decl":{"start":{"line":39,"column":8},"end":{"line":39,"column":16}},"loc":{"start":{"line":39,"column":16},"end":{"line":49,"column":null}}},"2":{"name":"(anonymous_3)","decl":{"start":{"line":45,"column":50},"end":{"line":45,"column":59}},"loc":{"start":{"line":45,"column":62},"end":{"line":45,"column":118}}},"3":{"name":"(anonymous_4)","decl":{"start":{"line":45,"column":82},"end":{"line":45,"column":87}},"loc":{"start":{"line":45,"column":90},"end":{"line":45,"column":116}}},"4":{"name":"(anonymous_5)","decl":{"start":{"line":46,"column":63},"end":{"line":46,"column":74}},"loc":{"start":{"line":46,"column":77},"end":{"line":47,"column":7}}},"5":{"name":"(anonymous_6)","decl":{"start":{"line":46,"column":100},"end":{"line":46,"column":106}},"loc":{"start":{"line":46,"column":109},"end":{"line":46,"column":137}}},"6":{"name":"(anonymous_7)","decl":{"start":{"line":51,"column":2},"end":{"line":51,"column":10}},"loc":{"start":{"line":51,"column":10},"end":{"line":86,"column":3}}},"7":{"name":"(anonymous_8)","decl":{"start":{"line":55,"column":50},"end":{"line":55,"column":57}},"loc":{"start":{"line":55,"column":65},"end":{"line":72,"column":null}}},"8":{"name":"(anonymous_9)","decl":{"start":{"line":55,"column":65},"end":{"line":55,"column":null}},"loc":{"start":{"line":55,"column":65},"end":{"line":72,"column":7}}},"9":{"name":"(anonymous_10)","decl":{"start":{"line":73,"column":8},"end":{"line":73,"column":13}},"loc":{"start":{"line":73,"column":16},"end":{"line":80,"column":7}}},"10":{"name":"(anonymous_11)","decl":{"start":{"line":88,"column":2},"end":{"line":88,"column":10}},"loc":{"start":{"line":88,"column":25},"end":{"line":90,"column":3}}},"11":{"name":"(anonymous_12)","decl":{"start":{"line":92,"column":2},"end":{"line":92,"column":19}},"loc":{"start":{"line":92,"column":33},"end":{"line":95,"column":3}}},"12":{"name":"(anonymous_13)","decl":{"start":{"line":97,"column":2},"end":{"line":97,"column":10}},"loc":{"start":{"line":97,"column":39},"end":{"line":100,"column":3}}},"13":{"name":"(anonymous_14)","decl":{"start":{"line":102,"column":2},"end":{"line":102,"column":17}},"loc":{"start":{"line":102,"column":29},"end":{"line":116,"column":3}}},"14":{"name":"(anonymous_15)","decl":{"start":{"line":117,"column":2},"end":{"line":117,"column":11}},"loc":{"start":{"line":117,"column":11},"end":{"line":119,"column":3}}},"15":{"name":"(anonymous_16)","decl":{"start":{"line":120,"column":2},"end":{"line":120,"column":10}},"loc":{"start":{"line":120,"column":10},"end":{"line":122,"column":3}}},"16":{"name":"(anonymous_17)","decl":{"start":{"line":123,"column":2},"end":{"line":123,"column":13}},"loc":{"start":{"line":123,"column":40},"end":{"line":127,"column":3}}},"17":{"name":"(anonymous_18)","decl":{"start":{"line":128,"column":2},"end":{"line":128,"column":12}},"loc":{"start":{"line":128,"column":26},"end":{"line":132,"column":3}}},"18":{"name":"(anonymous_19)","decl":{"start":{"line":134,"column":2},"end":{"line":134,"column":16}},"loc":{"start":{"line":134,"column":16},"end":{"line":137,"column":3}}}},"branchMap":{"0":{"loc":{"start":{"line":40,"column":4},"end":{"line":48,"column":null}},"type":"if","locations":[{"start":{"line":40,"column":4},"end":{"line":48,"column":null}},{"start":{"line":40,"column":4},"end":{"line":48,"column":null}}]},"1":{"loc":{"start":{"line":52,"column":4},"end":{"line":85,"column":null}},"type":"if","locations":[{"start":{"line":52,"column":4},"end":{"line":85,"column":null}},{"start":{"line":52,"column":4},"end":{"line":85,"column":null}}]},"2":{"loc":{"start":{"line":66,"column":8},"end":{"line":70,"column":null}},"type":"if","locations":[{"start":{"line":66,"column":8},"end":{"line":70,"column":null}},{"start":{"line":66,"column":8},"end":{"line":70,"column":null}}]},"3":{"loc":{"start":{"line":76,"column":8},"end":{"line":79,"column":41}},"type":"if","locations":[{"start":{"line":76,"column":8},"end":{"line":79,"column":41}},{"start":{"line":76,"column":8},"end":{"line":79,"column":41}}]},"4":{"loc":{"start":{"line":94,"column":11},"end":{"line":94,"column":22}},"type":"binary-expr","locations":[{"start":{"line":94,"column":11},"end":{"line":94,"column":22}},{"start":{"line":94,"column":26},"end":{"line":94,"column":36}}]},"5":{"loc":{"start":{"line":99,"column":11},"end":{"line":99,"column":21}},"type":"binary-expr","locations":[{"start":{"line":99,"column":11},"end":{"line":99,"column":21}},{"start":{"line":99,"column":25},"end":{"line":99,"column":45}}]},"6":{"loc":{"start":{"line":105,"column":4},"end":{"line":115,"column":null}},"type":"if","locations":[{"start":{"line":105,"column":4},"end":{"line":115,"column":null}},{"start":{"line":105,"column":4},"end":{"line":115,"column":null}}]}},"s":{"0":72,"1":27,"2":27,"3":27,"4":27,"5":27,"6":27,"7":27,"8":27,"9":27,"10":27,"11":27,"12":27,"13":27,"14":27,"15":2,"16":25,"17":25,"18":25,"19":121,"20":25,"21":25,"22":50,"23":25,"24":25,"25":25,"26":25,"27":25,"28":25,"29":0,"30":0,"31":0,"32":0,"33":0,"34":0,"35":0,"36":25,"37":25,"38":25,"39":25,"40":0,"41":0,"42":0,"43":0,"44":0,"45":25,"46":0,"47":25,"48":29994,"49":29994,"50":59514,"51":59514,"52":25,"53":25,"54":25,"55":25,"56":25,"57":0,"58":0,"59":0,"60":0,"61":2,"62":2,"63":2,"64":2,"65":2,"66":2,"67":2,"68":2,"69":0,"70":0,"71":72,"72":72},"f":{"0":27,"1":27,"2":25,"3":121,"4":25,"5":50,"6":25,"7":25,"8":25,"9":0,"10":25,"11":29994,"12":59514,"13":25,"14":2,"15":2,"16":2,"17":2,"18":0},"b":{"0":[2,25],"1":[25,0],"2":[25,0],"3":[0,0],"4":[29994,13944],"5":[59514,28116],"6":[25,0]}}
,"C:\\Users\\carlo\\IdeaProjects\\BookAdvisor_SQLServer\\angularclient\\src\\app\\book\\genre-form\\genre-form.component.ts": {"path":"C:\\Users\\carlo\\IdeaProjects\\BookAdvisor_SQLServer\\angularclient\\src\\app\\book\\genre-form\\genre-form.component.ts","statementMap":{"0":{"start":{"line":14,"column":0},"end":{"line":73,"column":null}},"1":{"start":{"line":21,"column":22},"end":{"line":21,"column":29}},"2":{"start":{"line":21,"column":53},"end":{"line":21,"column":61}},"3":{"start":{"line":21,"column":77},"end":{"line":21,"column":91}},"4":{"start":{"line":21,"column":113},"end":{"line":21,"column":136}},"5":{"start":{"line":21,"column":167},"end":{"line":21,"column":190}},"6":{"start":{"line":15,"column":12},"end":{"line":15,"column":78}},"7":{"start":{"line":16,"column":12},"end":{"line":16,"column":74}},"8":{"start":{"line":17,"column":2},"end":{"line":17,"column":30}},"9":{"start":{"line":18,"column":2},"end":{"line":20,"column":5}},"10":{"start":{"line":28,"column":4},"end":{"line":59,"column":null}},"11":{"start":{"line":29,"column":6},"end":{"line":29,"column":28}},"12":{"start":{"line":30,"column":23},"end":{"line":30,"column":64}},"13":{"start":{"line":31,"column":6},"end":{"line":55,"column":11}},"14":{"start":{"line":31,"column":69},"end":{"line":47,"column":null}},"15":{"start":{"line":32,"column":8},"end":{"line":41,"column":null}},"16":{"start":{"line":33,"column":31},"end":{"line":33,"column":46}},"17":{"start":{"line":34,"column":25},"end":{"line":34,"column":27}},"18":{"start":{"line":35,"column":10},"end":{"line":37,"column":null}},"19":{"start":{"line":36,"column":12},"end":{"line":36,"column":39}},"20":{"start":{"line":38,"column":26},"end":{"line":38,"column":55}},"21":{"start":{"line":39,"column":10},"end":{"line":39,"column":36}},"22":{"start":{"line":40,"column":10},"end":{"line":40,"column":32}},"23":{"start":{"line":42,"column":8},"end":{"line":46,"column":null}},"24":{"start":{"line":43,"column":10},"end":{"line":43,"column":33}},"25":{"start":{"line":44,"column":10},"end":{"line":44,"column":33}},"26":{"start":{"line":45,"column":10},"end":{"line":45,"column":51}},"27":{"start":{"line":49,"column":27},"end":{"line":49,"column":45}},"28":{"start":{"line":50,"column":10},"end":{"line":50,"column":null}},"29":{"start":{"line":51,"column":10},"end":{"line":54,"column":43}},"30":{"start":{"line":52,"column":12},"end":{"line":52,"column":45}},"31":{"start":{"line":54,"column":15},"end":{"line":54,"column":43}},"32":{"start":{"line":58,"column":6},"end":{"line":58,"column":34}},"33":{"start":{"line":60,"column":4},"end":{"line":60,"column":27}},"34":{"start":{"line":64,"column":17},"end":{"line":64,"column":42}},"35":{"start":{"line":65,"column":4},"end":{"line":65,"column":37}},"36":{"start":{"line":69,"column":17},"end":{"line":69,"column":42}},"37":{"start":{"line":70,"column":4},"end":{"line":70,"column":46}},"38":{"start":{"line":15,"column":12},"end":{"line":15,"column":79}},"39":{"start":{"line":16,"column":12},"end":{"line":16,"column":null}},"40":{"start":{"line":14,"column":13},"end":{"line":73,"column":null}}},"fnMap":{"0":{"name":"(anonymous_0)","decl":{"start":{"line":21,"column":2},"end":{"line":21,"column":22}},"loc":{"start":{"line":21,"column":211},"end":{"line":21,"column":216}}},"1":{"name":"(anonymous_1)","decl":{"start":{"line":23,"column":2},"end":{"line":23,"column":10}},"loc":{"start":{"line":23,"column":10},"end":{"line":24,"column":3}}},"2":{"name":"(anonymous_2)","decl":{"start":{"line":26,"column":8},"end":{"line":26,"column":16}},"loc":{"start":{"line":26,"column":16},"end":{"line":61,"column":null}}},"3":{"name":"(anonymous_4)","decl":{"start":{"line":31,"column":54},"end":{"line":31,"column":61}},"loc":{"start":{"line":31,"column":69},"end":{"line":47,"column":null}}},"4":{"name":"(anonymous_5)","decl":{"start":{"line":31,"column":69},"end":{"line":31,"column":null}},"loc":{"start":{"line":31,"column":69},"end":{"line":47,"column":7}}},"5":{"name":"(anonymous_6)","decl":{"start":{"line":48,"column":8},"end":{"line":48,"column":13}},"loc":{"start":{"line":48,"column":16},"end":{"line":55,"column":9}}},"6":{"name":"(anonymous_7)","decl":{"start":{"line":63,"column":2},"end":{"line":63,"column":19}},"loc":{"start":{"line":63,"column":33},"end":{"line":66,"column":3}}},"7":{"name":"(anonymous_8)","decl":{"start":{"line":68,"column":2},"end":{"line":68,"column":10}},"loc":{"start":{"line":68,"column":39},"end":{"line":71,"column":3}}}},"branchMap":{"0":{"loc":{"start":{"line":28,"column":4},"end":{"line":59,"column":null}},"type":"if","locations":[{"start":{"line":28,"column":4},"end":{"line":59,"column":null}},{"start":{"line":28,"column":4},"end":{"line":59,"column":null}}]},"1":{"loc":{"start":{"line":42,"column":8},"end":{"line":46,"column":null}},"type":"if","locations":[{"start":{"line":42,"column":8},"end":{"line":46,"column":null}},{"start":{"line":42,"column":8},"end":{"line":46,"column":null}}]},"2":{"loc":{"start":{"line":51,"column":10},"end":{"line":54,"column":43}},"type":"if","locations":[{"start":{"line":51,"column":10},"end":{"line":54,"column":43}},{"start":{"line":51,"column":10},"end":{"line":54,"column":43}}]},"3":{"loc":{"start":{"line":65,"column":11},"end":{"line":65,"column":22}},"type":"binary-expr","locations":[{"start":{"line":65,"column":11},"end":{"line":65,"column":22}},{"start":{"line":65,"column":26},"end":{"line":65,"column":36}}]},"4":{"loc":{"start":{"line":70,"column":11},"end":{"line":70,"column":21}},"type":"binary-expr","locations":[{"start":{"line":70,"column":11},"end":{"line":70,"column":21}},{"start":{"line":70,"column":25},"end":{"line":70,"column":45}}]}},"s":{"0":72,"1":2,"2":2,"3":2,"4":2,"5":2,"6":2,"7":2,"8":2,"9":2,"10":2,"11":2,"12":2,"13":2,"14":2,"15":2,"16":0,"17":0,"18":0,"19":0,"20":0,"21":0,"22":0,"23":2,"24":2,"25":2,"26":2,"27":0,"28":0,"29":0,"30":0,"31":0,"32":0,"33":2,"34":96,"35":96,"36":384,"37":384,"38":72,"39":72,"40":72},"f":{"0":2,"1":2,"2":2,"3":2,"4":2,"5":0,"6":96,"7":384},"b":{"0":[2,0],"1":[2,0],"2":[0,0],"3":[96,68],"4":[384,368]}}
,"C:\\Users\\carlo\\IdeaProjects\\BookAdvisor_SQLServer\\angularclient\\src\\app\\book\\libri-list\\libri-list.component.ts": {"path":"C:\\Users\\carlo\\IdeaProjects\\BookAdvisor_SQLServer\\angularclient\\src\\app\\book\\libri-list\\libri-list.component.ts","statementMap":{"0":{"start":{"line":13,"column":0},"end":{"line":93,"column":null}},"1":{"start":{"line":19,"column":22},"end":{"line":19,"column":28}},"2":{"start":{"line":19,"column":48},"end":{"line":19,"column":56}},"3":{"start":{"line":19,"column":72},"end":{"line":19,"column":79}},"4":{"start":{"line":19,"column":103},"end":{"line":19,"column":126}},"5":{"start":{"line":19,"column":157},"end":{"line":19,"column":171}},"6":{"start":{"line":14,"column":2},"end":{"line":14,"column":26}},"7":{"start":{"line":20,"column":4},"end":{"line":20,"column":27}},"8":{"start":{"line":21,"column":4},"end":{"line":25,"column":7}},"9":{"start":{"line":22,"column":6},"end":{"line":24,"column":null}},"10":{"start":{"line":23,"column":8},"end":{"line":23,"column":26}},"11":{"start":{"line":29,"column":4},"end":{"line":29,"column":25}},"12":{"start":{"line":30,"column":4},"end":{"line":30,"column":20}},"13":{"start":{"line":31,"column":14},"end":{"line":31,"column":29}},"14":{"start":{"line":32,"column":4},"end":{"line":52,"column":7}},"15":{"start":{"line":32,"column":29},"end":{"line":52,"column":6}},"16":{"start":{"line":33,"column":6},"end":{"line":51,"column":null}},"17":{"start":{"line":35,"column":10},"end":{"line":35,"column":113}},"18":{"start":{"line":35,"column":64},"end":{"line":35,"column":111}},"19":{"start":{"line":35,"column":87},"end":{"line":35,"column":109}},"20":{"start":{"line":36,"column":10},"end":{"line":36,"column":38}},"21":{"start":{"line":37,"column":10},"end":{"line":37,"column":16}},"22":{"start":{"line":40,"column":31},"end":{"line":40,"column":73}},"23":{"start":{"line":41,"column":10},"end":{"line":41,"column":126}},"24":{"start":{"line":41,"column":77},"end":{"line":41,"column":124}},"25":{"start":{"line":41,"column":100},"end":{"line":41,"column":122}},"26":{"start":{"line":42,"column":10},"end":{"line":42,"column":51}},"27":{"start":{"line":43,"column":10},"end":{"line":43,"column":16}},"28":{"start":{"line":46,"column":31},"end":{"line":46,"column":73}},"29":{"start":{"line":47,"column":10},"end":{"line":47,"column":135}},"30":{"start":{"line":47,"column":86},"end":{"line":47,"column":133}},"31":{"start":{"line":47,"column":109},"end":{"line":47,"column":131}},"32":{"start":{"line":48,"column":10},"end":{"line":48,"column":68}},"33":{"start":{"line":49,"column":10},"end":{"line":49,"column":16}},"34":{"start":{"line":53,"column":4},"end":{"line":61,"column":7}},"35":{"start":{"line":55,"column":23},"end":{"line":55,"column":41}},"36":{"start":{"line":56,"column":6},"end":{"line":56,"column":null}},"37":{"start":{"line":57,"column":6},"end":{"line":60,"column":39}},"38":{"start":{"line":58,"column":8},"end":{"line":58,"column":41}},"39":{"start":{"line":60,"column":11},"end":{"line":60,"column":39}},"40":{"start":{"line":68,"column":4},"end":{"line":70,"column":null}},"41":{"start":{"line":69,"column":6},"end":{"line":69,"column":48}},"42":{"start":{"line":74,"column":4},"end":{"line":89,"column":null}},"43":{"start":{"line":75,"column":6},"end":{"line":83,"column":11}},"44":{"start":{"line":77,"column":27},"end":{"line":77,"column":45}},"45":{"start":{"line":78,"column":10},"end":{"line":78,"column":null}},"46":{"start":{"line":79,"column":10},"end":{"line":82,"column":43}},"47":{"start":{"line":80,"column":12},"end":{"line":80,"column":45}},"48":{"start":{"line":82,"column":15},"end":{"line":82,"column":43}},"49":{"start":{"line":84,"column":6},"end":{"line":88,"column":9}},"50":{"start":{"line":85,"column":8},"end":{"line":87,"column":null}},"51":{"start":{"line":86,"column":10},"end":{"line":86,"column":58}},"52":{"start":{"line":13,"column":13},"end":{"line":93,"column":null}}},"fnMap":{"0":{"name":"(anonymous_0)","decl":{"start":{"line":19,"column":2},"end":{"line":19,"column":22}},"loc":{"start":{"line":19,"column":183},"end":{"line":27,"column":4}}},"1":{"name":"(anonymous_1)","decl":{"start":{"line":21,"column":63},"end":{"line":21,"column":64}},"loc":{"start":{"line":21,"column":73},"end":{"line":25,"column":5}}},"2":{"name":"(anonymous_2)","decl":{"start":{"line":28,"column":15},"end":{"line":28,"column":25}},"loc":{"start":{"line":28,"column":25},"end":{"line":63,"column":null}}},"3":{"name":"(anonymous_4)","decl":{"start":{"line":32,"column":16},"end":{"line":32,"column":22}},"loc":{"start":{"line":32,"column":29},"end":{"line":52,"column":6}}},"4":{"name":"(anonymous_5)","decl":{"start":{"line":32,"column":29},"end":{"line":32,"column":null}},"loc":{"start":{"line":32,"column":29},"end":{"line":52,"column":5}}},"5":{"name":"(anonymous_6)","decl":{"start":{"line":35,"column":54},"end":{"line":35,"column":59}},"loc":{"start":{"line":35,"column":62},"end":{"line":35,"column":111}}},"6":{"name":"(anonymous_7)","decl":{"start":{"line":35,"column":78},"end":{"line":35,"column":83}},"loc":{"start":{"line":35,"column":87},"end":{"line":35,"column":109}}},"7":{"name":"(anonymous_8)","decl":{"start":{"line":41,"column":67},"end":{"line":41,"column":72}},"loc":{"start":{"line":41,"column":75},"end":{"line":41,"column":124}}},"8":{"name":"(anonymous_9)","decl":{"start":{"line":41,"column":91},"end":{"line":41,"column":96}},"loc":{"start":{"line":41,"column":100},"end":{"line":41,"column":122}}},"9":{"name":"(anonymous_10)","decl":{"start":{"line":47,"column":76},"end":{"line":47,"column":81}},"loc":{"start":{"line":47,"column":84},"end":{"line":47,"column":133}}},"10":{"name":"(anonymous_11)","decl":{"start":{"line":47,"column":100},"end":{"line":47,"column":105}},"loc":{"start":{"line":47,"column":109},"end":{"line":47,"column":131}}},"11":{"name":"(anonymous_12)","decl":{"start":{"line":54,"column":13},"end":{"line":54,"column":18}},"loc":{"start":{"line":54,"column":21},"end":{"line":61,"column":5}}},"12":{"name":"(anonymous_13)","decl":{"start":{"line":64,"column":2},"end":{"line":64,"column":10}},"loc":{"start":{"line":64,"column":10},"end":{"line":66,"column":3}}},"13":{"name":"(anonymous_14)","decl":{"start":{"line":67,"column":2},"end":{"line":67,"column":13}},"loc":{"start":{"line":67,"column":13},"end":{"line":71,"column":3}}},"14":{"name":"(anonymous_15)","decl":{"start":{"line":73,"column":8},"end":{"line":73,"column":19}},"loc":{"start":{"line":73,"column":30},"end":{"line":90,"column":null}}},"15":{"name":"(anonymous_17)","decl":{"start":{"line":76,"column":15},"end":{"line":76,"column":20}},"loc":{"start":{"line":76,"column":23},"end":{"line":83,"column":9}}},"16":{"name":"(anonymous_18)","decl":{"start":{"line":84,"column":25},"end":{"line":84,"column":30}},"loc":{"start":{"line":84,"column":33},"end":{"line":88,"column":7}}}},"branchMap":{"0":{"loc":{"start":{"line":22,"column":6},"end":{"line":24,"column":null}},"type":"if","locations":[{"start":{"line":22,"column":6},"end":{"line":24,"column":null}},{"start":{"line":22,"column":6},"end":{"line":24,"column":null}}]},"1":{"loc":{"start":{"line":34,"column":8},"end":{"line":38,"column":null}},"type":"switch","locations":[{"start":{"line":34,"column":8},"end":{"line":38,"column":null}},{"start":{"line":39,"column":8},"end":{"line":44,"column":null}},{"start":{"line":45,"column":8},"end":{"line":50,"column":null}}]},"2":{"loc":{"start":{"line":57,"column":6},"end":{"line":60,"column":39}},"type":"if","locations":[{"start":{"line":57,"column":6},"end":{"line":60,"column":39}},{"start":{"line":57,"column":6},"end":{"line":60,"column":39}}]},"3":{"loc":{"start":{"line":68,"column":4},"end":{"line":70,"column":null}},"type":"if","locations":[{"start":{"line":68,"column":4},"end":{"line":70,"column":null}},{"start":{"line":68,"column":4},"end":{"line":70,"column":null}}]},"4":{"loc":{"start":{"line":74,"column":4},"end":{"line":89,"column":null}},"type":"if","locations":[{"start":{"line":74,"column":4},"end":{"line":89,"column":null}},{"start":{"line":74,"column":4},"end":{"line":89,"column":null}}]},"5":{"loc":{"start":{"line":79,"column":10},"end":{"line":82,"column":43}},"type":"if","locations":[{"start":{"line":79,"column":10},"end":{"line":82,"column":43}},{"start":{"line":79,"column":10},"end":{"line":82,"column":43}}]},"6":{"loc":{"start":{"line":85,"column":8},"end":{"line":87,"column":null}},"type":"if","locations":[{"start":{"line":85,"column":8},"end":{"line":87,"column":null}},{"start":{"line":85,"column":8},"end":{"line":87,"column":null}}]}},"s":{"0":72,"1":69,"2":69,"3":69,"4":69,"5":69,"6":69,"7":69,"8":69,"9":790,"10":69,"11":69,"12":69,"13":69,"14":69,"15":69,"16":69,"17":40,"18":40,"19":146,"20":40,"21":40,"22":2,"23":2,"24":2,"25":6,"26":2,"27":2,"28":27,"29":27,"30":27,"31":27,"32":27,"33":27,"34":69,"35":0,"36":0,"37":0,"38":0,"39":0,"40":47,"41":47,"42":22,"43":22,"44":0,"45":0,"46":0,"47":0,"48":0,"49":22,"50":86,"51":22,"52":72},"f":{"0":69,"1":790,"2":69,"3":69,"4":69,"5":40,"6":146,"7":2,"8":6,"9":27,"10":27,"11":0,"12":69,"13":47,"14":22,"15":0,"16":86},"b":{"0":[69,721],"1":[40,2,27],"2":[0,0],"3":[47,0],"4":[22,0],"5":[0,0],"6":[22,64]}}
,"C:\\Users\\carlo\\IdeaProjects\\BookAdvisor_SQLServer\\angularclient\\src\\app\\book\\libro\\libro.component.ts": {"path":"C:\\Users\\carlo\\IdeaProjects\\BookAdvisor_SQLServer\\angularclient\\src\\app\\book\\libro\\libro.component.ts","statementMap":{"0":{"start":{"line":17,"column":0},"end":{"line":192,"column":null}},"1":{"start":{"line":27,"column":22},"end":{"line":27,"column":28}},"2":{"start":{"line":27,"column":48},"end":{"line":27,"column":56}},"3":{"start":{"line":27,"column":72},"end":{"line":27,"column":79}},"4":{"start":{"line":27,"column":103},"end":{"line":27,"column":117}},"5":{"start":{"line":27,"column":139},"end":{"line":27,"column":162}},"6":{"start":{"line":27,"column":193},"end":{"line":27,"column":209}},"7":{"start":{"line":19,"column":2},"end":{"line":19,"column":35}},"8":{"start":{"line":20,"column":2},"end":{"line":20,"column":26}},"9":{"start":{"line":21,"column":2},"end":{"line":21,"column":26}},"10":{"start":{"line":22,"column":2},"end":{"line":22,"column":30}},"11":{"start":{"line":23,"column":2},"end":{"line":23,"column":52}},"12":{"start":{"line":25,"column":2},"end":{"line":25,"column":26}},"13":{"start":{"line":28,"column":4},"end":{"line":28,"column":29}},"14":{"start":{"line":29,"column":4},"end":{"line":33,"column":7}},"15":{"start":{"line":30,"column":6},"end":{"line":32,"column":null}},"16":{"start":{"line":31,"column":8},"end":{"line":31,"column":26}},"17":{"start":{"line":37,"column":4},"end":{"line":37,"column":25}},"18":{"start":{"line":38,"column":4},"end":{"line":38,"column":29}},"19":{"start":{"line":39,"column":4},"end":{"line":39,"column":24}},"20":{"start":{"line":40,"column":4},"end":{"line":40,"column":24}},"21":{"start":{"line":41,"column":4},"end":{"line":41,"column":28}},"22":{"start":{"line":42,"column":4},"end":{"line":50,"column":9}},"23":{"start":{"line":42,"column":101},"end":{"line":42,"column":119}},"24":{"start":{"line":44,"column":25},"end":{"line":44,"column":43}},"25":{"start":{"line":45,"column":8},"end":{"line":45,"column":null}},"26":{"start":{"line":46,"column":8},"end":{"line":49,"column":41}},"27":{"start":{"line":47,"column":10},"end":{"line":47,"column":43}},"28":{"start":{"line":49,"column":13},"end":{"line":49,"column":41}},"29":{"start":{"line":51,"column":4},"end":{"line":61,"column":null}},"30":{"start":{"line":52,"column":6},"end":{"line":60,"column":11}},"31":{"start":{"line":52,"column":98},"end":{"line":52,"column":157}},"32":{"start":{"line":52,"column":122},"end":{"line":52,"column":154}},"33":{"start":{"line":54,"column":27},"end":{"line":54,"column":45}},"34":{"start":{"line":55,"column":10},"end":{"line":55,"column":null}},"35":{"start":{"line":56,"column":10},"end":{"line":59,"column":43}},"36":{"start":{"line":57,"column":12},"end":{"line":57,"column":45}},"37":{"start":{"line":59,"column":15},"end":{"line":59,"column":43}},"38":{"start":{"line":62,"column":4},"end":{"line":62,"column":37}},"39":{"start":{"line":66,"column":4},"end":{"line":66,"column":23}},"40":{"start":{"line":67,"column":4},"end":{"line":67,"column":46}},"41":{"start":{"line":67,"column":23},"end":{"line":67,"column":43}},"42":{"start":{"line":74,"column":4},"end":{"line":76,"column":null}},"43":{"start":{"line":75,"column":6},"end":{"line":75,"column":48}},"44":{"start":{"line":80,"column":4},"end":{"line":83,"column":null}},"45":{"start":{"line":81,"column":6},"end":{"line":81,"column":38}},"46":{"start":{"line":82,"column":6},"end":{"line":82,"column":26}},"47":{"start":{"line":88,"column":4},"end":{"line":92,"column":null}},"48":{"start":{"line":89,"column":6},"end":{"line":89,"column":25}},"49":{"start":{"line":90,"column":6},"end":{"line":90,"column":26}},"50":{"start":{"line":91,"column":6},"end":{"line":91,"column":30}},"51":{"start":{"line":96,"column":4},"end":{"line":100,"column":null}},"52":{"start":{"line":97,"column":6},"end":{"line":97,"column":25}},"53":{"start":{"line":98,"column":6},"end":{"line":98,"column":26}},"54":{"start":{"line":99,"column":6},"end":{"line":99,"column":30}},"55":{"start":{"line":104,"column":4},"end":{"line":104,"column":24}},"56":{"start":{"line":105,"column":4},"end":{"line":105,"column":24}},"57":{"start":{"line":106,"column":4},"end":{"line":106,"column":28}},"58":{"start":{"line":111,"column":4},"end":{"line":125,"column":null}},"59":{"start":{"line":112,"column":6},"end":{"line":112,"column":43}},"60":{"start":{"line":113,"column":6},"end":{"line":113,"column":43}},"61":{"start":{"line":114,"column":6},"end":{"line":114,"column":65}},"62":{"start":{"line":115,"column":6},"end":{"line":115,"column":43}},"63":{"start":{"line":116,"column":6},"end":{"line":116,"column":45}},"64":{"start":{"line":117,"column":6},"end":{"line":117,"column":43}},"65":{"start":{"line":118,"column":6},"end":{"line":118,"column":39}},"66":{"start":{"line":119,"column":6},"end":{"line":119,"column":51}},"67":{"start":{"line":120,"column":6},"end":{"line":120,"column":49}},"68":{"start":{"line":121,"column":6},"end":{"line":121,"column":26}},"69":{"start":{"line":124,"column":6},"end":{"line":124,"column":34}},"70":{"start":{"line":129,"column":4},"end":{"line":140,"column":null}},"71":{"start":{"line":130,"column":6},"end":{"line":138,"column":11}},"72":{"start":{"line":132,"column":27},"end":{"line":132,"column":45}},"73":{"start":{"line":133,"column":10},"end":{"line":133,"column":null}},"74":{"start":{"line":134,"column":10},"end":{"line":137,"column":43}},"75":{"start":{"line":135,"column":12},"end":{"line":135,"column":45}},"76":{"start":{"line":137,"column":15},"end":{"line":137,"column":43}},"77":{"start":{"line":139,"column":6},"end":{"line":139,"column":34}},"78":{"start":{"line":144,"column":4},"end":{"line":146,"column":null}},"79":{"start":{"line":145,"column":6},"end":{"line":145,"column":29}},"80":{"start":{"line":150,"column":4},"end":{"line":178,"column":null}},"81":{"start":{"line":151,"column":29},"end":{"line":151,"column":47}},"82":{"start":{"line":152,"column":6},"end":{"line":177,"column":null}},"83":{"start":{"line":153,"column":8},"end":{"line":163,"column":13}},"84":{"start":{"line":154,"column":10},"end":{"line":154,"column":42}},"85":{"start":{"line":157,"column":29},"end":{"line":157,"column":47}},"86":{"start":{"line":158,"column":12},"end":{"line":158,"column":null}},"87":{"start":{"line":159,"column":12},"end":{"line":162,"column":45}},"88":{"start":{"line":160,"column":14},"end":{"line":160,"column":47}},"89":{"start":{"line":162,"column":17},"end":{"line":162,"column":45}},"90":{"start":{"line":165,"column":8},"end":{"line":175,"column":11}},"91":{"start":{"line":166,"column":10},"end":{"line":166,"column":45}},"92":{"start":{"line":169,"column":27},"end":{"line":169,"column":45}},"93":{"start":{"line":170,"column":10},"end":{"line":170,"column":null}},"94":{"start":{"line":171,"column":10},"end":{"line":174,"column":43}},"95":{"start":{"line":172,"column":12},"end":{"line":172,"column":45}},"96":{"start":{"line":174,"column":15},"end":{"line":174,"column":43}},"97":{"start":{"line":182,"column":4},"end":{"line":187,"column":7}},"98":{"start":{"line":183,"column":6},"end":{"line":183,"column":52}},"99":{"start":{"line":184,"column":6},"end":{"line":184,"column":72}},"100":{"start":{"line":185,"column":6},"end":{"line":185,"column":74}},"101":{"start":{"line":186,"column":6},"end":{"line":186,"column":80}},"102":{"start":{"line":189,"column":4},"end":{"line":189,"column":28}},"103":{"start":{"line":17,"column":13},"end":{"line":192,"column":null}}},"fnMap":{"0":{"name":"(anonymous_0)","decl":{"start":{"line":27,"column":2},"end":{"line":27,"column":22}},"loc":{"start":{"line":27,"column":223},"end":{"line":34,"column":3}}},"1":{"name":"(anonymous_1)","decl":{"start":{"line":29,"column":63},"end":{"line":29,"column":64}},"loc":{"start":{"line":29,"column":73},"end":{"line":33,"column":5}}},"2":{"name":"(anonymous_2)","decl":{"start":{"line":36,"column":15},"end":{"line":36,"column":25}},"loc":{"start":{"line":36,"column":25},"end":{"line":63,"column":null}}},"3":{"name":"(anonymous_4)","decl":{"start":{"line":42,"column":92},"end":{"line":42,"column":96}},"loc":{"start":{"line":42,"column":99},"end":{"line":42,"column":120}}},"4":{"name":"(anonymous_5)","decl":{"start":{"line":43,"column":13},"end":{"line":43,"column":18}},"loc":{"start":{"line":43,"column":21},"end":{"line":50,"column":7}}},"5":{"name":"(anonymous_6)","decl":{"start":{"line":52,"column":88},"end":{"line":52,"column":93}},"loc":{"start":{"line":52,"column":96},"end":{"line":52,"column":157}}},"6":{"name":"(anonymous_7)","decl":{"start":{"line":52,"column":112},"end":{"line":52,"column":117}},"loc":{"start":{"line":52,"column":120},"end":{"line":52,"column":155}}},"7":{"name":"(anonymous_8)","decl":{"start":{"line":53,"column":15},"end":{"line":53,"column":20}},"loc":{"start":{"line":53,"column":23},"end":{"line":60,"column":9}}},"8":{"name":"(anonymous_9)","decl":{"start":{"line":65,"column":2},"end":{"line":65,"column":27}},"loc":{"start":{"line":65,"column":27},"end":{"line":68,"column":3}}},"9":{"name":"(anonymous_10)","decl":{"start":{"line":67,"column":15},"end":{"line":67,"column":18}},"loc":{"start":{"line":67,"column":20},"end":{"line":67,"column":44}}},"10":{"name":"(anonymous_11)","decl":{"start":{"line":70,"column":2},"end":{"line":70,"column":10}},"loc":{"start":{"line":70,"column":10},"end":{"line":71,"column":3}}},"11":{"name":"(anonymous_12)","decl":{"start":{"line":73,"column":2},"end":{"line":73,"column":13}},"loc":{"start":{"line":73,"column":13},"end":{"line":77,"column":3}}},"12":{"name":"(anonymous_13)","decl":{"start":{"line":79,"column":2},"end":{"line":79,"column":17}},"loc":{"start":{"line":79,"column":31},"end":{"line":84,"column":3}}},"13":{"name":"(anonymous_14)","decl":{"start":{"line":87,"column":2},"end":{"line":87,"column":13}},"loc":{"start":{"line":87,"column":13},"end":{"line":93,"column":3}}},"14":{"name":"(anonymous_15)","decl":{"start":{"line":95,"column":2},"end":{"line":95,"column":13}},"loc":{"start":{"line":95,"column":13},"end":{"line":101,"column":3}}},"15":{"name":"(anonymous_16)","decl":{"start":{"line":103,"column":2},"end":{"line":103,"column":19}},"loc":{"start":{"line":103,"column":19},"end":{"line":107,"column":3}}},"16":{"name":"(anonymous_17)","decl":{"start":{"line":110,"column":2},"end":{"line":110,"column":16}},"loc":{"start":{"line":110,"column":37},"end":{"line":126,"column":3}}},"17":{"name":"(anonymous_18)","decl":{"start":{"line":128,"column":8},"end":{"line":128,"column":19}},"loc":{"start":{"line":128,"column":19},"end":{"line":141,"column":null}}},"18":{"name":"(anonymous_20)","decl":{"start":{"line":131,"column":15},"end":{"line":131,"column":20}},"loc":{"start":{"line":131,"column":23},"end":{"line":138,"column":9}}},"19":{"name":"(anonymous_21
[...]
,"C:\\Users\\carlo\\IdeaProjects\\BookAdvisor_SQLServer\\angularclient\\src\\app\\user\\utente-form\\utente-form.component.ts": {"path":"C:\\Users\\carlo\\IdeaProjects\\BookAdvisor_SQLServer\\angularclient\\src\\app\\user\\utente-form\\utente-form.component.ts","statementMap":{"0":{"start":{"line":16,"column":0},"end":{"line":81,"column":null}},"1":{"start":{"line":27,"column":22},"end":{"line":27,"column":29}},"2":{"start":{"line":27,"column":53},"end":{"line":27,"column":61}},"3":{"start":{"line":27,"column":77},"end":{"line":27,"column":90}},"4":{"start":{"line":27,"column":113},"end":{"line":27,"column":135}},"5":{"start":{"line":27,"column":165},"end":{"line":27,"column":188}},"6":{"start":{"line":17,"column":2},"end":{"line":17,"column":29}},"7":{"start":{"line":18,"column":2},"end":{"line":25,"column":5}},"8":{"start":{"line":31,"column":4},"end":{"line":33,"column":null}},"9":{"start":{"line":32,"column":6},"end":{"line":32,"column":34}},"10":{"start":{"line":37,"column":4},"end":{"line":37,"column":26}},"11":{"start":{"line":38,"column":20},"end":{"line":38,"column":220}},"12":{"start":{"line":39,"column":14},"end":{"line":39,"column":50}},"13":{"start":{"line":40,"column":4},"end":{"line":64,"column":9}},"14":{"start":{"line":40,"column":44},"end":{"line":56,"column":6}},"15":{"start":{"line":41,"column":6},"end":{"line":50,"column":null}},"16":{"start":{"line":42,"column":29},"end":{"line":42,"column":44}},"17":{"start":{"line":43,"column":23},"end":{"line":43,"column":25}},"18":{"start":{"line":44,"column":8},"end":{"line":46,"column":null}},"19":{"start":{"line":45,"column":10},"end":{"line":45,"column":37}},"20":{"start":{"line":47,"column":24},"end":{"line":47,"column":54}},"21":{"start":{"line":48,"column":8},"end":{"line":48,"column":34}},"22":{"start":{"line":49,"column":8},"end":{"line":49,"column":30}},"23":{"start":{"line":51,"column":6},"end":{"line":55,"column":null}},"24":{"start":{"line":52,"column":8},"end":{"line":52,"column":32}},"25":{"start":{"line":53,"column":8},"end":{"line":53,"column":31}},"26":{"start":{"line":54,"column":8},"end":{"line":54,"column":25}},"27":{"start":{"line":58,"column":25},"end":{"line":58,"column":43}},"28":{"start":{"line":59,"column":8},"end":{"line":59,"column":null}},"29":{"start":{"line":60,"column":8},"end":{"line":63,"column":41}},"30":{"start":{"line":61,"column":10},"end":{"line":61,"column":43}},"31":{"start":{"line":63,"column":13},"end":{"line":63,"column":41}},"32":{"start":{"line":65,"column":4},"end":{"line":65,"column":27}},"33":{"start":{"line":68,"column":4},"end":{"line":68,"column":37}},"34":{"start":{"line":72,"column":17},"end":{"line":72,"column":43}},"35":{"start":{"line":73,"column":4},"end":{"line":73,"column":37}},"36":{"start":{"line":77,"column":17},"end":{"line":77,"column":43}},"37":{"start":{"line":78,"column":4},"end":{"line":78,"column":46}},"38":{"start":{"line":16,"column":13},"end":{"line":81,"column":null}}},"fnMap":{"0":{"name":"(anonymous_0)","decl":{"start":{"line":27,"column":2},"end":{"line":27,"column":22}},"loc":{"start":{"line":27,"column":209},"end":{"line":28,"column":3}}},"1":{"name":"(anonymous_1)","decl":{"start":{"line":30,"column":2},"end":{"line":30,"column":10}},"loc":{"start":{"line":30,"column":10},"end":{"line":34,"column":3}}},"2":{"name":"(anonymous_2)","decl":{"start":{"line":36,"column":8},"end":{"line":36,"column":16}},"loc":{"start":{"line":36,"column":16},"end":{"line":66,"column":null}}},"3":{"name":"(anonymous_4)","decl":{"start":{"line":40,"column":29},"end":{"line":40,"column":36}},"loc":{"start":{"line":40,"column":44},"end":{"line":56,"column":6}}},"4":{"name":"(anonymous_5)","decl":{"start":{"line":40,"column":44},"end":{"line":40,"column":null}},"loc":{"start":{"line":40,"column":44},"end":{"line":56,"column":5}}},"5":{"name":"(anonymous_6)","decl":{"start":{"line":57,"column":13},"end":{"line":57,"column":18}},"loc":{"start":{"line":57,"column":21},"end":{"line":64,"column":7}}},"6":{"name":"(anonymous_7)","decl":{"start":{"line":67,"column":2},"end":{"line":67,"column":11}},"loc":{"start":{"line":67,"column":11},"end":{"line":69,"column":3}}},"7":{"name":"(anonymous_8)","decl":{"start":{"line":71,"column":2},"end":{"line":71,"column":19}},"loc":{"start":{"line":71,"column":33},"end":{"line":74,"column":3}}},"8":{"name":"(anonymous_9)","decl":{"start":{"line":76,"column":2},"end":{"line":76,"column":10}},"loc":{"start":{"line":76,"column":39},"end":{"line":79,"column":3}}}},"branchMap":{"0":{"loc":{"start":{"line":31,"column":4},"end":{"line":33,"column":null}},"type":"if","locations":[{"start":{"line":31,"column":4},"end":{"line":33,"column":null}},{"start":{"line":31,"column":4},"end":{"line":33,"column":null}}]},"1":{"loc":{"start":{"line":51,"column":6},"end":{"line":55,"column":null}},"type":"if","locations":[{"start":{"line":51,"column":6},"end":{"line":55,"column":null}},{"start":{"line":51,"column":6},"end":{"line":55,"column":null}}]},"2":{"loc":{"start":{"line":60,"column":8},"end":{"line":63,"column":41}},"type":"if","locations":[{"start":{"line":60,"column":8},"end":{"line":63,"column":41}},{"start":{"line":60,"column":8},"end":{"line":63,"column":41}}]},"3":{"loc":{"start":{"line":73,"column":11},"end":{"line":73,"column":22}},"type":"binary-expr","locations":[{"start":{"line":73,"column":11},"end":{"line":73,"column":22}},{"start":{"line":73,"column":26},"end":{"line":73,"column":36}}]},"4":{"loc":{"start":{"line":78,"column":11},"end":{"line":78,"column":21}},"type":"binary-expr","locations":[{"start":{"line":78,"column":11},"end":{"line":78,"column":21}},{"start":{"line":78,"column":25},"end":{"line":78,"column":45}}]}},"s":{"0":72,"1":14,"2":14,"3":14,"4":14,"5":14,"6":14,"7":14,"8":14,"9":2,"10":10,"11":10,"12":10,"13":10,"14":10,"15":10,"16":2,"17":2,"18":2,"19":2,"20":2,"21":2,"22":2,"23":10,"24":9,"25":9,"26":9,"27":0,"28":0,"29":0,"30":0,"31":0,"32":10,"33":9,"34":9660,"35":9660,"36":27370,"37":27370,"38":72},"f":{"0":14,"1":14,"2":10,"3":10,"4":10,"5":0,"6":9,"7":9660,"8":27370},"b":{"0":[2,12],"1":[9,1],"2":[0,0],"3":[9660,2776],"4":[27370,20494]}}
,"C:\\Users\\carlo\\IdeaProjects\\BookAdvisor_SQLServer\\angularclient\\src\\app\\user\\utente-list\\utente-list.component.ts": {"path":"C:\\Users\\carlo\\IdeaProjects\\BookAdvisor_SQLServer\\angularclient\\src\\app\\user\\utente-list\\utente-list.component.ts","statementMap":{"0":{"start":{"line":13,"column":0},"end":{"line":56,"column":null}},"1":{"start":{"line":15,"column":22},"end":{"line":15,"column":28}},"2":{"start":{"line":15,"column":48},"end":{"line":15,"column":56}},"3":{"start":{"line":15,"column":72},"end":{"line":15,"column":79}},"4":{"start":{"line":15,"column":103},"end":{"line":15,"column":118}},"5":{"start":{"line":15,"column":141},"end":{"line":15,"column":164}},"6":{"start":{"line":14,"column":2},"end":{"line":14,"column":28}},"7":{"start":{"line":18,"column":4},"end":{"line":31,"column":null}},"8":{"start":{"line":19,"column":6},"end":{"line":27,"column":11}},"9":{"start":{"line":19,"column":57},"end":{"line":19,"column":108}},"10":{"start":{"line":19,"column":82},"end":{"line":19,"column":106}},"11":{"start":{"line":21,"column":27},"end":{"line":21,"column":45}},"12":{"start":{"line":22,"column":10},"end":{"line":22,"column":null}},"13":{"start":{"line":23,"column":10},"end":{"line":26,"column":43}},"14":{"start":{"line":24,"column":12},"end":{"line":24,"column":45}},"15":{"start":{"line":26,"column":15},"end":{"line":26,"column":43}},"16":{"start":{"line":30,"column":6},"end":{"line":30,"column":34}},"17":{"start":{"line":35,"column":4},"end":{"line":53,"column":null}},"18":{"start":{"line":36,"column":6},"end":{"line":44,"column":11}},"19":{"start":{"line":38,"column":27},"end":{"line":38,"column":45}},"20":{"start":{"line":39,"column":10},"end":{"line":39,"column":null}},"21":{"start":{"line":40,"column":10},"end":{"line":43,"column":43}},"22":{"start":{"line":41,"column":12},"end":{"line":41,"column":45}},"23":{"start":{"line":43,"column":15},"end":{"line":43,"column":43}},"24":{"start":{"line":45,"column":6},"end":{"line":49,"column":9}},"25":{"start":{"line":46,"column":8},"end":{"line":48,"column":null}},"26":{"start":{"line":47,"column":10},"end":{"line":47,"column":61}},"27":{"start":{"line":52,"column":6},"end":{"line":52,"column":34}},"28":{"start":{"line":13,"column":13},"end":{"line":56,"column":null}}},"fnMap":{"0":{"name":"(anonymous_0)","decl":{"start":{"line":15,"column":2},"end":{"line":15,"column":22}},"loc":{"start":{"line":15,"column":185},"end":{"line":15,"column":190}}},"1":{"name":"(anonymous_1)","decl":{"start":{"line":17,"column":8},"end":{"line":17,"column":16}},"loc":{"start":{"line":17,"column":16},"end":{"line":32,"column":null}}},"2":{"name":"(anonymous_3)","decl":{"start":{"line":19,"column":46},"end":{"line":19,"column":52}},"loc":{"start":{"line":19,"column":55},"end":{"line":19,"column":108}}},"3":{"name":"(anonymous_4)","decl":{"start":{"line":19,"column":72},"end":{"line":19,"column":78}},"loc":{"start":{"line":19,"column":82},"end":{"line":19,"column":106}}},"4":{"name":"(anonymous_5)","decl":{"start":{"line":20,"column":15},"end":{"line":20,"column":20}},"loc":{"start":{"line":20,"column":23},"end":{"line":27,"column":9}}},"5":{"name":"(anonymous_6)","decl":{"start":{"line":34,"column":8},"end":{"line":34,"column":18}},"loc":{"start":{"line":34,"column":29},"end":{"line":54,"column":null}}},"6":{"name":"(anonymous_8)","decl":{"start":{"line":37,"column":15},"end":{"line":37,"column":20}},"loc":{"start":{"line":37,"column":23},"end":{"line":44,"column":9}}},"7":{"name":"(anonymous_9)","decl":{"start":{"line":45,"column":26},"end":{"line":45,"column":32}},"loc":{"start":{"line":45,"column":35},"end":{"line":49,"column":7}}}},"branchMap":{"0":{"loc":{"start":{"line":18,"column":4},"end":{"line":31,"column":null}},"type":"if","locations":[{"start":{"line":18,"column":4},"end":{"line":31,"column":null}},{"start":{"line":18,"column":4},"end":{"line":31,"column":null}}]},"1":{"loc":{"start":{"line":23,"column":10},"end":{"line":26,"column":43}},"type":"if","locations":[{"start":{"line":23,"column":10},"end":{"line":26,"column":43}},{"start":{"line":23,"column":10},"end":{"line":26,"column":43}}]},"2":{"loc":{"start":{"line":35,"column":4},"end":{"line":53,"column":null}},"type":"if","locations":[{"start":{"line":35,"column":4},"end":{"line":53,"column":null}},{"start":{"line":35,"column":4},"end":{"line":53,"column":null}}]},"3":{"loc":{"start":{"line":40,"column":10},"end":{"line":43,"column":43}},"type":"if","locations":[{"start":{"line":40,"column":10},"end":{"line":43,"column":43}},{"start":{"line":40,"column":10},"end":{"line":43,"column":43}}]},"4":{"loc":{"start":{"line":46,"column":8},"end":{"line":48,"column":null}},"type":"if","locations":[{"start":{"line":46,"column":8},"end":{"line":48,"column":null}},{"start":{"line":46,"column":8},"end":{"line":48,"column":null}}]}},"s":{"0":72,"1":2,"2":2,"3":2,"4":2,"5":2,"6":2,"7":2,"8":2,"9":2,"10":6,"11":0,"12":0,"13":0,"14":0,"15":0,"16":0,"17":2,"18":2,"19":0,"20":0,"21":0,"22":0,"23":0,"24":2,"25":6,"26":2,"27":0,"28":72},"f":{"0":2,"1":2,"2":2,"3":6,"4":0,"5":2,"6":0,"7":6},"b":{"0":[2,0],"1":[0,0],"2":[2,0],"3":[0,0],"4":[2,4]}}
,"C:\\Users\\carlo\\IdeaProjects\\BookAdvisor_SQLServer\\angularclient\\src\\app\\user\\utente-update\\utente-update.component.ts": {"path":"C:\\Users\\carlo\\IdeaProjects\\BookAdvisor_SQLServer\\angularclient\\src\\app\\user\\utente-update\\utente-update.component.ts","statementMap":{"0":{"start":{"line":15,"column":0},"end":{"line":98,"column":null}},"1":{"start":{"line":28,"column":22},"end":{"line":28,"column":29}},"2":{"start":{"line":28,"column":53},"end":{"line":28,"column":61}},"3":{"start":{"line":28,"column":77},"end":{"line":28,"column":90}},"4":{"start":{"line":28,"column":113},"end":{"line":28,"column":135}},"5":{"start":{"line":28,"column":165},"end":{"line":28,"column":188}},"6":{"start":{"line":17,"column":20},"end":{"line":17,"column":99}},"7":{"start":{"line":18,"column":2},"end":{"line":18,"column":29}},"8":{"start":{"line":19,"column":2},"end":{"line":26,"column":5}},"9":{"start":{"line":32,"column":4},"end":{"line":39,"column":37}},"10":{"start":{"line":33,"column":6},"end":{"line":33,"column":69}},"11":{"start":{"line":34,"column":6},"end":{"line":34,"column":75}},"12":{"start":{"line":35,"column":6},"end":{"line":35,"column":71}},"13":{"start":{"line":36,"column":6},"end":{"line":36,"column":83}},"14":{"start":{"line":37,"column":6},"end":{"line":37,"column":68}},"15":{"start":{"line":39,"column":9},"end":{"line":39,"column":37}},"16":{"start":{"line":43,"column":4},"end":{"line":74,"column":37}},"17":{"start":{"line":44,"column":6},"end":{"line":44,"column":28}},"18":{"start":{"line":45,"column":26},"end":{"line":45,"column":231}},"19":{"start":{"line":46,"column":16},"end":{"line":46,"column":72}},"20":{"start":{"line":47,"column":6},"end":{"line":71,"column":11}},"21":{"start":{"line":47,"column":46},"end":{"line":63,"column":8}},"22":{"start":{"line":48,"column":8},"end":{"line":57,"column":null}},"23":{"start":{"line":49,"column":31},"end":{"line":49,"column":46}},"24":{"start":{"line":50,"column":25},"end":{"line":50,"column":27}},"25":{"start":{"line":51,"column":10},"end":{"line":53,"column":null}},"26":{"start":{"line":52,"column":12},"end":{"line":52,"column":39}},"27":{"start":{"line":54,"column":26},"end":{"line":54,"column":62}},"28":{"start":{"line":55,"column":10},"end":{"line":55,"column":36}},"29":{"start":{"line":56,"column":10},"end":{"line":56,"column":32}},"30":{"start":{"line":58,"column":8},"end":{"line":62,"column":null}},"31":{"start":{"line":59,"column":10},"end":{"line":59,"column":40}},"32":{"start":{"line":60,"column":10},"end":{"line":60,"column":33}},"33":{"start":{"line":61,"column":10},"end":{"line":61,"column":41}},"34":{"start":{"line":65,"column":27},"end":{"line":65,"column":45}},"35":{"start":{"line":66,"column":10},"end":{"line":66,"column":null}},"36":{"start":{"line":67,"column":10},"end":{"line":70,"column":43}},"37":{"start":{"line":68,"column":12},"end":{"line":68,"column":45}},"38":{"start":{"line":70,"column":15},"end":{"line":70,"column":43}},"39":{"start":{"line":72,"column":6},"end":{"line":72,"column":29}},"40":{"start":{"line":74,"column":9},"end":{"line":74,"column":37}},"41":{"start":{"line":78,"column":17},"end":{"line":78,"column":49}},"42":{"start":{"line":79,"column":4},"end":{"line":79,"column":37}},"43":{"start":{"line":83,"column":17},"end":{"line":83,"column":49}},"44":{"start":{"line":84,"column":4},"end":{"line":84,"column":46}},"45":{"start":{"line":88,"column":4},"end":{"line":88,"column":50}},"46":{"start":{"line":89,"column":4},"end":{"line":96,"column":null}},"47":{"start":{"line":90,"column":6},"end":{"line":90,"column":134}},"48":{"start":{"line":91,"column":6},"end":{"line":91,"column":71}},"49":{"start":{"line":94,"column":6},"end":{"line":94,"column":64}},"50":{"start":{"line":95,"column":6},"end":{"line":95,"column":71}},"51":{"start":{"line":16,"column":11},"end":{"line":16,"column":null}},"52":{"start":{"line":17,"column":12},"end":{"line":17,"column":null}},"53":{"start":{"line":15,"column":13},"end":{"line":98,"column":null}}},"fnMap":{"0":{"name":"(anonymous_0)","decl":{"start":{"line":28,"column":2},"end":{"line":28,"column":22}},"loc":{"start":{"line":28,"column":209},"end":{"line":29,"column":3}}},"1":{"name":"(anonymous_1)","decl":{"start":{"line":31,"column":2},"end":{"line":31,"column":10}},"loc":{"start":{"line":31,"column":10},"end":{"line":40,"column":3}}},"2":{"name":"(anonymous_2)","decl":{"start":{"line":42,"column":8},"end":{"line":42,"column":16}},"loc":{"start":{"line":42,"column":16},"end":{"line":75,"column":null}}},"3":{"name":"(anonymous_4)","decl":{"start":{"line":47,"column":31},"end":{"line":47,"column":38}},"loc":{"start":{"line":47,"column":46},"end":{"line":63,"column":8}}},"4":{"name":"(anonymous_5)","decl":{"start":{"line":47,"column":46},"end":{"line":47,"column":null}},"loc":{"start":{"line":47,"column":46},"end":{"line":63,"column":7}}},"5":{"name":"(anonymous_6)","decl":{"start":{"line":64,"column":15},"end":{"line":64,"column":20}},"loc":{"start":{"line":64,"column":23},"end":{"line":71,"column":9}}},"6":{"name":"(anonymous_7)","decl":{"start":{"line":77,"column":2},"end":{"line":77,"column":19}},"loc":{"start":{"line":77,"column":33},"end":{"line":80,"column":3}}},"7":{"name":"(anonymous_8)","decl":{"start":{"line":82,"column":2},"end":{"line":82,"column":10}},"loc":{"start":{"line":82,"column":39},"end":{"line":85,"column":3}}},"8":{"name":"(anonymous_9)","decl":{"start":{"line":87,"column":2},"end":{"line":87,"column":20}},"loc":{"start":{"line":87,"column":32},"end":{"line":97,"column":3}}}},"branchMap":{"0":{"loc":{"start":{"line":32,"column":4},"end":{"line":39,"column":37}},"type":"if","locations":[{"start":{"line":32,"column":4},"end":{"line":39,"column":37}},{"start":{"line":32,"column":4},"end":{"line":39,"column":37}}]},"1":{"loc":{"start":{"line":43,"column":4},"end":{"line":74,"column":37}},"type":"if","locations":[{"start":{"line":43,"column":4},"end":{"line":74,"column":37}},{"start":{"line":43,"column":4},"end":{"line":74,"column":37}}]},"2":{"loc":{"start":{"line":58,"column":8},"end":{"line":62,"column":null}},"type":"if","locations":[{"start":{"line":58,"column":8},"end":{"line":62,"column":null}},{"start":{"line":58,"column":8},"end":{"line":62,"column":null}}]},"3":{"loc":{"start":{"line":67,"column":10},"end":{"line":70,"column":43}},"type":"if","locations":[{"start":{"line":67,"column":10},"end":{"line":70,"column":43}},{"start":{"line":67,"column":10},"end":{"line":70,"column":43}}]},"4":{"loc":{"start":{"line":79,"column":11},"end":{"line":79,"column":22}},"type":"binary-expr","locations":[{"start":{"line":79,"column":11},"end":{"line":79,"column":22}},{"start":{"line":79,"column":26},"end":{"line":79,"column":36}}]},"5":{"loc":{"start":{"line":84,"column":11},"end":{"line":84,"column":21}},"type":"binary-expr","locations":[{"start":{"line":84,"column":11},"end":{"line":84,"column":21}},{"start":{"line":84,"column":25},"end":{"line":84,"column":45}}]},"6":{"loc":{"start":{"line":89,"column":4},"end":{"line":96,"column":null}},"type":"if","locations":[{"start":{"line":89,"column":4},"end":{"line":96,"column":null}},{"start":{"line":89,"column":4},"end":{"line":96,"column":null}}]}},"s":{"0":72,"1":2,"2":2,"3":2,"4":2,"5":2,"6":2,"7":2,"8":2,"9":2,"10":2,"11":2,"12":2,"13":2,"14":2,"15":0,"16":2,"17":2,"18":2,"19":2,"20":2,"21":2,"22":2,"23":0,"24":0,"25":0,"26":0,"27":0,"28":0,"29":0,"30":2,"31":2,"32":2,"33":2,"34":0,"35":0,"36":0,"37":0,"38":0,"39":2,"40":0,"41":500,"42":500,"43":1000,"44":1000,"45":0,"46":0,"47":0,"48":0,"49":0,"50":0,"51":72,"52":72,"53":72},"f":{"0":2,"1":2,"2":2,"3":2,"4":2,"5":0,"6":500,"7":1000,"8":0},"b":{"0":[2,0],"1":[2,0],"2":[2,0],"3":[0,0],"4":[500,44],"5":[1000,288],"6":[0,0]}}
,"C:\\Users\\carlo\\IdeaProjects\\BookAdvisor_SQLServer\\angularclient\\src\\environments\\environment.ts": {"path":"C:\\Users\\carlo\\IdeaProjects\\BookAdvisor_SQLServer\\angularclient\\src\\environments\\environment.ts","statementMap":{"0":{"start":{"line":5,"column":27},"end":{"line":7,"column":2}}},"fnMap":{},"branchMap":{},"s":{"0":72},"f":{},"b":{}}
}
