{"total": {"lines":{"total":1343,"covered":921,"skipped":0,"pct":68.58},"statements":{"total":1573,"covered":1146,"skipped":0,"pct":72.85},"functions":{"total":436,"covered":354,"skipped":0,"pct":81.19},"branches":{"total":470,"covered":253,"skipped":0,"pct":53.83}}
,"C:\\Users\\carlo\\IdeaProjects\\BookAdvisor_SQLServer\\angularclient\\src\\main.ts": {"lines":{"total":4,"covered":2,"skipped":0,"pct":50},"functions":{"total":1,"covered":0,"skipped":0,"pct":0},"statements":{"total":4,"covered":2,"skipped":0,"pct":50},"branches":{"total":2,"covered":1,"skipped":0,"pct":50}}
,"C:\\Users\\carlo\\IdeaProjects\\BookAdvisor_SQLServer\\angularclient\\src\\app\\app-routing.module.ts": {"lines":{"total":2,"covered":2,"skipped":0,"pct":100},"functions":{"total":0,"covered":0,"skipped":0,"pct":100},"statements":{"total":3,"covered":3,"skipped":0,"pct":100},"branches":{"total":0,"covered":0,"skipped":0,"pct":100}}
,"C:\\Users\\carlo\\IdeaProjects\\BookAdvisor_SQLServer\\angularclient\\src\\app\\app.component.ts": {"lines":{"total":28,"covered":23,"skipped":0,"pct":82.14},"functions":{"total":11,"covered":10,"skipped":0,"pct":90.91},"statements":{"total":36,"covered":31,"skipped":0,"pct":86.11},"branches":{"total":8,"covered":5,"skipped":0,"pct":62.5}}
,"C:\\Users\\carlo\\IdeaProjects\\BookAdvisor_SQLServer\\angularclient\\src\\app\\app.module.ts": {"lines":{"total":1,"covered":1,"skipped":0,"pct":100},"functions":{"total":0,"covered":0,"skipped":0,"pct":100},"statements":{"total":2,"covered":2,"skipped":0,"pct":100},"branches":{"total":0,"covered":0,"skipped":0,"pct":100}}
,"C:\\Users\\carlo\\IdeaProjects\\BookAdvisor_SQLServer\\angularclient\\src\\app\\author\\author.module.ts": {"lines":{"total":1,"covered":1,"skipped":0,"pct":100},"functions":{"total":0,"covered":0,"skipped":0,"pct":100},"statements":{"total":2,"covered":2,"skipped":0,"pct":100},"branches":{"total":0,"covered":0,"skipped":0,"pct":100}}
,"C:\\Users\\carlo\\IdeaProjects\\BookAdvisor_SQLServer\\angularclient\\src\\app\\author\\author\\author.component.ts": {"lines":{"total":55,"covered":42,"skipped":0,"pct":76.36},"functions":{"total":17,"covered":14,"skipped":0,"pct":82.35},"statements":{"total":65,"covered":51,"skipped":0,"pct":78.46},"branches":{"total":24,"covered":12,"skipped":0,"pct":50}}
,"C:\\Users\\carlo\\IdeaProjects\\BookAdvisor_SQLServer\\angularclient\\src\\app\\author\\author-form\\author-form.component.ts": {"lines":{"total":49,"covered":26,"skipped":0,"pct":53.06},"functions":{"total":14,"covered":11,"skipped":0,"pct":78.57},"statements":{"total":60,"covered":37,"skipped":0,"pct":61.67},"branches":{"total":18,"covered":9,"skipped":0,"pct":50}}
,"C:\\Users\\carlo\\IdeaProjects\\BookAdvisor_SQLServer\\angularclient\\src\\app\\author\\author-list\\author-list.component.ts": {"lines":{"total":30,"covered":21,"skipped":0,"pct":70},"functions":{"total":12,"covered":9,"skipped":0,"pct":75},"statements":{"total":38,"covered":28,"skipped":0,"pct":73.68},"branches":{"total":12,"covered":7,"skipped":0,"pct":58.33}}
,"C:\\Users\\carlo\\IdeaProjects\\BookAdvisor_SQLServer\\angularclient\\src\\app\\author\\author-update\\author-update.component.ts": {"lines":{"total":38,"covered":24,"skipped":0,"pct":63.16},"functions":{"total":8,"covered":7,"skipped":0,"pct":87.5},"statements":{"total":45,"covered":31,"skipped":0,"pct":68.89},"branches":{"total":12,"covered":7,"skipped":0,"pct":58.33}}
,"C:\\Users\\carlo\\IdeaProjects\\BookAdvisor_SQLServer\\angularclient\\src\\app\\book\\book.module.ts": {"lines":{"total":1,"covered":1,"skipped":0,"pct":100},"functions":{"total":0,"covered":0,"skipped":0,"pct":100},"statements":{"total":2,"covered":2,"skipped":0,"pct":100},"branches":{"total":0,"covered":0,"skipped":0,"pct":100}}
,"C:\\Users\\carlo\\IdeaProjects\\BookAdvisor_SQLServer\\angularclient\\src\\app\\book\\book-form\\book-form.component.ts": {"lines":{"total":60,"covered":41,"skipped":0,"pct":68.33},"functions":{"total":19,"covered":17,"skipped":0,"pct":89.47},"statements":{"total":73,"covered":54,"skipped":0,"pct":73.97},"branches":{"total":14,"covered":9,"skipped":0,"pct":64.29}}
,"C:\\Users\\carlo\\IdeaProjects\\BookAdvisor_SQLServer\\angularclient\\src\\app\\book\\genre-form\\genre-form.component.ts": {"lines":{"total":33,"covered":20,"skipped":0,"pct":60.61},"functions":{"total":8,"covered":7,"skipped":0,"pct":87.5},"statements":{"total":41,"covered":28,"skipped":0,"pct":68.29},"branches":{"total":10,"covered":6,"skipped":0,"pct":60}}
,"C:\\Users\\carlo\\IdeaProjects\\BookAdvisor_SQLServer\\angularclient\\src\\app\\book\\libri-list\\libri-list.component.ts": {"lines":{"total":41,"covered":31,"skipped":0,"pct":75.61},"functions":{"total":17,"covered":15,"skipped":0,"pct":88.24},"statements":{"total":53,"covered":43,"skipped":0,"pct":81.13},"branches":{"total":15,"covered":9,"skipped":0,"pct":60}}
,"C:\\Users\\carlo\\IdeaProjects\\BookAdvisor_SQLServer\\angularclient\\src\\app\\book\\libro\\libro.component.ts": {"lines":{"total":94,"covered":65,"skipped":0,"pct":69.15},"functions":{"total":27,"covered":20,"skipped":0,"pct":74.07},"statements":{"total":104,"covered":74,"skipped":0,"pct":71.15},"branches":{"total":32,"covered":14,"skipped":0,"pct":43.75}}
,"C:\\Users\\carlo\\IdeaProjects\\BookAdvisor_SQLServer\\angularclient\\src\\app\\book\\prize-form\\prize-form.component.ts": {"lines":{"total":37,"covered":19,"skipped":0,"pct":51.35},"functions":{"total":11,"covered":9,"skipped":0,"pct":81.82},"statements":{"total":47,"covered":29,"skipped":0,"pct":61.7},"branches":{"total":12,"covered":6,"skipped":0,"pct":50}}
,"C:\\Users\\carlo\\IdeaProjects\\BookAdvisor_SQLServer\\angularclient\\src\\app\\book\\prize-list\\prize-list.component.ts": {"lines":{"total":27,"covered":15,"skipped":0,"pct":55.56},"functions":{"total":11,"covered":8,"skipped":0,"pct":72.73},"statements":{"total":33,"covered":20,"skipped":0,"pct":60.61},"branches":{"total":10,"covered":3,"skipped":0,"pct":30}}
,"C:\\Users\\carlo\\IdeaProjects\\BookAdvisor_SQLServer\\angularclient\\src\\app\\book\\update-libro\\update-libro.component.ts": {"lines":{"total":92,"covered":48,"skipped":0,"pct":52.17},"functions":{"total":23,"covered":14,"skipped":0,"pct":60.87},"statements":{"total":107,"covered":63,"skipped":0,"pct":58.88},"branches":{"total":26,"covered":13,"skipped":0,"pct":50}}
,"C:\\Users\\carlo\\IdeaProjects\\BookAdvisor_SQLServer\\angularclient\\src\\app\\core\\core.module.ts": {"lines":{"total":1,"covered":1,"skipped":0,"pct":100},"functions":{"total":0,"covered":0,"skipped":0,"pct":100},"statements":{"total":2,"covered":2,"skipped":0,"pct":100},"branches":{"total":0,"covered":0,"skipped":0,"pct":100}}
,"C:\\Users\\carlo\\IdeaProjects\\BookAdvisor_SQLServer\\angularclient\\src\\app\\core\\asyncValidators\\author-validator.service.ts": {"lines":{"total":15,"covered":12,"skipped":0,"pct":80},"functions":{"total":6,"covered":5,"skipped":0,"pct":83.33},"statements":{"total":16,"covered":13,"skipped":0,"pct":81.25},"branches":{"total":6,"covered":4,"skipped":0,"pct":66.67}}
,"C:\\Users\\carlo\\IdeaProjects\\BookAdvisor_SQLServer\\angularclient\\src\\app\\core\\asyncValidators\\book-validator.service.ts": {"lines":{"total":15,"covered":13,"skipped":0,"pct":86.67},"functions":{"total":6,"covered":5,"skipped":0,"pct":83.33},"statements":{"total":16,"covered":14,"skipped":0,"pct":87.5},"branches":{"total":6,"covered":5,"skipped":0,"pct":83.33}}
,"C:\\Users\\carlo\\IdeaProjects\\BookAdvisor_SQLServer\\angularclient\\src\\app\\core\\asyncValidators\\genre-validator.service.ts": {"lines":{"total":15,"covered":13,"skipped":0,"pct":86.67},"functions":{"total":6,"covered":5,"skipped":0,"pct":83.33},"statements":{"total":16,"covered":14,"skipped":0,"pct":87.5},"branches":{"total":6,"covered":5,"skipped":0,"pct":83.33}}
,"C:\\Users\\carlo\\IdeaProjects\\BookAdvisor_SQLServer\\angularclient\\src\\app\\core\\asyncValidators\\prize-validator.service.ts": {"lines":{"total":16,"covered":14,"skipped":0,"pct":87.5},"functions":{"total":7,"covered":6,"skipped":0,"pct":85.71},"statements":{"total":17,"covered":15,"skipped":0,"pct":88.24},"branches":{"total":6,"covered":5,"skipped":0,"pct":83.33}}
,"C:\\Users\\carlo\\IdeaProjects\\BookAdvisor_SQLServer\\angularclient\\src\\app\\core\\asyncValidators\\user-validator.service.ts": {"lines":{"total":27,"covered":23,"skipped":0,"pct":85.19},"functions":{"total":11,"covered":9,"skipped":0,"pct":81.82},"statements":{"total":28,"covered":24,"skipped":0,"pct":85.71},"branches":{"total":12,"covered":10,"skipped":0,"pct":83.33}}
,"C:\\Users\\carlo\\IdeaProjects\\BookAdvisor_SQLServer\\angularclient\\src\\app\\core\\model\\author-form.ts": {"lines":{"total":4,"covered":4,"skipped":0,"pct":100},"functions":{"total":1,"covered":1,"skipped":0,"pct":100},"statements":{"total":4,"covered":4,"skipped":0,"pct":100},"branches":{"total":0,"covered":0,"skipped":0,"pct":100}}
,"C:\\Users\\carlo\\IdeaProjects\\BookAdvisor_SQLServer\\angularclient\\src\\app\\core\\model\\author.ts": {"lines":{"total":0,"covered":0,"skipped":0,"pct":0},"functions":{"total":1,"covered":1,"skipped":0,"pct":0},"statements":{"total":0,"covered":0,"skipped":0,"pct":0},"branches":{"total":0,"covered":0,"skipped":0,"pct":0}}
,"C:\\Users\\carlo\\IdeaProjects\\BookAdvisor_SQLServer\\angularclient\\src\\app\\core\\model\\genre-form.ts": {"lines":{"total":1,"covered":1,"skipped":0,"pct":100},"functions":{"total":1,"covered":1,"skipped":0,"pct":100},"statements":{"total":1,"covered":1,"skipped":0,"pct":100},"branches":{"total":0,"covered":0,"skipped":0,"pct":100}}
,"C:\\Users\\carlo\\IdeaProjects\\BookAdvisor_SQLServer\\angularclient\\src\\app\\core\\model\\libro-form.ts": {"lines":{"total":9,"covered":9,"skipped":0,"pct":100},"functions":{"total":1,"covered":1,"skipped":0,"pct":100},"statements":{"total":9,"covered":9,"skipped":0,"pct":100},"branches":{"total":0,"covered":0,"skipped":0,"pct":100}}
,"C:\\Users\\carlo\\IdeaProjects\\BookAdvisor_SQLServer\\angularclient\\src\\app\\core\\model\\libro.ts": {"lines":{"total":0,"covered":0,"skipped":0,"pct":0},"functions":{"total":1,"covered":1,"skipped":0,"pct":0},"statements":{"total":0,"covered":0,"skipped":0,"pct":0},"branches":{"total":0,"covered":0,"skipped":0,"pct":0}}
,"C:\\Users\\carlo\\IdeaProjects\\BookAdvisor_SQLServer\\angularclient\\src\\app\\core\\model\\logged-info.ts": {"lines":{"total":6,"covered":4,"skipped":0,"pct":66.67},"functions":{"total":5,"covered":3,"skipped":0,"pct":60},"statements":{"total":6,"covered":4,"skipped":0,"pct":66.67},"branches":{"total":0,"covered":0,"skipped":0,"pct":100}}
,"C:\\Users\\carlo\\IdeaProjects\\BookAdvisor_SQLServer\\angularclient\\src\\app\\core\\model\\prize-form.ts": {"lines":{"total":2,"covered":2,"skipped":0,"pct":100},"functions":{"total":1,"covered":1,"skipped":0,"pct":100},"statements":{"total":2,"covered":2,"skipped":0,"pct":100},"branches":{"total":0,"covered":0,"skipped":0,"pct":100}}
,"C:\\Users\\carlo\\IdeaProjects\\BookAdvisor_SQLServer\\angularclient\\src\\app\\core\\model\\recensione-form.ts": {"lines":{"total":6,"covered":6,"skipped":0,"pct":100},"functions":{"total":1,"covered":1,"skipped":0,"pct":100},"statements":{"total":6,"covered":6,"skipped":0,"pct":100},"branches":{"total":0,"covered":0,"skipped":0,"pct":100}}
,"C:\\Users\\carlo\\IdeaProjects\\BookAdvisor_SQLServer\\angularclient\\src\\app\\core\\model\\utente-form.ts": {"lines":{"total":6,"covered":6,"skipped":0,"pct":100},"functions":{"total":1,"covered":1,"skipped":0,"pct":100},"statements":{"total":6,"covered":6,"skipped":0,"pct":100},"branches":{"total":0,"covered":0,"skipped":0,"pct":100}}
,"C:\\Users\\carlo\\IdeaProjects\\BookAdvisor_SQLServer\\angularclient\\src\\app\\core\\model\\utente-update-form.ts": {"lines":{"total":5,"covered":5,"skipped":0,"pct":100},"functions":{"total":1,"covered":1,"skipped":0,"pct":100},"statements":{"total":5,"covered":5,"skipped":0,"pct":100},"branches":{"total":0,"covered":0,"skipped":0,"pct":100}}
,"C:\\Users\\carlo\\IdeaProjects\\BookAdvisor_SQLServer\\angularclient\\src\\app\\core\\model\\utente.ts": {"lines":{"total":0,"covered":0,"skipped":0,"pct":0},"functions":{"total":1,"covered":1,"skipped":0,"pct":0},"statements":{"total":0,"covered":0,"skipped":0,"pct":0},"branches":{"total":0,"covered":0,"skipped":0,"pct":0}}
,"C:\\Users\\carlo\\IdeaProjects\\BookAdvisor_SQLServer\\angularclient\\src\\app\\core\\services\\authentication.service.ts": {"lines":{"total":43,"covered":38,"skipped":0,"pct":88.37},"functions":{"total":12,"covered":11,"skipped":0,"pct":91.67},"statements":{"total":45,"covered":40,"skipped":0,"pct":88.89},"branches":{"total":21,"covered":17,"skipped":0,"pct":80.95}}
,"C:\\Users\\carlo\\IdeaProjects\\BookAdvisor_SQLServer\\angularclient\\src\\app\\core\\services\\author.service.ts": {"lines":{"total":13,"covered":13,"skipped":0,"pct":100},"functions":{"total":9,"covered":9,"skipped":0,"pct":100},"statements":{"total":14,"covered":14,"skipped":0,"pct":100},"branches":{"total":0,"covered":0,"skipped":0,"pct":100}}
,"C:\\Users\\carlo\\IdeaProjects\\BookAdvisor_SQLServer\\angularclient\\src\\app\\core\\services\\book-ranking.service.ts": {"lines":{"total":6,"covered":6,"skipped":0,"pct":100},"functions":{"total":4,"covered":4,"skipped":0,"pct":100},"statements":{"total":7,"covered":7,"skipped":0,"pct":100},"branches":{"total":0,"covered":0,"skipped":0,"pct":100}}
,"C:\\Users\\carlo\\IdeaProjects\\BookAdvisor_SQLServer\\angularclient\\src\\app\\core\\services\\genre.service.ts": {"lines":{"total":5,"covered":5,"skipped":0,"pct":100},"functions":{"total":3,"covered":3,"skipped":0,"pct":100},"statements":{"total":6,"covered":6,"skipped":0,"pct":100},"branches":{"total":0,"covered":0,"skipped":0,"pct":100}}
,"C:\\Users\\carlo\\IdeaProjects\\BookAdvisor_SQLServer\\angularclient\\src\\app\\core\\services\\libro.service.ts": {"lines":{"total":20,"covered":20,"skipped":0,"pct":100},"functions":{"total":16,"covered":16,"skipped":0,"pct":100},"statements":{"total":21,"covered":21,"skipped":0,"pct":100},"branches":{"total":0,"covered":0,"skipped":0,"pct":100}}
,"C:\\Users\\carlo\\IdeaProjects\\BookAdvisor_SQLServer\\angularclient\\src\\app\\core\\services\\my-books.service.ts": {"lines":{"total":8,"covered":8,"skipped":0,"pct":100},"functions":{"total":6,"covered":6,"skipped":0,"pct":100},"statements":{"total":9,"covered":9,"skipped":0,"pct":100},"branches":{"total":0,"covered":0,"skipped":0,"pct":100}}
,"C:\\Users\\carlo\\IdeaProjects\\BookAdvisor_SQLServer\\angularclient\\src\\app\\core\\services\\recensione.service.ts": {"lines":{"total":9,"covered":9,"skipped":0,"pct":100},"functions":{"total":7,"covered":7,"skipped":0,"pct":100},"statements":{"total":10,"covered":10,"skipped":0,"pct":100},"branches":{"total":0,"covered":0,"skipped":0,"pct":100}}
,"C:\\Users\\carlo\\IdeaProjects\\BookAdvisor_SQLServer\\angularclient\\src\\app\\core\\services\\utente.service.ts": {"lines":{"total":11,"covered":11,"skipped":0,"pct":100},"functions":{"total":7,"covered":7,"skipped":0,"pct":100},"statements":{"total":12,"covered":12,"skipped":0,"pct":100},"branches":{"total":0,"covered":0,"skipped":0,"pct":100}}
,"C:\\Users\\carlo\\IdeaProjects\\BookAdvisor_SQLServer\\angularclient\\src\\app\\core\\xsrfInterceptor\\xsrf-interceptor.service.ts": {"lines":{"total":6,"covered":6,"skipped":0,"pct":100},"functions":{"total":2,"covered":2,"skipped":0,"pct":100},"statements":{"total":7,"covered":7,"skipped":0,"pct":100},"branches":{"total":0,"covered":0,"skipped":0,"pct":100}}
,"C:\\Users\\carlo\\IdeaProjects\\BookAdvisor_SQLServer\\angularclient\\src\\app\\home\\home.component.ts": {"lines":{"total":2,"covered":2,"skipped":0,"pct":100},"functions":{"total":2,"covered":2,"skipped":0,"pct":100},"statements":{"total":3,"covered":3,"skipped":0,"pct":100},"branches":{"total":0,"covered":0,"skipped":0,"pct":100}}
,"C:\\Users\\carlo\\IdeaProjects\\BookAdvisor_SQLServer\\angularclient\\src\\app\\login\\login.component.ts": {"lines":{"total":28,"covered":25,"skipped":0,"pct":89.29},"functions":{"total":6,"covered":5,"skipped":0,"pct":83.33},"statements":{"total":33,"covered":30,"skipped":0,"pct":90.91},"branches":{"total":16,"covered":14,"skipped":0,"pct":87.5}}
,"C:\\Users\\carlo\\IdeaProjects\\BookAdvisor_SQLServer\\angularclient\\src\\app\\photo-upload\\photo-upload.component.ts": {"lines":{"total":70,"covered":41,"skipped":0,"pct":58.57},"functions":{"total":14,"covered":8,"skipped":0,"pct":57.14},"statements":{"total":78,"covered":49,"skipped":0,"pct":62.82},"branches":{"total":38,"covered":22,"skipped":0,"pct":57.89}}
,"C:\\Users\\carlo\\IdeaProjects\\BookAdvisor_SQLServer\\angularclient\\src\\app\\photo-upload\\photo-upload.module.ts": {"lines":{"total":1,"covered":1,"skipped":0,"pct":100},"functions":{"total":0,"covered":0,"skipped":0,"pct":100},"statements":{"total":2,"covered":2,"skipped":0,"pct":100},"branches":{"total":0,"covered":0,"skipped":0,"pct":100}}
,"C:\\Users\\carlo\\IdeaProjects\\BookAdvisor_SQLServer\\angularclient\\src\\app\\review\\review.module.ts": {"lines":{"total":1,"covered":1,"skipped":0,"pct":100},"functions":{"total":0,"covered":0,"skipped":0,"pct":100},"statements":{"total":2,"covered":2,"skipped":0,"pct":100},"branches":{"total":0,"covered":0,"skipped":0,"pct":100}}
,"C:\\Users\\carlo\\IdeaProjects\\BookAdvisor_SQLServer\\angularclient\\src\\app\\review\\review-form\\review-form.component.ts": {"lines":{"total":36,"covered":22,"skipped":0,"pct":61.11},"functions":{"total":8,"covered":7,"skipped":0,"pct":87.5},"statements":{"total":42,"covered":28,"skipped":0,"pct":66.67},"branches":{"total":12,"covered":7,"skipped":0,"pct":58.33}}
,"C:\\Users\\carlo\\IdeaProjects\\BookAdvisor_SQLServer\\angularclient\\src\\app\\review\\review-list\\review-list.component.ts": {"lines":{"total":61,"covered":31,"skipped":0,"pct":50.82},"functions":{"total":21,"covered":14,"skipped":0,"pct":66.67},"statements":{"total":76,"covered":45,"skipped":0,"pct":59.21},"branches":{"total":28,"covered":10,"skipped":0,"pct":35.71}}
,"C:\\Users\\carlo\\IdeaProjects\\BookAdvisor_SQLServer\\angularclient\\src\\app\\user\\user.module.ts": {"lines":{"total":1,"covered":1,"skipped":0,"pct":100},"functions":{"total":0,"covered":0,"skipped":0,"pct":100},"statements":{"total":2,"covered":2,"skipped":0,"pct":100},"branches":{"total":0,"covered":0,"skipped":0,"pct":100}}
,"C:\\Users\\carlo\\IdeaProjects\\BookAdvisor_SQLServer\\angularclient\\src\\app\\user\\book-ranking\\book-ranking.component.ts": {"lines":{"total":41,"covered":24,"skipped":0,"pct":58.54},"functions":{"total":16,"covered":13,"skipped":0,"pct":81.25},"statements":{"total":50,"covered":33,"skipped":0,"pct":66},"branches":{"total":12,"covered":4,"skipped":0,"pct":33.33}}
,"C:\\Users\\carlo\\IdeaProjects\\BookAdvisor_SQLServer\\angularclient\\src\\app\\user\\book-ranking-form\\book-ranking-form.component.ts": {"lines":{"total":27,"covered":17,"skipped":0,"pct":62.96},"functions":{"total":11,"covered":9,"skipped":0,"pct":81.82},"statements":{"total":38,"covered":28,"skipped":0,"pct":73.68},"branches":{"total":8,"covered":4,"skipped":0,"pct":50}}
,"C:\\Users\\carlo\\IdeaProjects\\BookAdvisor_SQLServer\\angularclient\\src\\app\\user\\my-books-list\\my-books-list.component.ts": {"lines":{"total":75,"covered":36,"skipped":0,"pct":48},"functions":{"total":18,"covered":11,"skipped":0,"pct":61.11},"statements":{"total":81,"covered":42,"skipped":0,"pct":51.85},"branches":{"total":50,"covered":17,"skipped":0,"pct":34}}
,"C:\\Users\\carlo\\IdeaProjects\\BookAdvisor_SQLServer\\angularclient\\src\\app\\user\\utente\\utente.component.ts": {"lines":{"total":55,"covered":43,"skipped":0,"pct":78.18},"functions":{"total":18,"covered":15,"skipped":0,"pct":83.33},"statements":{"total":63,"covered":51,"skipped":0,"pct":80.95},"branches":{"total":20,"covered":9,"skipped":0,"pct":45}}
,"C:\\Users\\carlo\\IdeaProjects\\BookAdvisor_SQLServer\\angularclient\\src\\app\\user\\utente-form\\utente-form.component.ts": {"lines":{"total":33,"covered":28,"skipped":0,"pct":84.85},"functions":{"total":9,"covered":8,"skipped":0,"pct":88.89},"statements":{"total":39,"covered":34,"skipped":0,"pct":87.18},"branches":{"total":10,"covered":8,"skipped":0,"pct":80}}
,"C:\\Users\\carlo\\IdeaProjects\\BookAdvisor_SQLServer\\angularclient\\src\\app\\user\\utente-list\\utente-list.component.ts": {"lines":{"total":22,"covered":10,"skipped":0,"pct":45.45},"functions":{"total":8,"covered":6,"skipped":0,"pct":75},"statements":{"total":29,"covered":17,"skipped":0,"pct":58.62},"branches":{"total":10,"covered":4,"skipped":0,"pct":40}}
,"C:\\Users\\carlo\\IdeaProjects\\BookAdvisor_SQLServer\\angularclient\\src\\app\\user\\utente-update\\utente-update.component.ts": {"lines":{"total":47,"covered":27,"skipped":0,"pct":57.45},"functions":{"total":9,"covered":7,"skipped":0,"pct":77.78},"statements":{"total":54,"covered":34,"skipped":0,"pct":62.96},"branches":{"total":14,"covered":7,"skipped":0,"pct":50}}
,"C:\\Users\\carlo\\IdeaProjects\\BookAdvisor_SQLServer\\angularclient\\src\\environments\\environment.ts": {"lines":{"total":1,"covered":1,"skipped":0,"pct":100},"functions":{"total":0,"covered":0,"skipped":0,"pct":100},"statements":{"total":1,"covered":1,"skipped":0,"pct":100},"branches":{"total":0,"covered":0,"skipped":0,"pct":100}}
}
