TN:
SF:src\main.ts
FN:12,(anonymous_0)
FNF:1
FNH:0
FNDA:0,(anonymous_0)
DA:7,72
DA:8,0
DA:11,72
DA:12,0
LF:4
LH:2
BRDA:7,0,0,0
BRDA:7,0,1,72
BRF:2
BRH:1
end_of_record
TN:
SF:src\app\app-routing.module.ts
FNF:0
FNH:0
DA:15,72
DA:73,72
LF:2
LH:2
BRF:0
BRH:0
end_of_record
TN:
SF:src\app\app.component.ts
FN:26,(anonymous_0)
FN:29,(anonymous_1)
FN:30,(anonymous_3)
FN:30,(anonymous_4)
FN:31,(anonymous_5)
FN:41,(anonymous_6)
FN:48,(anonymous_7)
FN:53,(anonymous_8)
FN:60,(anonymous_9)
FN:63,(anonymous_10)
FN:67,(anonymous_11)
FNF:11
FNH:10
FNDA:72,(anonymous_0)
FNDA:72,(anonymous_1)
FNDA:72,(anonymous_3)
FNDA:336,(anonymous_4)
FNDA:0,(anonymous_5)
FNDA:3,(anonymous_6)
FNDA:66,(anonymous_7)
FNDA:2,(anonymous_8)
FNDA:418,(anonymous_9)
FNDA:2,(anonymous_10)
FNDA:346,(anonymous_11)
DA:17,72
DA:18,72
DA:19,72
DA:20,72
DA:21,72
DA:22,72
DA:26,72
DA:27,72
DA:30,336
DA:32,0
DA:33,0
DA:34,0
DA:35,0
DA:37,0
DA:42,3
DA:43,3
DA:44,3
DA:49,66
DA:50,66
DA:54,2
DA:55,2
DA:56,2
DA:57,2
DA:61,418
DA:62,418
DA:63,27
DA:68,346
DA:69,105
LF:28
LH:23
BRDA:34,0,0,0
BRDA:34,0,1,0
BRDA:42,1,0,3
BRDA:42,1,1,0
BRDA:62,2,0,27
BRDA:62,2,1,391
BRDA:68,3,0,105
BRDA:68,3,1,241
BRF:8
BRH:5
end_of_record
TN:
SF:src\app\app.module.ts
FNF:0
FNH:0
DA:47,72
LF:1
LH:1
BRF:0
BRH:0
end_of_record
TN:
SF:src\app\author\author.module.ts
FNF:0
FNH:0
DA:35,72
LF:1
LH:1
BRF:0
BRH:0
end_of_record
TN:
SF:src\app\author\author\author.component.ts
FN:22,(anonymous_0)
FN:24,(anonymous_1)
FN:31,(anonymous_2)
FN:36,(anonymous_4)
FN:37,(anonymous_5)
FN:45,(anonymous_6)
FN:45,(anonymous_7)
FN:46,(anonymous_8)
FN:55,(anonymous_9)
FN:61,(anonymous_10)
FN:64,(anonymous_11)
FN:71,(anonymous_12)
FN:78,(anonymous_13)
FN:85,(anonymous_14)
FN:90,(anonymous_15)
FN:100,(anonymous_16)
FN:104,(anonymous_18)
FNF:17
FNH:14
FNDA:8,(anonymous_0)
FNDA:80,(anonymous_1)
FNDA:8,(anonymous_2)
FNDA:8,(anonymous_4)
FNDA:0,(anonymous_5)
FNDA:8,(anonymous_6)
FNDA:4,(anonymous_7)
FNDA:0,(anonymous_8)
FNDA:6,(anonymous_9)
FNDA:8,(anonymous_10)
FNDA:2,(anonymous_11)
FNDA:2,(anonymous_12)
FNDA:2,(anonymous_13)
FNDA:0,(anonymous_14)
FNDA:2,(anonymous_15)
FNDA:8,(anonymous_16)
FNDA:2,(anonymous_18)
DA:16,72
DA:18,8
DA:19,8
DA:20,8
DA:22,8
DA:23,8
DA:24,8
DA:25,80
DA:26,8
DA:32,8
DA:33,8
DA:34,8
DA:35,8
DA:36,8
DA:38,0
DA:39,0
DA:40,0
DA:41,0
DA:43,0
DA:45,8
DA:47,0
DA:48,0
DA:49,0
DA:50,0
DA:52,0
DA:56,6
DA:57,6
DA:65,2
DA:66,2
DA:67,2
DA:72,2
DA:73,2
DA:74,2
DA:79,2
DA:80,2
DA:81,2
DA:86,0
DA:87,0
DA:91,2
DA:92,2
DA:93,2
DA:94,2
DA:95,2
DA:96,2
DA:101,8
DA:102,8
DA:103,8
DA:105,2
DA:106,2
DA:107,2
DA:108,2
DA:109,0
DA:111,2
DA:113,8
DA:114,6
LF:55
LH:42
BRDA:25,0,0,8
BRDA:25,0,1,72
BRDA:40,1,0,0
BRDA:40,1,1,0
BRDA:49,2,0,0
BRDA:49,2,1,0
BRDA:56,3,0,6
BRDA:56,3,1,0
BRDA:65,4,0,2
BRDA:65,4,1,0
BRDA:72,5,0,2
BRDA:72,5,1,0
BRDA:79,6,0,2
BRDA:79,6,1,0
BRDA:91,7,0,2
BRDA:91,7,1,0
BRDA:101,8,0,8
BRDA:101,8,1,0
BRDA:108,9,0,0
BRDA:108,9,1,2
BRDA:111,10,0,0
BRDA:111,10,1,2
BRDA:113,11,0,6
BRDA:113,11,1,2
BRF:24
BRH:12
end_of_record
TN:
SF:src\app\author\author-form\author-form.component.ts
FN:28,(anonymous_0)
FN:31,(anonymous_1)
FN:34,(anonymous_2)
FN:37,(anonymous_4)
FN:37,(anonymous_5)
FN:60,(anonymous_6)
FN:74,(anonymous_7)
FN:75,(anonymous_9)
FN:76,(anonymous_10)
FN:85,(anonymous_11)
FN:86,(anonymous_13)
FN:87,(anonymous_14)
FN:97,(anonymous_15)
FN:102,(anonymous_16)
FNF:14
FNH:11
FNDA:10,(anonymous_0)
FNDA:10,(anonymous_1)
FNDA:10,(anonymous_2)
FNDA:10,(anonymous_4)
FNDA:10,(anonymous_5)
FNDA:0,(anonymous_6)
FNDA:2,(anonymous_7)
FNDA:2,(anonymous_9)
FNDA:0,(anonymous_10)
FNDA:8,(anonymous_11)
FNDA:8,(anonymous_13)
FNDA:0,(anonymous_14)
FNDA:3600,(anonymous_15)
FNDA:10800,(anonymous_16)
DA:16,72
DA:17,10
DA:18,10
DA:24,72
DA:25,72
DA:26,72
DA:27,72
DA:28,10
DA:35,10
DA:36,10
DA:37,10
DA:38,10
DA:39,0
DA:40,0
DA:41,0
DA:42,0
DA:44,0
DA:45,0
DA:46,0
DA:48,10
DA:49,10
DA:50,10
DA:51,10
DA:52,2
DA:54,8
DA:55,8
DA:61,0
DA:62,0
DA:63,0
DA:64,0
DA:66,0
DA:69,10
DA:71,0
DA:75,2
DA:77,0
DA:78,0
DA:79,0
DA:80,0
DA:82,0
DA:86,8
DA:88,0
DA:89,0
DA:90,0
DA:91,0
DA:93,0
DA:98,3600
DA:99,3600
DA:103,10800
DA:104,10800
LF:49
LH:26
BRDA:35,0,0,10
BRDA:35,0,1,0
BRDA:48,1,0,10
BRDA:48,1,1,0
BRDA:51,2,0,2
BRDA:51,2,1,8
BRDA:54,3,0,8
BRDA:54,3,1,0
BRDA:63,4,0,0
BRDA:63,4,1,0
BRDA:79,5,0,0
BRDA:79,5,1,0
BRDA:90,6,0,0
BRDA:90,6,1,0
BRDA:99,7,0,3600
BRDA:99,7,1,1580
BRDA:104,8,0,10800
BRDA:104,8,1,5160
BRF:18
BRH:9
end_of_record
TN:
SF:src\app\author\author-list\author-list.component.ts
FN:17,(anonymous_0)
FN:20,(anonymous_1)
FN:21,(anonymous_3)
FN:21,(anonymous_4)
FN:22,(anonymous_5)
FN:32,(anonymous_6)
FN:36,(anonymous_8)
FN:46,(anonymous_9)
FN:58,(anonymous_10)
FN:62,(anonymous_11)
FN:67,(anonymous_12)
FN:71,(anonymous_13)
FNF:12
FNH:9
FNDA:20,(anonymous_0)
FNDA:20,(anonymous_1)
FNDA:20,(anonymous_3)
FNDA:42,(anonymous_4)
FNDA:0,(anonymous_5)
FNDA:6,(anonymous_6)
FNDA:2,(anonymous_8)
FNDA:12,(anonymous_9)
FNDA:8,(anonymous_10)
FNDA:8,(anonymous_11)
FNDA:0,(anonymous_12)
FNDA:0,(anonymous_13)
DA:13,72
DA:14,20
DA:15,20
DA:16,20
DA:17,20
DA:21,42
DA:23,0
DA:24,0
DA:25,0
DA:26,0
DA:28,0
DA:33,6
DA:34,6
DA:35,6
DA:37,2
DA:38,2
DA:39,2
DA:40,2
DA:41,0
DA:43,2
DA:45,6
DA:46,4
DA:47,12
DA:48,4
DA:54,0
DA:59,8
DA:63,8
DA:64,8
DA:68,0
DA:72,0
LF:30
LH:21
BRDA:25,0,0,0
BRDA:25,0,1,0
BRDA:33,1,0,6
BRDA:33,1,1,0
BRDA:40,2,0,0
BRDA:40,2,1,2
BRDA:43,3,0,0
BRDA:43,3,1,2
BRDA:45,4,0,4
BRDA:45,4,1,2
BRDA:47,5,0,4
BRDA:47,5,1,8
BRF:12
BRH:7
end_of_record
TN:
SF:src\app\author\author-update\author-update.component.ts
FN:27,(anonymous_0)
FN:30,(anonymous_1)
FN:40,(anonymous_2)
FN:43,(anonymous_4)
FN:43,(anonymous_5)
FN:61,(anonymous_6)
FN:74,(anonymous_7)
FN:79,(anonymous_8)
FNF:8
FNH:7
FNDA:2,(anonymous_0)
FNDA:2,(anonymous_1)
FNDA:2,(anonymous_2)
FNDA:2,(anonymous_4)
FNDA:2,(anonymous_5)
FNDA:0,(anonymous_6)
FNDA:320,(anonymous_7)
FNDA:880,(anonymous_8)
DA:17,72
DA:18,72
DA:19,72
DA:20,2
DA:21,2
DA:27,2
DA:31,2
DA:32,2
DA:33,2
DA:34,2
DA:35,2
DA:37,0
DA:41,2
DA:42,2
DA:43,2
DA:44,2
DA:45,0
DA:46,0
DA:47,0
DA:48,0
DA:50,0
DA:51,0
DA:52,0
DA:54,2
DA:55,2
DA:56,2
DA:57,2
DA:62,0
DA:63,0
DA:64,0
DA:65,0
DA:67,0
DA:69,2
DA:71,0
DA:75,320
DA:76,320
DA:80,880
DA:81,880
LF:38
LH:24
BRDA:31,0,0,2
BRDA:31,0,1,0
BRDA:41,1,0,2
BRDA:41,1,1,0
BRDA:54,2,0,2
BRDA:54,2,1,0
BRDA:64,3,0,0
BRDA:64,3,1,0
BRDA:76,4,0,320
BRDA:76,4,1,12
BRDA:81,5,0,880
BRDA:81,5,1,228
BRF:12
BRH:7
end_of_record
TN:
SF:src\app\book\book.module.ts
FNF:0
FNH:0
DA:49,72
LF:1
LH:1
BRF:0
BRH:0
end_of_record
TN:
SF:src\app\book\book-form\book-form.component.ts
FN:37,(anonymous_0)
FN:39,(anonymous_1)
FN:45,(anonymous_3)
FN:45,(anonymous_4)
FN:46,(anonymous_5)
FN:46,(anonymous_6)
FN:51,(anonymous_7)
FN:55,(anonymous_8)
FN:55,(anonymous_9)
FN:73,(anonymous_10)
FN:88,(anonymous_11)
FN:92,(anonymous_12)
FN:97,(anonymous_13)
FN:102,(anonymous_14)
FN:117,(anonymous_15)
FN:120,(anonymous_16)
FN:123,(anonymous_17)
FN:128,(anonymous_18)
FN:134,(anonymous_19)
FNF:19
FNH:17
FNDA:27,(anonymous_0)
FNDA:27,(anonymous_1)
FNDA:25,(anonymous_3)
FNDA:121,(anonymous_4)
FNDA:25,(anonymous_5)
FNDA:50,(anonymous_6)
FNDA:25,(anonymous_7)
FNDA:25,(anonymous_8)
FNDA:25,(anonymous_9)
FNDA:0,(anonymous_10)
FNDA:25,(anonymous_11)
FNDA:29994,(anonymous_12)
FNDA:59514,(anonymous_13)
FNDA:25,(anonymous_14)
FNDA:2,(anonymous_15)
FNDA:2,(anonymous_16)
FNDA:2,(anonymous_17)
FNDA:2,(anonymous_18)
FNDA:0,(anonymous_19)
DA:17,72
DA:19,72
DA:20,27
DA:31,27
DA:32,27
DA:33,27
DA:34,27
DA:37,27
DA:40,27
DA:41,2
DA:44,25
DA:45,121
DA:46,50
DA:52,25
DA:53,25
DA:54,25
DA:55,25
DA:56,25
DA:57,0
DA:58,0
DA:59,0
DA:60,0
DA:62,0
DA:63,0
DA:64,0
DA:66,25
DA:67,25
DA:68,25
DA:69,25
DA:74,0
DA:75,0
DA:76,0
DA:77,0
DA:79,0
DA:81,25
DA:84,0
DA:89,25
DA:93,29994
DA:94,29994
DA:98,59514
DA:99,59514
DA:103,25
DA:104,25
DA:105,25
DA:106,25
DA:107,25
DA:111,0
DA:112,0
DA:113,0
DA:114,0
DA:118,2
DA:121,2
DA:124,2
DA:125,2
DA:126,2
DA:129,2
DA:130,2
DA:131,2
DA:135,0
DA:136,0
LF:60
LH:41
BRDA:40,0,0,2
BRDA:40,0,1,25
BRDA:52,1,0,25
BRDA:52,1,1,0
BRDA:66,2,0,25
BRDA:66,2,1,0
BRDA:76,3,0,0
BRDA:76,3,1,0
BRDA:94,4,0,29994
BRDA:94,4,1,13944
BRDA:99,5,0,59514
BRDA:99,5,1,28116
BRDA:105,6,0,25
BRDA:105,6,1,0
BRF:14
BRH:9
end_of_record
TN:
SF:src\app\book\genre-form\genre-form.component.ts
FN:21,(anonymous_0)
FN:23,(anonymous_1)
FN:26,(anonymous_2)
FN:31,(anonymous_4)
FN:31,(anonymous_5)
FN:48,(anonymous_6)
FN:63,(anonymous_7)
FN:68,(anonymous_8)
FNF:8
FNH:7
FNDA:2,(anonymous_0)
FNDA:2,(anonymous_1)
FNDA:2,(anonymous_2)
FNDA:2,(anonymous_4)
FNDA:2,(anonymous_5)
FNDA:0,(anonymous_6)
FNDA:96,(anonymous_7)
FNDA:384,(anonymous_8)
DA:14,72
DA:15,72
DA:16,72
DA:17,2
DA:18,2
DA:21,2
DA:28,2
DA:29,2
DA:30,2
DA:31,2
DA:32,2
DA:33,0
DA:34,0
DA:35,0
DA:36,0
DA:38,0
DA:39,0
DA:40,0
DA:42,2
DA:43,2
DA:44,2
DA:45,2
DA:49,0
DA:50,0
DA:51,0
DA:52,0
DA:54,0
DA:58,0
DA:60,2
DA:64,96
DA:65,96
DA:69,384
DA:70,384
LF:33
LH:20
BRDA:28,0,0,2
BRDA:28,0,1,0
BRDA:42,1,0,2
BRDA:42,1,1,0
BRDA:51,2,0,0
BRDA:51,2,1,0
BRDA:65,3,0,96
BRDA:65,3,1,68
BRDA:70,4,0,384
BRDA:70,4,1,368
BRF:10
BRH:6
end_of_record
TN:
SF:src\app\book\libri-list\libri-list.component.ts
FN:19,(anonymous_0)
FN:21,(anonymous_1)
FN:28,(anonymous_2)
FN:32,(anonymous_4)
FN:32,(anonymous_5)
FN:35,(anonymous_6)
FN:35,(anonymous_7)
FN:41,(anonymous_8)
FN:41,(anonymous_9)
FN:47,(anonymous_10)
FN:47,(anonymous_11)
FN:54,(anonymous_12)
FN:64,(anonymous_13)
FN:67,(anonymous_14)
FN:73,(anonymous_15)
FN:76,(anonymous_17)
FN:84,(anonymous_18)
FNF:17
FNH:15
FNDA:69,(anonymous_0)
FNDA:790,(anonymous_1)
FNDA:69,(anonymous_2)
FNDA:69,(anonymous_4)
FNDA:69,(anonymous_5)
FNDA:40,(anonymous_6)
FNDA:146,(anonymous_7)
FNDA:2,(anonymous_8)
FNDA:6,(anonymous_9)
FNDA:27,(anonymous_10)
FNDA:27,(anonymous_11)
FNDA:0,(anonymous_12)
FNDA:69,(anonymous_13)
FNDA:47,(anonymous_14)
FNDA:22,(anonymous_15)
FNDA:0,(anonymous_17)
FNDA:86,(anonymous_18)
DA:13,72
DA:14,69
DA:19,69
DA:20,69
DA:21,69
DA:22,790
DA:23,69
DA:29,69
DA:30,69
DA:31,69
DA:32,69
DA:33,69
DA:35,146
DA:36,40
DA:37,40
DA:40,2
DA:41,6
DA:42,2
DA:43,2
DA:46,27
DA:47,27
DA:48,27
DA:49,27
DA:53,69
DA:55,0
DA:56,0
DA:57,0
DA:58,0
DA:60,0
DA:68,47
DA:69,47
DA:74,22
DA:75,22
DA:77,0
DA:78,0
DA:79,0
DA:80,0
DA:82,0
DA:84,22
DA:85,86
DA:86,22
LF:41
LH:31
BRDA:22,0,0,69
BRDA:22,0,1,721
BRDA:34,1,0,40
BRDA:34,1,1,2
BRDA:34,1,2,27
BRDA:57,2,0,0
BRDA:57,2,1,0
BRDA:68,3,0,47
BRDA:68,3,1,0
BRDA:74,4,0,22
BRDA:74,4,1,0
BRDA:79,5,0,0
BRDA:79,5,1,0
BRDA:85,6,0,22
BRDA:85,6,1,64
BRF:15
BRH:9
end_of_record
TN:
SF:src\app\book\libro\libro.component.ts
FN:27,(anonymous_0)
FN:29,(anonymous_1)
FN:36,(anonymous_2)
FN:42,(anonymous_4)
FN:43,(anonymous_5)
FN:52,(anonymous_6)
FN:52,(anonymous_7)
FN:53,(anonymous_8)
FN:65,(anonymous_9)
FN:67,(anonymous_10)
FN:70,(anonymous_11)
FN:73,(anonymous_12)
FN:79,(anonymous_13)
FN:87,(anonymous_14)
FN:95,(anonymous_15)
FN:103,(anonymous_16)
FN:110,(anonymous_17)
FN:128,(anonymous_18)
FN:131,(anonymous_20)
FN:143,(anonymous_21)
FN:149,(anonymous_22)
FN:153,(anonymous_24)
FN:156,(anonymous_25)
FN:165,(anonymous_26)
FN:168,(anonymous_27)
FN:181,(anonymous_28)
FN:182,(anonymous_30)
FNF:27
FNH:20
FNDA:29,(anonymous_0)
FNDA:340,(anonymous_1)
FNDA:29,(anonymous_2)
FNDA:29,(anonymous_4)
FNDA:0,(anonymous_5)
FNDA:27,(anonymous_6)
FNDA:0,(anonymous_7)
FNDA:0,(anonymous_8)
FNDA:29,(anonymous_9)
FNDA:29,(anonymous_10)
FNDA:29,(anonymous_11)
FNDA:26,(anonymous_12)
FNDA:2,(anonymous_13)
FNDA:2,(anonymous_14)
FNDA:2,(anonymous_15)
FNDA:0,(anonymous_16)
FNDA:2,(anonymous_17)
FNDA:4,(anonymous_18)
FNDA:0,(anonymous_20)
FNDA:5,(anonymous_21)
FNDA:12,(anonymous_22)
FNDA:2,(anonymous_24)
FNDA:0,(anonymous_25)
FNDA:10,(anonymous_26)
FNDA:0,(anonymous_27)
FNDA:5,(anonymous_28)
FNDA:5,(anonymous_30)
DA:17,72
DA:19,29
DA:20,29
DA:21,29
DA:22,29
DA:23,29
DA:25,29
DA:27,29
DA:28,29
DA:29,29
DA:30,340
DA:31,29
DA:37,29
DA:38,29
DA:39,29
DA:40,29
DA:41,29
DA:42,29
DA:44,0
DA:45,0
DA:46,0
DA:47,0
DA:49,0
DA:51,29
DA:52,27
DA:54,0
DA:55,0
DA:56,0
DA:57,0
DA:59,0
DA:62,29
DA:66,29
DA:67,29
DA:74,26
DA:75,26
DA:80,2
DA:81,2
DA:82,2
DA:88,2
DA:89,2
DA:90,2
DA:91,2
DA:96,2
DA:97,2
DA:98,2
DA:99,2
DA:104,0
DA:105,0
DA:106,0
DA:111,2
DA:112,2
DA:113,2
DA:114,2
DA:115,2
DA:116,2
DA:117,2
DA:118,2
DA:119,2
DA:120,2
DA:121,2
DA:124,0
DA:129,4
DA:130,4
DA:132,0
DA:133,0
DA:134,0
DA:135,0
DA:137,0
DA:139,4
DA:144,5
DA:145,5
DA:150,12
DA:151,12
DA:152,12
DA:153,2
DA:154,2
DA:157,0
DA:158,0
DA:159,0
DA:160,0
DA:162,0
DA:165,10
DA:166,10
DA:169,0
DA:170,0
DA:171,0
DA:172,0
DA:174,0
DA:182,5
DA:183,5
DA:184,5
DA:185,5
DA:186,5
DA:189,5
LF:94
LH:65
BRDA:30,0,0,29
BRDA:30,0,1,311
BRDA:46,1,0,0
BRDA:46,1,1,0
BRDA:51,2,0,27
BRDA:51,2,1,2
BRDA:56,3,0,0
BRDA:56,3,1,0
BRDA:74,4,0,26
BRDA:74,4,1,0
BRDA:80,5,0,2
BRDA:80,5,1,0
BRDA:88,6,0,2
BRDA:88,6,1,0
BRDA:96,7,0,2
BRDA:96,7,1,0
BRDA:111,8,0,2
BRDA:111,8,1,0
BRDA:129,9,0,4
BRDA:129,9,1,0
BRDA:134,10,0,0
BRDA:134,10,1,0
BRDA:144,11,0,5
BRDA:144,11,1,0
BRDA:150,12,0,12
BRDA:150,12,1,0
BRDA:152,13,0,2
BRDA:152,13,1,10
BRDA:159,14,0,0
BRDA:159,14,1,0
BRDA:171,15,0,0
BRDA:171,15,1,0
BRF:32
BRH:14
end_of_record
TN:
SF:src\app\book\prize-form\prize-form.component.ts
FN:20,(anonymous_0)
FN:22,(anonymous_1)
FN:30,(anonymous_2)
FN:33,(anonymous_4)
FN:33,(anonymous_5)
FN:50,(anonymous_6)
FN:62,(anonymous_7)
FN:64,(anonymous_9)
FN:65,(anonymous_10)
FN:75,(anonymous_11)
FN:80,(anonymous_12)
FNF:11
FNH:9
FNDA:2,(anonymous_0)
FNDA:2,(anonymous_1)
FNDA:2,(anonymous_2)
FNDA:2,(anonymous_4)
FNDA:2,(anonymous_5)
FNDA:0,(anonymous_6)
FNDA:2,(anonymous_7)
FNDA:2,(anonymous_9)
FNDA:0,(anonymous_10)
FNDA:296,(anonymous_11)
FNDA:1036,(anonymous_12)
DA:15,72
DA:16,72
DA:17,72
DA:18,72
DA:20,2
DA:23,2
DA:24,2
DA:31,2
DA:32,2
DA:33,2
DA:34,2
DA:35,0
DA:36,0
DA:37,0
DA:38,0
DA:40,0
DA:41,0
DA:42,0
DA:44,2
DA:45,2
DA:46,2
DA:51,0
DA:52,0
DA:53,0
DA:54,0
DA:56,0
DA:59,0
DA:64,2
DA:66,0
DA:67,0
DA:68,0
DA:69,0
DA:71,0
DA:76,296
DA:77,296
DA:81,1036
DA:82,1036
LF:37
LH:19
BRDA:31,0,0,2
BRDA:31,0,1,0
BRDA:44,1,0,2
BRDA:44,1,1,0
BRDA:53,2,0,0
BRDA:53,2,1,0
BRDA:68,3,0,0
BRDA:68,3,1,0
BRDA:77,4,0,296
BRDA:77,4,1,212
BRDA:82,5,0,1036
BRDA:82,5,1,604
BRF:12
BRH:6
end_of_record
TN:
SF:src\app\book\prize-list\prize-list.component.ts
FN:16,(anonymous_0)
FN:18,(anonymous_1)
FN:19,(anonymous_3)
FN:19,(anonymous_4)
FN:20,(anonymous_5)
FN:30,(anonymous_6)
FN:37,(anonymous_7)
FN:42,(anonymous_8)
FN:44,(anonymous_10)
FN:45,(anonymous_11)
FN:51,(anonymous_12)
FNF:11
FNH:8
FNDA:65,(anonymous_0)
FNDA:65,(anonymous_1)
FNDA:65,(anonymous_3)
FNDA:0,(anonymous_4)
FNDA:0,(anonymous_5)
FNDA:2,(anonymous_6)
FNDA:2,(anonymous_7)
FNDA:2,(anonymous_8)
FNDA:2,(anonymous_10)
FNDA:2,(anonymous_11)
FNDA:0,(anonymous_12)
DA:12,72
DA:13,65
DA:14,72
DA:15,65
DA:16,65
DA:19,65
DA:21,0
DA:22,0
DA:23,0
DA:24,0
DA:26,0
DA:31,2
DA:32,2
DA:34,0
DA:38,2
DA:39,2
DA:43,2
DA:44,2
DA:45,2
DA:46,2
DA:47,2
DA:52,0
DA:53,0
DA:54,0
DA:55,0
DA:57,0
DA:60,0
LF:27
LH:15
BRDA:23,0,0,0
BRDA:23,0,1,0
BRDA:31,1,0,2
BRDA:31,1,1,0
BRDA:43,2,0,2
BRDA:43,2,1,0
BRDA:46,3,0,2
BRDA:46,3,1,0
BRDA:54,4,0,0
BRDA:54,4,1,0
BRF:10
BRH:3
end_of_record
TN:
SF:src\app\book\update-libro\update-libro.component.ts
FN:41,(anonymous_0)
FN:43,(anonymous_1)
FN:45,(anonymous_3)
FN:45,(anonymous_4)
FN:46,(anonymous_5)
FN:54,(anonymous_6)
FN:54,(anonymous_7)
FN:55,(anonymous_8)
FN:63,(anonymous_9)
FN:66,(anonymous_10)
FN:66,(anonymous_11)
FN:95,(anonymous_12)
FN:100,(anonymous_14)
FN:100,(anonymous_15)
FN:118,(anonymous_16)
FN:136,(anonymous_17)
FN:141,(anonymous_18)
FN:146,(anonymous_19)
FN:162,(anonymous_20)
FN:165,(anonymous_21)
FN:168,(anonymous_22)
FN:172,(anonymous_23)
FN:177,(anonymous_24)
FNF:23
FNH:14
FNDA:2,(anonymous_0)
FNDA:2,(anonymous_1)
FNDA:2,(anonymous_3)
FNDA:10,(anonymous_4)
FNDA:0,(anonymous_5)
FNDA:2,(anonymous_6)
FNDA:4,(anonymous_7)
FNDA:0,(anonymous_8)
FNDA:2,(anonymous_9)
FNDA:2,(anonymous_10)
FNDA:4,(anonymous_11)
FNDA:2,(anonymous_12)
FNDA:2,(anonymous_14)
FNDA:2,(anonymous_15)
FNDA:0,(anonymous_16)
FNDA:1288,(anonymous_17)
FNDA:2504,(anonymous_18)
FNDA:0,(anonymous_19)
FNDA:0,(anonymous_20)
FNDA:0,(anonymous_21)
FNDA:0,(anonymous_22)
FNDA:0,(anonymous_23)
FNDA:0,(anonymous_24)
DA:19,72
DA:20,72
DA:21,72
DA:23,2
DA:24,2
DA:25,2
DA:26,2
DA:27,2
DA:28,2
DA:41,2
DA:44,2
DA:45,10
DA:47,0
DA:48,0
DA:49,0
DA:50,0
DA:52,0
DA:54,4
DA:56,0
DA:57,0
DA:58,0
DA:59,0
DA:61,0
DA:63,2
DA:64,2
DA:65,2
DA:66,2
DA:67,4
DA:68,2
DA:71,2
DA:72,2
DA:73,2
DA:74,2
DA:75,2
DA:76,2
DA:77,2
DA:78,2
DA:79,2
DA:80,2
DA:81,2
DA:82,2
DA:83,2
DA:86,2
DA:87,0
DA:91,0
DA:96,2
DA:97,2
DA:98,2
DA:99,2
DA:100,2
DA:101,2
DA:102,0
DA:103,0
DA:104,0
DA:105,0
DA:107,0
DA:108,0
DA:109,0
DA:111,2
DA:112,2
DA:113,2
DA:114,2
DA:119,0
DA:120,0
DA:121,0
DA:122,0
DA:124,0
DA:126,2
DA:129,0
DA:130,0
DA:131,0
DA:137,1288
DA:138,1288
DA:142,2504
DA:143,2504
DA:147,0
DA:148,0
DA:149,0
DA:150,0
DA:151,0
DA:155,0
DA:156,0
DA:157,0
DA:158,0
DA:163,0
DA:166,0
DA:169,0
DA:170,0
DA:173,0
DA:174,0
DA:178,0
DA:179,0
LF:92
LH:48
BRDA:44,0,0,2
BRDA:44,0,1,0
BRDA:49,1,0,0
BRDA:49,1,1,0
BRDA:58,2,0,0
BRDA:58,2,1,0
BRDA:67,3,0,2
BRDA:67,3,1,2
BRDA:67,4,0,4
BRDA:67,4,1,2
BRDA:79,5,0,2
BRDA:79,5,1,0
BRDA:86,6,0,0
BRDA:86,6,1,2
BRDA:96,7,0,2
BRDA:96,7,1,0
BRDA:111,8,0,2
BRDA:111,8,1,0
BRDA:121,9,0,0
BRDA:121,9,1,0
BRDA:138,10,0,1288
BRDA:138,10,1,284
BRDA:143,11,0,2504
BRDA:143,11,1,532
BRDA:149,12,0,0
BRDA:149,12,1,0
BRF:26
BRH:13
end_of_record
TN:
SF:src\app\core\core.module.ts
FNF:0
FNH:0
DA:12,72
LF:1
LH:1
BRF:0
BRH:0
end_of_record
TN:
SF:src\app\core\asyncValidators\author-validator.service.ts
FN:12,(anonymous_0)
FN:14,(anonymous_1)
FN:21,(anonymous_2)
FN:22,(anonymous_3)
FN:24,(anonymous_4)
FN:32,(anonymous_5)
FNF:6
FNH:5
FNDA:10,(anonymous_0)
FNDA:100,(anonymous_1)
FNDA:100,(anonymous_2)
FNDA:10,(anonymous_3)
FNDA:10,(anonymous_4)
FNDA:0,(anonymous_5)
DA:8,72
DA:10,10
DA:12,10
DA:15,100
DA:16,100
DA:18,100
DA:19,0
DA:21,100
DA:22,100
DA:23,10
DA:24,10
DA:25,10
DA:26,0
DA:29,10
DA:32,0
LF:15
LH:12
BRDA:18,0,0,0
BRDA:18,0,1,100
BRDA:18,1,0,100
BRDA:18,1,1,100
BRDA:25,2,0,0
BRDA:25,2,1,10
BRF:6
BRH:4
end_of_record
TN:
SF:src\app\core\asyncValidators\book-validator.service.ts
FN:12,(anonymous_0)
FN:14,(anonymous_1)
FN:23,(anonymous_2)
FN:24,(anonymous_3)
FN:26,(anonymous_4)
FN:34,(anonymous_5)
FNF:6
FNH:5
FNDA:27,(anonymous_0)
FNDA:304,(anonymous_1)
FNDA:279,(anonymous_2)
FNDA:27,(anonymous_3)
FNDA:27,(anonymous_4)
FNDA:0,(anonymous_5)
DA:8,72
DA:10,27
DA:12,27
DA:15,304
DA:16,304
DA:19,304
DA:20,25
DA:23,279
DA:24,279
DA:25,27
DA:26,27
DA:27,27
DA:28,0
DA:31,27
DA:34,0
LF:15
LH:13
BRDA:19,0,0,25
BRDA:19,0,1,279
BRDA:19,1,0,304
BRDA:19,1,1,304
BRDA:27,2,0,0
BRDA:27,2,1,27
BRF:6
BRH:5
end_of_record
TN:
SF:src\app\core\asyncValidators\genre-validator.service.ts
FN:12,(anonymous_0)
FN:14,(anonymous_1)
FN:23,(anonymous_2)
FN:24,(anonymous_3)
FN:26,(anonymous_4)
FN:34,(anonymous_5)
FNF:6
FNH:5
FNDA:2,(anonymous_0)
FNDA:24,(anonymous_1)
FNDA:22,(anonymous_2)
FNDA:2,(anonymous_3)
FNDA:2,(anonymous_4)
FNDA:0,(anonymous_5)
DA:8,72
DA:10,2
DA:12,2
DA:15,24
DA:16,24
DA:19,24
DA:20,2
DA:23,22
DA:24,22
DA:25,2
DA:26,2
DA:27,2
DA:28,0
DA:31,2
DA:34,0
LF:15
LH:13
BRDA:19,0,0,2
BRDA:19,0,1,22
BRDA:19,1,0,24
BRDA:19,1,1,24
BRDA:27,2,0,0
BRDA:27,2,1,2
BRF:6
BRH:5
end_of_record
TN:
SF:src\app\core\asyncValidators\prize-validator.service.ts
FN:12,(anonymous_0)
FN:14,(anonymous_1)
FN:15,(anonymous_2)
FN:23,(anonymous_3)
FN:24,(anonymous_4)
FN:26,(anonymous_5)
FN:34,(anonymous_6)
FNF:7
FNH:6
FNDA:2,(anonymous_0)
FNDA:2,(anonymous_1)
FNDA:30,(anonymous_2)
FNDA:28,(anonymous_3)
FNDA:2,(anonymous_4)
FNDA:2,(anonymous_5)
FNDA:0,(anonymous_6)
DA:8,72
DA:10,2
DA:12,2
DA:15,2
DA:16,30
DA:17,30
DA:19,30
DA:20,2
DA:23,28
DA:24,28
DA:25,2
DA:26,2
DA:27,2
DA:28,0
DA:31,2
DA:34,0
LF:16
LH:14
BRDA:19,0,0,2
BRDA:19,0,1,28
BRDA:19,1,0,30
BRDA:19,1,1,30
BRDA:27,2,0,0
BRDA:27,2,1,2
BRF:6
BRH:5
end_of_record
TN:
SF:src\app\core\asyncValidators\user-validator.service.ts
FN:13,(anonymous_0)
FN:15,(anonymous_1)
FN:24,(anonymous_2)
FN:25,(anonymous_3)
FN:27,(anonymous_4)
FN:35,(anonymous_5)
FN:40,(anonymous_6)
FN:49,(anonymous_7)
FN:50,(anonymous_8)
FN:52,(anonymous_9)
FN:60,(anonymous_10)
FNF:11
FNH:9
FNDA:11,(anonymous_0)
FNDA:40,(anonymous_1)
FNDA:40,(anonymous_2)
FNDA:10,(anonymous_3)
FNDA:10,(anonymous_4)
FNDA:0,(anonymous_5)
FNDA:80,(anonymous_6)
FNDA:80,(anonymous_7)
FNDA:10,(anonymous_8)
FNDA:10,(anonymous_9)
FNDA:0,(anonymous_10)
DA:8,72
DA:11,11
DA:13,11
DA:16,40
DA:17,40
DA:20,40
DA:21,0
DA:24,40
DA:25,40
DA:26,10
DA:27,10
DA:28,10
DA:29,1
DA:32,9
DA:35,0
DA:41,80
DA:42,80
DA:45,80
DA:46,0
DA:49,80
DA:50,80
DA:51,10
DA:52,10
DA:53,10
DA:54,1
DA:57,9
DA:60,0
LF:27
LH:23
BRDA:20,0,0,0
BRDA:20,0,1,40
BRDA:20,1,0,40
BRDA:20,1,1,40
BRDA:28,2,0,1
BRDA:28,2,1,9
BRDA:45,3,0,0
BRDA:45,3,1,80
BRDA:45,4,0,80
BRDA:45,4,1,80
BRDA:53,5,0,1
BRDA:53,5,1,9
BRF:12
BRH:10
end_of_record
TN:
SF:src\app\core\model\author-form.ts
FN:7,(anonymous_0)
FNF:1
FNH:1
FNDA:12,(anonymous_0)
DA:8,12
DA:9,12
DA:10,12
DA:11,12
LF:4
LH:4
BRF:0
BRH:0
end_of_record
TN:
SF:src\app\core\model\author.ts
FN:17,(anonymous_0)
FNF:1
FNH:1
FNDA:8,(anonymous_0)
LF:0
LH:0
BRF:0
BRH:0
end_of_record
TN:
SF:src\app\core\model\genre-form.ts
FN:4,(anonymous_0)
FNF:1
FNH:1
FNDA:2,(anonymous_0)
DA:5,2
LF:1
LH:1
BRF:0
BRH:0
end_of_record
TN:
SF:src\app\core\model\libro-form.ts
FN:14,(anonymous_0)
FNF:1
FNH:1
FNDA:27,(anonymous_0)
DA:15,27
DA:16,27
DA:17,27
DA:18,27
DA:19,27
DA:20,27
DA:21,27
DA:22,27
DA:23,27
LF:9
LH:9
BRF:0
BRH:0
end_of_record
TN:
SF:src\app\core\model\libro.ts
FN:38,(anonymous_0)
FNF:1
FNH:1
FNDA:29,(anonymous_0)
LF:0
LH:0
BRF:0
BRH:0
end_of_record
TN:
SF:src\app\core\model\logged-info.ts
FN:5,(anonymous_0)
FN:10,(anonymous_1)
FN:14,(anonymous_2)
FN:18,(anonymous_3)
FN:22,(anonymous_4)
FNF:5
FNH:3
FNDA:72,(anonymous_0)
FNDA:0,(anonymous_1)
FNDA:72,(anonymous_2)
FNDA:0,(anonymous_3)
FNDA:72,(anonymous_4)
DA:6,72
DA:7,72
DA:11,0
DA:15,72
DA:19,0
DA:23,72
LF:6
LH:4
BRF:0
BRH:0
end_of_record
TN:
SF:src\app\core\model\prize-form.ts
FN:5,(anonymous_0)
FNF:1
FNH:1
FNDA:2,(anonymous_0)
DA:6,2
DA:7,2
LF:2
LH:2
BRF:0
BRH:0
end_of_record
TN:
SF:src\app\core\model\recensione-form.ts
FN:9,(anonymous_0)
FNF:1
FNH:1
FNDA:5,(anonymous_0)
DA:10,5
DA:11,5
DA:12,5
DA:13,5
DA:14,5
DA:15,5
LF:6
LH:6
BRF:0
BRH:0
end_of_record
TN:
SF:src\app\core\model\utente-form.ts
FN:9,(anonymous_0)
FNF:1
FNH:1
FNDA:10,(anonymous_0)
DA:10,10
DA:11,10
DA:12,10
DA:13,10
DA:14,10
DA:15,10
LF:6
LH:6
BRF:0
BRH:0
end_of_record
TN:
SF:src\app\core\model\utente-update-form.ts
FN:8,(anonymous_0)
FNF:1
FNH:1
FNDA:2,(anonymous_0)
DA:9,2
DA:10,2
DA:11,2
DA:12,2
DA:13,2
LF:5
LH:5
BRF:0
BRH:0
end_of_record
TN:
SF:src\app\core\model\utente.ts
FN:21,(anonymous_0)
FNF:1
FNH:1
FNDA:28,(anonymous_0)
LF:0
LH:0
BRF:0
BRH:0
end_of_record
TN:
SF:src\app\core\services\authentication.service.ts
FN:13,(anonymous_0)
FN:15,(anonymous_1)
FN:18,(anonymous_3)
FN:26,(anonymous_4)
FN:33,(anonymous_5)
FN:42,(anonymous_6)
FN:46,(anonymous_8)
FN:54,(anonymous_9)
FN:61,(anonymous_10)
FN:68,(anonymous_11)
FN:75,(anonymous_12)
FN:82,(anonymous_13)
FNF:12
FNH:11
FNDA:72,(anonymous_0)
FNDA:61,(anonymous_1)
FNDA:59,(anonymous_3)
FNDA:2,(anonymous_4)
FNDA:59,(anonymous_5)
FNDA:3,(anonymous_6)
FNDA:3,(anonymous_8)
FNDA:0,(anonymous_9)
FNDA:5320,(anonymous_10)
FNDA:8,(anonymous_11)
FNDA:41530,(anonymous_12)
FNDA:11,(anonymous_13)
DA:8,72
DA:9,72
DA:10,72
DA:12,72
DA:13,72
DA:16,61
DA:17,61
DA:18,61
DA:19,59
DA:20,59
DA:21,59
DA:24,0
DA:27,2
DA:28,2
DA:29,2
DA:32,61
DA:33,59
DA:34,59
DA:35,59
DA:36,59
DA:39,61
DA:43,3
DA:44,3
DA:45,3
DA:46,3
DA:47,3
DA:48,3
DA:51,0
DA:55,0
DA:56,0
DA:58,3
DA:62,5320
DA:63,5240
DA:65,80
DA:69,8
DA:70,8
DA:72,0
DA:76,41530
DA:77,25892
DA:79,15638
DA:83,11
DA:84,11
DA:85,11
LF:43
LH:38
BRDA:20,0,0,59
BRDA:20,0,1,0
BRDA:28,1,0,2
BRDA:28,1,1,0
BRDA:32,2,0,59
BRDA:32,2,1,2
BRDA:47,3,0,3
BRDA:47,3,1,0
BRDA:62,4,0,5240
BRDA:62,4,1,80
BRDA:62,5,0,5320
BRDA:62,5,1,5320
BRDA:62,5,2,280
BRDA:69,6,0,8
BRDA:69,6,1,0
BRDA:69,7,0,8
BRDA:69,7,1,8
BRDA:76,8,0,25892
BRDA:76,8,1,15638
BRDA:76,9,0,41530
BRDA:76,9,1,27954
BRF:21
BRH:17
end_of_record
TN:
SF:src\app\core\services\author.service.ts
FN:14,(anonymous_0)
FN:16,(anonymous_1)
FN:20,(anonymous_2)
FN:24,(anonymous_3)
FN:27,(anonymous_4)
FN:31,(anonymous_5)
FN:35,(anonymous_6)
FN:41,(anonymous_7)
FN:45,(anonymous_8)
FNF:9
FNH:9
FNDA:40,(anonymous_0)
FNDA:28,(anonymous_1)
FNDA:10,(anonymous_2)
FNDA:2,(anonymous_3)
FNDA:14,(anonymous_4)
FNDA:8,(anonymous_5)
FNDA:2,(anonymous_6)
FNDA:27,(anonymous_7)
FNDA:2,(anonymous_8)
DA:12,72
DA:13,40
DA:14,40
DA:17,28
DA:21,10
DA:25,2
DA:28,14
DA:32,8
DA:36,2
DA:37,2
DA:38,2
DA:42,27
DA:46,2
LF:13
LH:13
BRF:0
BRH:0
end_of_record
TN:
SF:src\app\core\services\book-ranking.service.ts
FN:11,(anonymous_0)
FN:13,(anonymous_1)
FN:16,(anonymous_2)
FN:19,(anonymous_3)
FNF:4
FNH:4
FNDA:18,(anonymous_0)
FNDA:6,(anonymous_1)
FNDA:2,(anonymous_2)
FNDA:36,(anonymous_3)
DA:9,72
DA:10,18
DA:11,18
DA:14,6
DA:17,2
DA:20,36
LF:6
LH:6
BRF:0
BRH:0
end_of_record
TN:
SF:src\app\core\services\genre.service.ts
FN:11,(anonymous_0)
FN:13,(anonymous_1)
FN:16,(anonymous_2)
FNF:3
FNH:3
FNDA:72,(anonymous_0)
FNDA:99,(anonymous_1)
FNDA:2,(anonymous_2)
DA:9,72
DA:10,72
DA:11,72
DA:14,99
DA:17,2
LF:5
LH:5
BRF:0
BRH:0
end_of_record
TN:
SF:src\app\core\services\libro.service.ts
FN:17,(anonymous_0)
FN:19,(anonymous_1)
FN:23,(anonymous_2)
FN:27,(anonymous_3)
FN:31,(anonymous_4)
FN:35,(anonymous_5)
FN:39,(anonymous_6)
FN:43,(anonymous_7)
FN:47,(anonymous_8)
FN:53,(anonymous_9)
FN:57,(anonymous_10)
FN:61,(anonymous_11)
FN:65,(anonymous_12)
FN:69,(anonymous_13)
FN:73,(anonymous_14)
FN:77,(anonymous_15)
FNF:16
FNH:16
FNDA:51,(anonymous_0)
FNDA:40,(anonymous_1)
FNDA:2,(anonymous_2)
FNDA:27,(anonymous_3)
FNDA:25,(anonymous_4)
FNDA:29,(anonymous_5)
FNDA:2,(anonymous_6)
FNDA:26,(anonymous_7)
FNDA:2,(anonymous_8)
FNDA:5,(anonymous_9)
FNDA:27,(anonymous_10)
FNDA:65,(anonymous_11)
FNDA:2,(anonymous_12)
FNDA:2,(anonymous_13)
FNDA:2,(anonymous_14)
FNDA:8,(anonymous_15)
DA:15,72
DA:16,51
DA:17,51
DA:20,40
DA:24,2
DA:28,27
DA:32,25
DA:36,29
DA:40,2
DA:44,26
DA:48,2
DA:49,2
DA:50,2
DA:54,5
DA:58,27
DA:62,65
DA:66,2
DA:70,2
DA:74,2
DA:78,8
LF:20
LH:20
BRF:0
BRH:0
end_of_record
TN:
SF:src\app\core\services\my-books.service.ts
FN:12,(anonymous_0)
FN:14,(anonymous_1)
FN:17,(anonymous_2)
FN:20,(anonymous_3)
FN:23,(anonymous_4)
FN:27,(anonymous_5)
FNF:6
FNH:6
FNDA:33,(anonymous_0)
FNDA:2,(anonymous_1)
FNDA:10,(anonymous_2)
FNDA:4,(anonymous_3)
FNDA:34,(anonymous_4)
FNDA:6,(anonymous_5)
DA:10,72
DA:11,33
DA:12,33
DA:15,2
DA:18,10
DA:21,4
DA:24,34
DA:28,6
LF:8
LH:8
BRF:0
BRH:0
end_of_record
TN:
SF:src\app\core\services\recensione.service.ts
FN:12,(anonymous_0)
FN:16,(anonymous_1)
FN:20,(anonymous_2)
FN:24,(anonymous_3)
FN:28,(anonymous_4)
FN:32,(anonymous_5)
FN:36,(anonymous_6)
FNF:7
FNH:7
FNDA:33,(anonymous_0)
FNDA:5,(anonymous_1)
FNDA:2,(anonymous_2)
FNDA:31,(anonymous_3)
FNDA:38,(anonymous_4)
FNDA:2,(anonymous_5)
FNDA:2,(anonymous_6)
DA:10,72
DA:12,33
DA:14,33
DA:17,5
DA:21,2
DA:25,31
DA:29,38
DA:33,2
DA:37,2
LF:9
LH:9
BRF:0
BRH:0
end_of_record
TN:
SF:src\app\core\services\utente.service.ts
FN:19,(anonymous_0)
FN:22,(anonymous_1)
FN:26,(anonymous_2)
FN:30,(anonymous_3)
FN:34,(anonymous_4)
FN:38,(anonymous_5)
FN:42,(anonymous_6)
FNF:7
FNH:7
FNDA:27,(anonymous_0)
FNDA:2,(anonymous_1)
FNDA:10,(anonymous_2)
FNDA:31,(anonymous_3)
FNDA:2,(anonymous_4)
FNDA:10,(anonymous_5)
FNDA:1,(anonymous_6)
DA:15,72
DA:17,27
DA:19,27
DA:23,2
DA:27,10
DA:31,31
DA:35,2
DA:39,10
DA:43,1
DA:44,1
DA:45,1
LF:11
LH:11
BRF:0
BRH:0
end_of_record
TN:
SF:src\app\core\xsrfInterceptor\xsrf-interceptor.service.ts
FN:12,(anonymous_0)
FN:14,(anonymous_1)
FNF:2
FNH:2
FNDA:72,(anonymous_0)
FNDA:878,(anonymous_1)
DA:10,72
DA:11,72
DA:12,72
DA:15,878
DA:16,878
DA:17,878
LF:6
LH:6
BRF:0
BRH:0
end_of_record
TN:
SF:src\app\home\home.component.ts
FN:11,(anonymous_0)
FN:13,(anonymous_1)
FNF:2
FNH:2
FNDA:146,(anonymous_0)
FNDA:146,(anonymous_1)
DA:9,72
DA:11,146
LF:2
LH:2
BRF:0
BRH:0
end_of_record
TN:
SF:src\app\login\login.component.ts
FN:25,(anonymous_0)
FN:27,(anonymous_1)
FN:37,(anonymous_2)
FN:57,(anonymous_4)
FN:61,(anonymous_5)
FN:66,(anonymous_6)
FNF:6
FNH:5
FNDA:75,(anonymous_0)
FNDA:75,(anonymous_1)
FNDA:61,(anonymous_2)
FNDA:0,(anonymous_4)
FNDA:7060,(anonymous_5)
FNDA:21180,(anonymous_6)
DA:14,72
DA:16,75
DA:17,75
DA:19,75
DA:20,75
DA:25,75
DA:28,75
DA:29,75
DA:30,2
DA:31,2
DA:33,0
DA:38,61
DA:39,61
DA:40,61
DA:41,61
DA:42,2
DA:43,2
DA:45,61
DA:46,61
DA:47,61
DA:48,59
DA:49,59
DA:53,0
DA:58,0
DA:62,7060
DA:63,7060
DA:67,21180
DA:68,21180
LF:28
LH:25
BRDA:28,0,0,75
BRDA:28,0,1,9
BRDA:29,1,0,2
BRDA:29,1,1,73
BRDA:30,2,0,2
BRDA:30,2,1,0
BRDA:38,3,0,61
BRDA:38,3,1,0
BRDA:41,4,0,2
BRDA:41,4,1,59
BRDA:47,5,0,59
BRDA:47,5,1,2
BRDA:63,6,0,7060
BRDA:63,6,1,2976
BRDA:68,7,0,21180
BRDA:68,7,1,17548
BRF:16
BRH:14
end_of_record
TN:
SF:src\app\photo-upload\photo-upload.component.ts
FN:32,(anonymous_0)
FN:34,(anonymous_1)
FN:46,(anonymous_2)
FN:62,(anonymous_3)
FN:66,(anonymous_4)
FN:69,(anonymous_6)
FN:73,(anonymous_7)
FN:83,(anonymous_8)
FN:87,(anonymous_9)
FN:97,(anonymous_10)
FN:101,(anonymous_11)
FN:118,(anonymous_12)
FN:123,(anonymous_13)
FN:128,(anonymous_14)
FNF:14
FNH:8
FNDA:5,(anonymous_0)
FNDA:5,(anonymous_1)
FNDA:5,(anonymous_2)
FNDA:5,(anonymous_3)
FNDA:5,(anonymous_4)
FNDA:1,(anonymous_6)
FNDA:0,(anonymous_7)
FNDA:2,(anonymous_8)
FNDA:0,(anonymous_9)
FNDA:2,(anonymous_10)
FNDA:0,(anonymous_11)
FNDA:0,(anonymous_12)
FNDA:0,(anonymous_13)
FNDA:0,(anonymous_14)
DA:16,72
DA:18,72
DA:19,72
DA:20,5
DA:21,72
DA:24,5
DA:26,5
DA:27,72
DA:28,5
DA:32,5
DA:35,5
DA:36,0
DA:38,5
DA:39,0
DA:41,5
DA:42,0
DA:48,5
DA:49,0
DA:51,5
DA:52,5
DA:53,0
DA:54,0
DA:55,0
DA:57,5
DA:58,5
DA:59,5
DA:60,5
DA:61,5
DA:62,5
DA:63,5
DA:67,5
DA:68,5
DA:69,1
DA:70,1
DA:71,1
DA:74,0
DA:75,0
DA:76,0
DA:77,0
DA:79,0
DA:82,4
DA:83,2
DA:84,2
DA:85,2
DA:88,0
DA:89,0
DA:90,0
DA:91,0
DA:93,0
DA:96,2
DA:97,2
DA:98,2
DA:99,2
DA:102,0
DA:103,0
DA:104,0
DA:105,0
DA:107,0
DA:110,0
DA:111,5
DA:112,5
DA:113,5
DA:114,5
DA:115,5
DA:119,0
DA:120,0
DA:124,0
DA:125,0
DA:129,0
DA:130,0
LF:70
LH:41
BRDA:35,0,0,0
BRDA:35,0,1,5
BRDA:35,1,0,5
BRDA:35,1,1,1
BRDA:38,2,0,0
BRDA:38,2,1,5
BRDA:38,3,0,5
BRDA:38,3,1,2
BRDA:41,4,0,0
BRDA:41,4,1,5
BRDA:41,5,0,5
BRDA:41,5,1,2
BRDA:48,6,0,0
BRDA:48,6,1,5
BRDA:52,7,0,0
BRDA:52,7,1,5
BRDA:68,8,0,1
BRDA:68,8,1,4
BRDA:68,9,0,5
BRDA:68,9,1,1
BRDA:76,10,0,0
BRDA:76,10,1,0
BRDA:82,11,0,2
BRDA:82,11,1,2
BRDA:82,12,0,4
BRDA:82,12,1,2
BRDA:90,13,0,0
BRDA:90,13,1,0
BRDA:96,14,0,2
BRDA:96,14,1,0
BRDA:96,15,0,2
BRDA:96,15,1,2
BRDA:104,16,0,0
BRDA:104,16,1,0
BRDA:125,17,0,0
BRDA:125,17,1,0
BRDA:130,18,0,0
BRDA:130,18,1,0
BRF:38
BRH:22
end_of_record
TN:
SF:src\app\photo-upload\photo-upload.module.ts
FNF:0
FNH:0
DA:18,72
LF:1
LH:1
BRF:0
BRH:0
end_of_record
TN:
SF:src\app\review\review.module.ts
FNF:0
FNH:0
DA:29,72
LF:1
LH:1
BRF:0
BRH:0
end_of_record
TN:
SF:src\app\review\review-form\review-form.component.ts
FN:31,(anonymous_0)
FN:33,(anonymous_1)
FN:40,(anonymous_2)
FN:45,(anonymous_4)
FN:45,(anonymous_5)
FN:61,(anonymous_6)
FN:73,(anonymous_7)
FN:78,(anonymous_8)
FNF:8
FNH:7
FNDA:5,(anonymous_0)
FNDA:5,(anonymous_1)
FNDA:5,(anonymous_2)
FNDA:5,(anonymous_4)
FNDA:5,(anonymous_5)
FNDA:0,(anonymous_6)
FNDA:1060,(anonymous_7)
FNDA:1590,(anonymous_8)
DA:17,72
DA:19,72
DA:20,72
DA:21,5
DA:22,5
DA:31,5
DA:34,5
DA:35,0
DA:37,5
DA:41,5
DA:42,5
DA:43,5
DA:44,5
DA:45,5
DA:46,5
DA:47,0
DA:48,0
DA:49,0
DA:50,0
DA:52,0
DA:53,0
DA:54,0
DA:56,5
DA:57,5
DA:58,5
DA:62,0
DA:63,0
DA:64,0
DA:65,0
DA:67,0
DA:69,5
DA:71,0
DA:74,1060
DA:75,1060
DA:79,1590
DA:80,1590
LF:36
LH:22
BRDA:34,0,0,0
BRDA:34,0,1,5
BRDA:41,1,0,5
BRDA:41,1,1,0
BRDA:56,2,0,5
BRDA:56,2,1,0
BRDA:64,3,0,0
BRDA:64,3,1,0
BRDA:75,4,0,1060
BRDA:75,4,1,190
BRDA:80,5,0,1590
BRDA:80,5,1,1170
BRF:12
BRH:7
end_of_record
TN:
SF:src\app\review\review-list\review-list.component.ts
FN:20,(anonymous_0)
FN:22,(anonymous_1)
FN:25,(anonymous_3)
FN:25,(anonymous_4)
FN:26,(anonymous_5)
FN:36,(anonymous_6)
FN:36,(anonymous_7)
FN:37,(anonymous_8)
FN:48,(anonymous_9)
FN:51,(anonymous_11)
FN:59,(anonymous_12)
FN:67,(anonymous_13)
FN:70,(anonymous_15)
FN:71,(anonymous_16)
FN:81,(anonymous_17)
FN:82,(anonymous_18)
FN:94,(anonymous_19)
FN:97,(anonymous_21)
FN:98,(anonymous_22)
FN:102,(anonymous_23)
FN:115,(anonymous_24)
FNF:21
FNH:14
FNDA:64,(anonymous_0)
FNDA:64,(anonymous_1)
FNDA:31,(anonymous_3)
FNDA:3,(anonymous_4)
FNDA:0,(anonymous_5)
FNDA:33,(anonymous_6)
FNDA:0,(anonymous_7)
FNDA:0,(anonymous_8)
FNDA:2,(anonymous_9)
FNDA:0,(anonymous_11)
FNDA:2,(anonymous_12)
FNDA:4,(anonymous_13)
FNDA:2,(anonymous_15)
FNDA:0,(anonymous_16)
FNDA:2,(anonymous_17)
FNDA:0,(anonymous_18)
FNDA:5,(anonymous_19)
FNDA:5,(anonymous_21)
FNDA:5,(anonymous_22)
FNDA:0,(anonymous_23)
FNDA:5,(anonymous_24)
DA:13,72
DA:14,72
DA:15,72
DA:16,72
DA:17,72
DA:19,64
DA:20,64
DA:23,64
DA:24,64
DA:25,31
DA:27,0
DA:28,0
DA:29,0
DA:30,0
DA:32,0
DA:35,33
DA:36,33
DA:38,0
DA:39,0
DA:40,0
DA:41,0
DA:43,0
DA:49,2
DA:50,2
DA:52,0
DA:53,0
DA:54,0
DA:55,0
DA:57,0
DA:59,2
DA:60,2
DA:61,2
DA:68,4
DA:69,4
DA:70,2
DA:72,0
DA:73,0
DA:74,0
DA:75,0
DA:77,0
DA:81,2
DA:83,0
DA:84,0
DA:85,0
DA:86,0
DA:88,0
DA:95,5
DA:96,5
DA:97,5
DA:98,5
DA:99,5
DA:103,0
DA:104,0
DA:105,0
DA:106,0
DA:108,0
DA:110,5
DA:112,5
DA:116,5
DA:117,5
DA:118,5
LF:61
LH:31
BRDA:24,0,0,31
BRDA:24,0,1,33
BRDA:29,1,0,0
BRDA:29,1,1,0
BRDA:35,2,0,33
BRDA:35,2,1,0
BRDA:40,3,0,0
BRDA:40,3,1,0
BRDA:49,4,0,2
BRDA:49,4,1,0
BRDA:54,5,0,0
BRDA:54,5,1,0
BRDA:60,6,0,2
BRDA:60,6,1,0
BRDA:68,7,0,4
BRDA:68,7,1,0
BRDA:69,8,0,2
BRDA:69,8,1,2
BRDA:74,9,0,0
BRDA:74,9,1,0
BRDA:85,10,0,0
BRDA:85,10,1,0
BRDA:95,11,0,5
BRDA:95,11,1,0
BRDA:105,12,0,0
BRDA:105,12,1,0
BRDA:116,13,0,5
BRDA:116,13,1,0
BRF:28
BRH:10
end_of_record
TN:
SF:src\app\user\user.module.ts
FNF:0
FNH:0
DA:46,72
LF:1
LH:1
BRF:0
BRH:0
end_of_record
TN:
SF:src\app\user\book-ranking\book-ranking.component.ts
FN:18,(anonymous_0)
FN:20,(anonymous_1)
FN:21,(anonymous_3)
FN:21,(anonymous_4)
FN:22,(anonymous_5)
FN:33,(anonymous_6)
FN:40,(anonymous_7)
FN:42,(anonymous_9)
FN:42,(anonymous_10)
FN:43,(anonymous_11)
FN:54,(anonymous_12)
FN:56,(anonymous_14)
FN:58,(anonymous_15)
FN:62,(anonymous_16)
FN:74,(anonymous_17)
FN:77,(anonymous_18)
FNF:16
FNH:13
FNDA:34,(anonymous_0)
FNDA:34,(anonymous_1)
FNDA:34,(anonymous_3)
FNDA:20,(anonymous_4)
FNDA:0,(anonymous_5)
FNDA:38,(anonymous_6)
FNDA:2,(anonymous_7)
FNDA:2,(anonymous_9)
FNDA:2,(anonymous_10)
FNDA:0,(anonymous_11)
FNDA:2,(anonymous_12)
FNDA:2,(anonymous_14)
FNDA:2,(anonymous_15)
FNDA:0,(anonymous_16)
FNDA:6,(anonymous_17)
FNDA:6,(anonymous_18)
DA:12,72
DA:13,72
DA:14,72
DA:15,72
DA:16,34
DA:17,34
DA:18,34
DA:21,34
DA:23,0
DA:24,0
DA:25,0
DA:26,0
DA:28,0
DA:34,38
DA:35,38
DA:36,38
DA:37,2
DA:41,2
DA:42,2
DA:44,0
DA:45,0
DA:46,0
DA:47,0
DA:49,0
DA:51,2
DA:55,2
DA:56,2
DA:57,2
DA:58,2
DA:59,2
DA:63,0
DA:64,0
DA:65,0
DA:66,0
DA:68,0
DA:71,0
DA:75,6
DA:78,6
DA:79,6
DA:80,6
DA:82,0
LF:41
LH:24
BRDA:25,0,0,0
BRDA:25,0,1,0
BRDA:36,1,0,2
BRDA:36,1,1,36
BRDA:46,2,0,0
BRDA:46,2,1,0
BRDA:55,3,0,2
BRDA:55,3,1,0
BRDA:65,4,0,0
BRDA:65,4,1,0
BRDA:78,5,0,6
BRDA:78,5,1,0
BRF:12
BRH:4
end_of_record
TN:
SF:src\app\user\book-ranking-form\book-ranking-form.component.ts
FN:26,(anonymous_0)
FN:28,(anonymous_1)
FN:29,(anonymous_3)
FN:29,(anonymous_4)
FN:30,(anonymous_5)
FN:40,(anonymous_6)
FN:41,(anonymous_8)
FN:41,(anonymous_9)
FN:45,(anonymous_10)
FN:55,(anonymous_11)
FN:60,(anonymous_12)
FNF:11
FNH:9
FNDA:6,(anonymous_0)
FNDA:6,(anonymous_1)
FNDA:6,(anonymous_3)
FNDA:6,(anonymous_4)
FNDA:0,(anonymous_5)
FNDA:6,(anonymous_6)
FNDA:6,(anonymous_8)
FNDA:12,(anonymous_9)
FNDA:0,(anonymous_10)
FNDA:336,(anonymous_11)
FNDA:672,(anonymous_12)
DA:15,72
DA:16,72
DA:17,72
DA:18,72
DA:19,6
DA:20,6
DA:21,6
DA:22,6
DA:26,6
DA:29,6
DA:31,0
DA:32,0
DA:33,0
DA:34,0
DA:36,0
DA:41,12
DA:42,6
DA:43,6
DA:46,0
DA:47,0
DA:48,0
DA:49,0
DA:51,0
DA:56,336
DA:57,336
DA:61,672
DA:62,672
LF:27
LH:17
BRDA:33,0,0,0
BRDA:33,0,1,0
BRDA:48,1,0,0
BRDA:48,1,1,0
BRDA:57,2,0,336
BRDA:57,2,1,168
BRDA:62,3,0,672
BRDA:62,3,1,360
BRF:8
BRH:4
end_of_record
TN:
SF:src\app\user\my-books-list\my-books-list.component.ts
FN:20,(anonymous_0)
FN:22,(anonymous_1)
FN:23,(anonymous_3)
FN:23,(anonymous_4)
FN:34,(anonymous_5)
FN:44,(anonymous_6)
FN:46,(anonymous_8)
FN:52,(anonymous_9)
FN:61,(anonymous_10)
FN:68,(anonymous_11)
FN:75,(anonymous_12)
FN:85,(anonymous_13)
FN:88,(anonymous_15)
FN:93,(anonymous_16)
FN:102,(anonymous_17)
FN:110,(anonymous_18)
FN:118,(anonymous_19)
FN:129,(anonymous_20)
FNF:18
FNH:11
FNDA:34,(anonymous_0)
FNDA:34,(anonymous_1)
FNDA:34,(anonymous_3)
FNDA:32,(anonymous_4)
FNDA:0,(anonymous_5)
FNDA:2,(anonymous_6)
FNDA:2,(anonymous_8)
FNDA:0,(anonymous_9)
FNDA:4,(anonymous_10)
FNDA:0,(anonymous_11)
FNDA:0,(anonymous_12)
FNDA:2,(anonymous_13)
FNDA:2,(anonymous_15)
FNDA:0,(anonymous_16)
FNDA:4,(anonymous_17)
FNDA:0,(anonymous_18)
FNDA:0,(anonymous_19)
FNDA:2,(anonymous_20)
DA:12,72
DA:13,34
DA:14,34
DA:15,34
DA:16,34
DA:17,72
DA:18,72
DA:20,34
DA:23,34
DA:24,32
DA:25,30
DA:27,2
DA:28,0
DA:30,2
DA:31,2
DA:35,0
DA:36,0
DA:37,0
DA:38,0
DA:40,0
DA:45,2
DA:46,2
DA:47,2
DA:48,0
DA:53,0
DA:54,0
DA:55,0
DA:56,0
DA:58,0
DA:60,2
DA:61,2
DA:62,4
DA:63,2
DA:67,0
DA:68,0
DA:69,0
DA:70,0
DA:74,0
DA:75,0
DA:76,0
DA:77,0
DA:82,0
DA:86,2
DA:87,2
DA:88,2
DA:89,2
DA:90,2
DA:94,0
DA:95,0
DA:96,0
DA:97,0
DA:99,0
DA:101,2
DA:102,2
DA:103,4
DA:104,2
DA:105,2
DA:109,0
DA:110,0
DA:111,0
DA:112,0
DA:113,0
DA:117,0
DA:118,0
DA:119,0
DA:120,0
DA:121,0
DA:126,0
DA:130,2
DA:131,2
DA:132,0
DA:134,2
DA:135,0
DA:137,2
DA:138,2
LF:75
LH:36
BRDA:24,0,0,30
BRDA:24,0,1,2
BRDA:27,1,0,0
BRDA:27,1,1,2
BRDA:30,2,0,2
BRDA:30,2,1,0
BRDA:37,3,0,0
BRDA:37,3,1,0
BRDA:45,4,0,2
BRDA:45,4,1,0
BRDA:47,5,0,0
BRDA:47,5,1,2
BRDA:55,6,0,0
BRDA:55,6,1,0
BRDA:60,7,0,2
BRDA:60,7,1,0
BRDA:62,8,0,2
BRDA:62,8,1,2
BRDA:67,9,0,0
BRDA:67,9,1,0
BRDA:69,10,0,0
BRDA:69,10,1,0
BRDA:74,11,0,0
BRDA:74,11,1,0
BRDA:76,12,0,0
BRDA:76,12,1,0
BRDA:87,13,0,2
BRDA:87,13,1,0
BRDA:89,14,0,2
BRDA:89,14,1,0
BRDA:96,15,0,0
BRDA:96,15,1,0
BRDA:101,16,0,2
BRDA:101,16,1,0
BRDA:103,17,0,2
BRDA:103,17,1,2
BRDA:109,18,0,0
BRDA:109,18,1,0
BRDA:111,19,0,0
BRDA:111,19,1,0
BRDA:117,20,0,0
BRDA:117,20,1,0
BRDA:119,21,0,0
BRDA:119,21,1,0
BRDA:131,22,0,0
BRDA:131,22,1,2
BRDA:134,23,0,0
BRDA:134,23,1,2
BRDA:137,24,0,2
BRDA:137,24,1,0
BRF:50
BRH:17
end_of_record
TN:
SF:src\app\user\utente\utente.component.ts
FN:24,(anonymous_0)
FN:26,(anonymous_1)
FN:33,(anonymous_2)
FN:36,(anonymous_3)
FN:42,(anonymous_4)
FN:47,(anonymous_6)
FN:48,(anonymous_7)
FN:59,(anonymous_8)
FN:61,(anonymous_9)
FN:64,(anonymous_10)
FN:71,(anonymous_11)
FN:78,(anonymous_12)
FN:85,(anonymous_13)
FN:91,(anonymous_14)
FN:101,(anonymous_15)
FN:104,(anonymous_17)
FN:119,(anonymous_18)
FN:123,(anonymous_19)
FNF:18
FNH:15
FNDA:28,(anonymous_0)
FNDA:320,(anonymous_1)
FNDA:28,(anonymous_2)
FNDA:20,(anonymous_3)
FNDA:31,(anonymous_4)
FNDA:31,(anonymous_6)
FNDA:0,(anonymous_7)
FNDA:31,(anonymous_8)
FNDA:31,(anonymous_9)
FNDA:1,(anonymous_10)
FNDA:2,(anonymous_11)
FNDA:1,(anonymous_12)
FNDA:0,(anonymous_13)
FNDA:2,(anonymous_14)
FNDA:8,(anonymous_15)
FNDA:0,(anonymous_17)
FNDA:2,(anonymous_18)
FNDA:2,(anonymous_19)
DA:15,72
DA:16,72
DA:18,28
DA:19,28
DA:20,28
DA:22,28
DA:24,28
DA:25,28
DA:26,28
DA:27,320
DA:28,31
DA:37,20
DA:38,20
DA:43,31
DA:44,31
DA:45,31
DA:46,31
DA:47,31
DA:49,0
DA:50,0
DA:51,0
DA:52,0
DA:54,0
DA:56,31
DA:60,31
DA:61,31
DA:65,1
DA:66,1
DA:67,1
DA:72,2
DA:73,2
DA:74,2
DA:79,1
DA:80,1
DA:81,1
DA:86,0
DA:87,0
DA:92,2
DA:93,2
DA:94,2
DA:95,2
DA:96,2
DA:97,2
DA:102,8
DA:103,8
DA:105,0
DA:106,0
DA:107,0
DA:108,0
DA:110,0
DA:112,8
DA:113,8
DA:115,8
DA:120,2
DA:124,2
LF:55
LH:43
BRDA:27,0,0,31
BRDA:27,0,1,289
BRDA:37,1,0,20
BRDA:37,1,1,0
BRDA:51,2,0,0
BRDA:51,2,1,0
BRDA:65,3,0,1
BRDA:65,3,1,0
BRDA:72,4,0,2
BRDA:72,4,1,0
BRDA:79,5,0,1
BRDA:79,5,1,0
BRDA:92,6,0,2
BRDA:92,6,1,0
BRDA:102,7,0,8
BRDA:102,7,1,0
BRDA:107,8,0,0
BRDA:107,8,1,0
BRDA:112,9,0,8
BRDA:112,9,1,0
BRF:20
BRH:9
end_of_record
TN:
SF:src\app\user\utente-form\utente-form.component.ts
FN:27,(anonymous_0)
FN:30,(anonymous_1)
FN:36,(anonymous_2)
FN:40,(anonymous_4)
FN:40,(anonymous_5)
FN:57,(anonymous_6)
FN:67,(anonymous_7)
FN:71,(anonymous_8)
FN:76,(anonymous_9)
FNF:9
FNH:8
FNDA:14,(anonymous_0)
FNDA:14,(anonymous_1)
FNDA:10,(anonymous_2)
FNDA:10,(anonymous_4)
FNDA:10,(anonymous_5)
FNDA:0,(anonymous_6)
FNDA:9,(anonymous_7)
FNDA:9660,(anonymous_8)
FNDA:27370,(anonymous_9)
DA:16,72
DA:17,14
DA:18,14
DA:27,14
DA:31,14
DA:32,2
DA:37,10
DA:38,10
DA:39,10
DA:40,10
DA:41,10
DA:42,2
DA:43,2
DA:44,2
DA:45,2
DA:47,2
DA:48,2
DA:49,2
DA:51,10
DA:52,9
DA:53,9
DA:54,9
DA:58,0
DA:59,0
DA:60,0
DA:61,0
DA:63,0
DA:65,10
DA:68,9
DA:72,9660
DA:73,9660
DA:77,27370
DA:78,27370
LF:33
LH:28
BRDA:31,0,0,2
BRDA:31,0,1,12
BRDA:51,1,0,9
BRDA:51,1,1,1
BRDA:60,2,0,0
BRDA:60,2,1,0
BRDA:73,3,0,9660
BRDA:73,3,1,2776
BRDA:78,4,0,27370
BRDA:78,4,1,20494
BRF:10
BRH:8
end_of_record
TN:
SF:src\app\user\utente-list\utente-list.component.ts
FN:15,(anonymous_0)
FN:17,(anonymous_1)
FN:19,(anonymous_3)
FN:19,(anonymous_4)
FN:20,(anonymous_5)
FN:34,(anonymous_6)
FN:37,(anonymous_8)
FN:45,(anonymous_9)
FNF:8
FNH:6
FNDA:2,(anonymous_0)
FNDA:2,(anonymous_1)
FNDA:2,(anonymous_3)
FNDA:6,(anonymous_4)
FNDA:0,(anonymous_5)
FNDA:2,(anonymous_6)
FNDA:0,(anonymous_8)
FNDA:6,(anonymous_9)
DA:13,72
DA:14,2
DA:15,2
DA:18,2
DA:19,6
DA:21,0
DA:22,0
DA:23,0
DA:24,0
DA:26,0
DA:30,0
DA:35,2
DA:36,2
DA:38,0
DA:39,0
DA:40,0
DA:41,0
DA:43,0
DA:45,2
DA:46,6
DA:47,2
DA:52,0
LF:22
LH:10
BRDA:18,0,0,2
BRDA:18,0,1,0
BRDA:23,1,0,0
BRDA:23,1,1,0
BRDA:35,2,0,2
BRDA:35,2,1,0
BRDA:40,3,0,0
BRDA:40,3,1,0
BRDA:46,4,0,2
BRDA:46,4,1,4
BRF:10
BRH:4
end_of_record
TN:
SF:src\app\user\utente-update\utente-update.component.ts
FN:28,(anonymous_0)
FN:31,(anonymous_1)
FN:42,(anonymous_2)
FN:47,(anonymous_4)
FN:47,(anonymous_5)
FN:64,(anonymous_6)
FN:77,(anonymous_7)
FN:82,(anonymous_8)
FN:87,(anonymous_9)
FNF:9
FNH:7
FNDA:2,(anonymous_0)
FNDA:2,(anonymous_1)
FNDA:2,(anonymous_2)
FNDA:2,(anonymous_4)
FNDA:2,(anonymous_5)
FNDA:0,(anonymous_6)
FNDA:500,(anonymous_7)
FNDA:1000,(anonymous_8)
FNDA:0,(anonymous_9)
DA:15,72
DA:16,72
DA:17,72
DA:18,2
DA:19,2
DA:28,2
DA:32,2
DA:33,2
DA:34,2
DA:35,2
DA:36,2
DA:37,2
DA:39,0
DA:43,2
DA:44,2
DA:45,2
DA:46,2
DA:47,2
DA:48,2
DA:49,0
DA:50,0
DA:51,0
DA:52,0
DA:54,0
DA:55,0
DA:56,0
DA:58,2
DA:59,2
DA:60,2
DA:61,2
DA:65,0
DA:66,0
DA:67,0
DA:68,0
DA:70,0
DA:72,2
DA:74,0
DA:78,500
DA:79,500
DA:83,1000
DA:84,1000
DA:88,0
DA:89,0
DA:90,0
DA:91,0
DA:94,0
DA:95,0
LF:47
LH:27
BRDA:32,0,0,2
BRDA:32,0,1,0
BRDA:43,1,0,2
BRDA:43,1,1,0
BRDA:58,2,0,2
BRDA:58,2,1,0
BRDA:67,3,0,0
BRDA:67,3,1,0
BRDA:79,4,0,500
BRDA:79,4,1,44
BRDA:84,5,0,1000
BRDA:84,5,1,288
BRDA:89,6,0,0
BRDA:89,6,1,0
BRF:14
BRH:7
end_of_record
TN:
SF:src\environments\environment.ts
FNF:0
FNH:0
DA:5,72
LF:1
LH:1
BRF:0
BRH:0
end_of_record
